{"C:\\elkindy-backend\\app.js":{"path":"C:\\elkindy-backend\\app.js","statementMap":{"0":{"start":{"line":3,"column":28},"end":{"line":3,"column":57}},"1":{"start":{"line":4,"column":20},"end":{"line":4,"column":51}},"2":{"start":{"line":5,"column":23},"end":{"line":5,"column":55}},"3":{"start":{"line":6,"column":17},"end":{"line":6,"column":39}},"4":{"start":{"line":7,"column":19},"end":{"line":7,"column":47}},"5":{"start":{"line":8,"column":22},"end":{"line":8,"column":46}},"6":{"start":{"line":9,"column":13},"end":{"line":9,"column":28}},"7":{"start":{"line":10,"column":19},"end":{"line":10,"column":43}},"8":{"start":{"line":11,"column":12},"end":{"line":11,"column":37}},"9":{"start":{"line":12,"column":0},"end":{"line":12,"column":27}},"10":{"start":{"line":14,"column":25},"end":{"line":14,"column":42}},"11":{"start":{"line":16,"column":25},"end":{"line":16,"column":82}},"12":{"start":{"line":17,"column":23},"end":{"line":17,"column":78}},"13":{"start":{"line":18,"column":19},"end":{"line":18,"column":55}},"14":{"start":{"line":19,"column":21},"end":{"line":19,"column":66}},"15":{"start":{"line":20,"column":20},"end":{"line":20,"column":66}},"16":{"start":{"line":21,"column":19},"end":{"line":21,"column":49}},"17":{"start":{"line":22,"column":22},"end":{"line":22,"column":72}},"18":{"start":{"line":24,"column":29},"end":{"line":24,"column":61}},"19":{"start":{"line":28,"column":0},"end":{"line":28,"column":10}},"20":{"start":{"line":30,"column":0},"end":{"line":34,"column":3}},"21":{"start":{"line":36,"column":0},"end":{"line":36,"column":27}},"22":{"start":{"line":37,"column":0},"end":{"line":37,"column":16}},"23":{"start":{"line":38,"column":0},"end":{"line":38,"column":16}},"24":{"start":{"line":39,"column":19},"end":{"line":39,"column":49}},"25":{"start":{"line":41,"column":15},"end":{"line":41,"column":32}},"26":{"start":{"line":42,"column":20},"end":{"line":42,"column":63}},"27":{"start":{"line":43,"column":21},"end":{"line":43,"column":66}},"28":{"start":{"line":44,"column":23},"end":{"line":44,"column":75}},"29":{"start":{"line":45,"column":26},"end":{"line":45,"column":81}},"30":{"start":{"line":48,"column":0},"end":{"line":48,"column":24}},"31":{"start":{"line":51,"column":0},"end":{"line":51,"column":16}},"32":{"start":{"line":52,"column":0},"end":{"line":52,"column":23}},"33":{"start":{"line":53,"column":0},"end":{"line":53,"column":10}},"34":{"start":{"line":56,"column":0},"end":{"line":67,"column":3}},"35":{"start":{"line":57,"column":2},"end":{"line":60,"column":4}},"36":{"start":{"line":61,"column":2},"end":{"line":61,"column":50}},"37":{"start":{"line":62,"column":2},"end":{"line":65,"column":4}},"38":{"start":{"line":66,"column":2},"end":{"line":66,"column":9}},"39":{"start":{"line":69,"column":0},"end":{"line":76,"column":2}},"40":{"start":{"line":78,"column":0},"end":{"line":78,"column":46}},"41":{"start":{"line":79,"column":0},"end":{"line":79,"column":42}},"42":{"start":{"line":80,"column":0},"end":{"line":80,"column":34}},"43":{"start":{"line":81,"column":0},"end":{"line":81,"column":33}},"44":{"start":{"line":82,"column":0},"end":{"line":82,"column":36}},"45":{"start":{"line":83,"column":0},"end":{"line":83,"column":41}},"46":{"start":{"line":84,"column":0},"end":{"line":84,"column":38}},"47":{"start":{"line":85,"column":0},"end":{"line":85,"column":38}},"48":{"start":{"line":86,"column":0},"end":{"line":86,"column":48}},"49":{"start":{"line":87,"column":0},"end":{"line":87,"column":36}},"50":{"start":{"line":88,"column":0},"end":{"line":88,"column":33}},"51":{"start":{"line":89,"column":0},"end":{"line":89,"column":37}},"52":{"start":{"line":90,"column":0},"end":{"line":90,"column":27}},"53":{"start":{"line":93,"column":0},"end":{"line":93,"column":38}},"54":{"start":{"line":100,"column":20},"end":{"line":107,"column":1}},"55":{"start":{"line":101,"column":2},"end":{"line":106,"column":5}},"56":{"start":{"line":102,"column":4},"end":{"line":105,"column":7}},"57":{"start":{"line":103,"column":6},"end":{"line":103,"column":52}},"58":{"start":{"line":104,"column":6},"end":{"line":104,"column":16}},"59":{"start":{"line":110,"column":19},"end":{"line":114,"column":1}},"60":{"start":{"line":111,"column":2},"end":{"line":113,"column":5}},"61":{"start":{"line":112,"column":4},"end":{"line":112,"column":26}},"62":{"start":{"line":117,"column":0},"end":{"line":117,"column":54}}},"fnMap":{"0":{"name":"(anonymous_0)","decl":{"start":{"line":56,"column":8},"end":{"line":56,"column":9}},"loc":{"start":{"line":56,"column":34},"end":{"line":67,"column":1}},"line":56},"1":{"name":"(anonymous_1)","decl":{"start":{"line":100,"column":20},"end":{"line":100,"column":21}},"loc":{"start":{"line":100,"column":26},"end":{"line":107,"column":1}},"line":100},"2":{"name":"(anonymous_2)","decl":{"start":{"line":101,"column":21},"end":{"line":101,"column":22}},"loc":{"start":{"line":101,"column":34},"end":{"line":106,"column":3}},"line":101},"3":{"name":"(anonymous_3)","decl":{"start":{"line":102,"column":24},"end":{"line":102,"column":25}},"loc":{"start":{"line":102,"column":30},"end":{"line":105,"column":5}},"line":102},"4":{"name":"(anonymous_4)","decl":{"start":{"line":110,"column":19},"end":{"line":110,"column":20}},"loc":{"start":{"line":110,"column":25},"end":{"line":114,"column":1}},"line":110},"5":{"name":"(anonymous_5)","decl":{"start":{"line":111,"column":21},"end":{"line":111,"column":22}},"loc":{"start":{"line":111,"column":34},"end":{"line":113,"column":3}},"line":111}},"branchMap":{},"s":{"0":0,"1":0,"2":0,"3":0,"4":0,"5":0,"6":0,"7":0,"8":0,"9":0,"10":0,"11":0,"12":0,"13":0,"14":0,"15":0,"16":0,"17":0,"18":0,"19":0,"20":0,"21":0,"22":0,"23":0,"24":0,"25":0,"26":0,"27":0,"28":0,"29":0,"30":0,"31":0,"32":0,"33":0,"34":0,"35":0,"36":0,"37":0,"38":0,"39":0,"40":0,"41":0,"42":0,"43":0,"44":0,"45":0,"46":0,"47":0,"48":0,"49":0,"50":0,"51":0,"52":0,"53":0,"54":0,"55":0,"56":0,"57":0,"58":0,"59":0,"60":0,"61":0,"62":0},"f":{"0":0,"1":0,"2":0,"3":0,"4":0,"5":0},"b":{},"all":true},"C:\\elkindy-backend\\cloudinaryConfig.js":{"path":"C:\\elkindy-backend\\cloudinaryConfig.js","statementMap":{"0":{"start":{"line":1,"column":19},"end":{"line":1,"column":43}},"1":{"start":{"line":2,"column":0},"end":{"line":2,"column":27}},"2":{"start":{"line":4,"column":0},"end":{"line":8,"column":3}},"3":{"start":{"line":10,"column":0},"end":{"line":10,"column":28}}},"fnMap":{},"branchMap":{},"s":{"0":0,"1":0,"2":0,"3":0},"f":{},"b":{},"all":true},"C:\\elkindy-backend\\config\\generateToken.js":{"path":"C:\\elkindy-backend\\config\\generateToken.js","statementMap":{"0":{"start":{"line":1,"column":12},"end":{"line":1,"column":35}},"1":{"start":{"line":3,"column":23},"end":{"line":9,"column":1}},"2":{"start":{"line":4,"column":4},"end":{"line":8,"column":5}},"3":{"start":{"line":5,"column":8},"end":{"line":5,"column":40}},"4":{"start":{"line":7,"column":7},"end":{"line":7,"column":75}},"5":{"start":{"line":11,"column":0},"end":{"line":11,"column":30}}},"fnMap":{"0":{"name":"(anonymous_0)","decl":{"start":{"line":3,"column":23},"end":{"line":3,"column":24}},"loc":{"start":{"line":3,"column":31},"end":{"line":9,"column":1}},"line":3}},"branchMap":{"0":{"loc":{"start":{"line":4,"column":4},"end":{"line":8,"column":5}},"type":"if","locations":[{"start":{"line":4,"column":4},"end":{"line":8,"column":5}},{"start":{"line":6,"column":10},"end":{"line":8,"column":5}}],"line":4}},"s":{"0":0,"1":0,"2":0,"3":0,"4":0,"5":0},"f":{"0":0},"b":{"0":[0,0]},"all":true},"C:\\elkindy-backend\\config\\logger.js":{"path":"C:\\elkindy-backend\\config\\logger.js","statementMap":{"0":{"start":{"line":1,"column":16},"end":{"line":1,"column":34}},"1":{"start":{"line":3,"column":15},"end":{"line":10,"column":2}},"2":{"start":{"line":12,"column":0},"end":{"line":18,"column":1}},"3":{"start":{"line":13,"column":2},"end":{"line":17,"column":4}},"4":{"start":{"line":20,"column":0},"end":{"line":24,"column":2}},"5":{"start":{"line":22,"column":4},"end":{"line":22,"column":32}},"6":{"start":{"line":26,"column":0},"end":{"line":26,"column":24}}},"fnMap":{"0":{"name":"(anonymous_0)","decl":{"start":{"line":21,"column":9},"end":{"line":21,"column":10}},"loc":{"start":{"line":21,"column":22},"end":{"line":23,"column":3}},"line":21}},"branchMap":{"0":{"loc":{"start":{"line":12,"column":0},"end":{"line":18,"column":1}},"type":"if","locations":[{"start":{"line":12,"column":0},"end":{"line":18,"column":1}},{"start":{},"end":{}}],"line":12}},"s":{"0":0,"1":0,"2":0,"3":0,"4":0,"5":0,"6":0},"f":{"0":0},"b":{"0":[0,0]},"all":true},"C:\\elkindy-backend\\config\\mongoose.js":{"path":"C:\\elkindy-backend\\config\\mongoose.js","statementMap":{"0":{"start":{"line":1,"column":17},"end":{"line":1,"column":36}},"1":{"start":{"line":2,"column":15},"end":{"line":2,"column":42}},"2":{"start":{"line":3,"column":18},"end":{"line":3,"column":43}},"3":{"start":{"line":4,"column":10},"end":{"line":4,"column":32}},"4":{"start":{"line":5,"column":0},"end":{"line":5,"column":34}},"5":{"start":{"line":7,"column":15},"end":{"line":7,"column":79}},"6":{"start":{"line":9,"column":12},"end":{"line":12,"column":1}},"7":{"start":{"line":13,"column":16},"end":{"line":19,"column":1}},"8":{"start":{"line":14,"column":2},"end":{"line":17,"column":5}},"9":{"start":{"line":18,"column":2},"end":{"line":18,"column":29}},"10":{"start":{"line":21,"column":0},"end":{"line":23,"column":3}},"11":{"start":{"line":22,"column":2},"end":{"line":22,"column":49}},"12":{"start":{"line":25,"column":0},"end":{"line":27,"column":3}},"13":{"start":{"line":26,"column":2},"end":{"line":26,"column":51}},"14":{"start":{"line":29,"column":0},"end":{"line":29,"column":29}}},"fnMap":{"0":{"name":"(anonymous_0)","decl":{"start":{"line":13,"column":16},"end":{"line":13,"column":17}},"loc":{"start":{"line":13,"column":22},"end":{"line":19,"column":1}},"line":13},"1":{"name":"(anonymous_1)","decl":{"start":{"line":21,"column":36},"end":{"line":21,"column":37}},"loc":{"start":{"line":21,"column":42},"end":{"line":23,"column":1}},"line":21},"2":{"name":"(anonymous_2)","decl":{"start":{"line":25,"column":32},"end":{"line":25,"column":33}},"loc":{"start":{"line":25,"column":41},"end":{"line":27,"column":1}},"line":25}},"branchMap":{"0":{"loc":{"start":{"line":7,"column":15},"end":{"line":7,"column":79}},"type":"cond-expr","locations":[{"start":{"line":7,"column":49},"end":{"line":7,"column":65}},{"start":{"line":7,"column":68},"end":{"line":7,"column":79}}],"line":7}},"s":{"0":0,"1":0,"2":0,"3":0,"4":0,"5":0,"6":0,"7":0,"8":0,"9":0,"10":0,"11":0,"12":0,"13":0,"14":0},"f":{"0":0,"1":0,"2":0},"b":{"0":[0,0]},"all":true},"C:\\elkindy-backend\\config\\multerConfig.js.js":{"path":"C:\\elkindy-backend\\config\\multerConfig.js.js","statementMap":{"0":{"start":{"line":1,"column":15},"end":{"line":1,"column":32}},"1":{"start":{"line":2,"column":13},"end":{"line":2,"column":28}},"2":{"start":{"line":4,"column":16},"end":{"line":9,"column":2}},"3":{"start":{"line":7,"column":7},"end":{"line":7,"column":85}},"4":{"start":{"line":11,"column":15},"end":{"line":14,"column":18}},"5":{"start":{"line":16,"column":0},"end":{"line":16,"column":24}}},"fnMap":{"0":{"name":"(anonymous_0)","decl":{"start":{"line":6,"column":14},"end":{"line":6,"column":15}},"loc":{"start":{"line":6,"column":37},"end":{"line":8,"column":5}},"line":6}},"branchMap":{},"s":{"0":0,"1":0,"2":0,"3":0,"4":0,"5":0},"f":{"0":0},"b":{},"all":true},"C:\\elkindy-backend\\config\\refreshToken.js":{"path":"C:\\elkindy-backend\\config\\refreshToken.js","statementMap":{"0":{"start":{"line":1,"column":12},"end":{"line":1,"column":35}},"1":{"start":{"line":3,"column":30},"end":{"line":9,"column":1}},"2":{"start":{"line":4,"column":4},"end":{"line":8,"column":5}},"3":{"start":{"line":5,"column":8},"end":{"line":5,"column":48}},"4":{"start":{"line":7,"column":7},"end":{"line":7,"column":74}},"5":{"start":{"line":11,"column":0},"end":{"line":11,"column":37}}},"fnMap":{"0":{"name":"(anonymous_0)","decl":{"start":{"line":3,"column":30},"end":{"line":3,"column":31}},"loc":{"start":{"line":3,"column":38},"end":{"line":9,"column":1}},"line":3}},"branchMap":{"0":{"loc":{"start":{"line":4,"column":4},"end":{"line":8,"column":5}},"type":"if","locations":[{"start":{"line":4,"column":4},"end":{"line":8,"column":5}},{"start":{"line":6,"column":10},"end":{"line":8,"column":5}}],"line":4}},"s":{"0":0,"1":0,"2":0,"3":0,"4":0,"5":0},"f":{"0":0},"b":{"0":[0,0]},"all":true},"C:\\elkindy-backend\\config\\vars.js":{"path":"C:\\elkindy-backend\\config\\vars.js","statementMap":{"0":{"start":{"line":1,"column":13},"end":{"line":1,"column":28}},"1":{"start":{"line":2,"column":0},"end":{"line":4,"column":3}},"2":{"start":{"line":6,"column":0},"end":{"line":16,"column":2}}},"fnMap":{},"branchMap":{},"s":{"0":0,"1":0,"2":0},"f":{},"b":{},"all":true},"C:\\elkindy-backend\\controllers\\Auth\\authController.js":{"path":"C:\\elkindy-backend\\controllers\\Auth\\authController.js","statementMap":{"0":{"start":{"line":1,"column":15},"end":{"line":1,"column":32}},"1":{"start":{"line":2,"column":12},"end":{"line":2,"column":35}},"2":{"start":{"line":3,"column":22},"end":{"line":3,"column":62}},"3":{"start":{"line":4,"column":29},"end":{"line":4,"column":68}},"4":{"start":{"line":5,"column":30},"end":{"line":5,"column":70}},"5":{"start":{"line":9,"column":4},"end":{"line":9,"column":49}},"6":{"start":{"line":10,"column":21},"end":{"line":10,"column":62}},"7":{"start":{"line":11,"column":13},"end":{"line":11,"column":41}},"8":{"start":{"line":12,"column":25},"end":{"line":12,"column":55}},"9":{"start":{"line":13,"column":15},"end":{"line":13,"column":61}},"10":{"start":{"line":15,"column":14},"end":{"line":60,"column":4}},"11":{"start":{"line":16,"column":32},"end":{"line":16,"column":40}},"12":{"start":{"line":17,"column":21},"end":{"line":17,"column":50}},"13":{"start":{"line":18,"column":4},"end":{"line":59,"column":5}},"14":{"start":{"line":19,"column":6},"end":{"line":52,"column":7}},"15":{"start":{"line":20,"column":23},"end":{"line":20,"column":31}},"16":{"start":{"line":21,"column":29},"end":{"line":21,"column":59}},"17":{"start":{"line":22,"column":8},"end":{"line":30,"column":10}},"18":{"start":{"line":31,"column":8},"end":{"line":34,"column":11}},"19":{"start":{"line":36,"column":66},"end":{"line":36,"column":74}},"20":{"start":{"line":37,"column":8},"end":{"line":49,"column":11}},"21":{"start":{"line":51,"column":8},"end":{"line":51,"column":47}},"22":{"start":{"line":54,"column":6},"end":{"line":58,"column":9}},"23":{"start":{"line":63,"column":19},"end":{"line":63,"column":27}},"24":{"start":{"line":64,"column":4},"end":{"line":64,"column":51}},"25":{"start":{"line":65,"column":4},"end":{"line":110,"column":5}},"26":{"start":{"line":67,"column":23},"end":{"line":70,"column":10}},"27":{"start":{"line":72,"column":34},"end":{"line":72,"column":53}},"28":{"start":{"line":75,"column":21},"end":{"line":75,"column":50}},"29":{"start":{"line":76,"column":8},"end":{"line":85,"column":9}},"30":{"start":{"line":77,"column":12},"end":{"line":77,"column":71}},"31":{"start":{"line":81,"column":10},"end":{"line":84,"column":11}},"32":{"start":{"line":82,"column":14},"end":{"line":82,"column":35}},"33":{"start":{"line":83,"column":14},"end":{"line":83,"column":32}},"34":{"start":{"line":89,"column":59},"end":{"line":89,"column":63}},"35":{"start":{"line":91,"column":8},"end":{"line":103,"column":11}},"36":{"start":{"line":105,"column":8},"end":{"line":105,"column":59}},"37":{"start":{"line":106,"column":8},"end":{"line":109,"column":11}},"38":{"start":{"line":113,"column":11},"end":{"line":128,"column":4}},"39":{"start":{"line":114,"column":19},"end":{"line":114,"column":35}},"40":{"start":{"line":115,"column":17},"end":{"line":115,"column":43}},"41":{"start":{"line":116,"column":4},"end":{"line":127,"column":5}},"42":{"start":{"line":117,"column":6},"end":{"line":117,"column":40}},"43":{"start":{"line":119,"column":6},"end":{"line":121,"column":9}},"44":{"start":{"line":122,"column":6},"end":{"line":125,"column":9}},"45":{"start":{"line":126,"column":6},"end":{"line":126,"column":46}},"46":{"start":{"line":130,"column":20},"end":{"line":161,"column":4}},"47":{"start":{"line":132,"column":23},"end":{"line":132,"column":48}},"48":{"start":{"line":133,"column":4},"end":{"line":135,"column":5}},"49":{"start":{"line":134,"column":6},"end":{"line":134,"column":63}},"50":{"start":{"line":137,"column":18},"end":{"line":137,"column":42}},"51":{"start":{"line":140,"column":4},"end":{"line":160,"column":5}},"52":{"start":{"line":141,"column":22},"end":{"line":141,"column":62}},"53":{"start":{"line":144,"column":19},"end":{"line":146,"column":7}},"54":{"start":{"line":148,"column":6},"end":{"line":150,"column":7}},"55":{"start":{"line":149,"column":8},"end":{"line":149,"column":42}},"56":{"start":{"line":153,"column":6},"end":{"line":156,"column":9}},"57":{"start":{"line":159,"column":6},"end":{"line":159,"column":76}},"58":{"start":{"line":163,"column":23},"end":{"line":185,"column":3}},"59":{"start":{"line":164,"column":18},"end":{"line":164,"column":58}},"60":{"start":{"line":166,"column":4},"end":{"line":170,"column":5}},"61":{"start":{"line":167,"column":6},"end":{"line":169,"column":64}},"62":{"start":{"line":172,"column":4},"end":{"line":184,"column":5}},"63":{"start":{"line":173,"column":22},"end":{"line":173,"column":62}},"64":{"start":{"line":174,"column":19},"end":{"line":174,"column":50}},"65":{"start":{"line":176,"column":6},"end":{"line":178,"column":7}},"66":{"start":{"line":177,"column":8},"end":{"line":177,"column":68}},"67":{"start":{"line":181,"column":6},"end":{"line":181,"column":48}},"68":{"start":{"line":183,"column":6},"end":{"line":183,"column":58}},"69":{"start":{"line":187,"column":21},"end":{"line":200,"column":3}},"70":{"start":{"line":188,"column":22},"end":{"line":188,"column":32}},"71":{"start":{"line":189,"column":4},"end":{"line":199,"column":5}},"72":{"start":{"line":190,"column":19},"end":{"line":190,"column":48}},"73":{"start":{"line":191,"column":6},"end":{"line":195,"column":7}},"74":{"start":{"line":192,"column":8},"end":{"line":192,"column":47}},"75":{"start":{"line":194,"column":8},"end":{"line":194,"column":48}},"76":{"start":{"line":197,"column":6},"end":{"line":197,"column":62}},"77":{"start":{"line":198,"column":6},"end":{"line":198,"column":63}},"78":{"start":{"line":203,"column":27},"end":{"line":216,"column":3}},"79":{"start":{"line":204,"column":28},"end":{"line":204,"column":38}},"80":{"start":{"line":205,"column":4},"end":{"line":215,"column":5}},"81":{"start":{"line":206,"column":19},"end":{"line":206,"column":54}},"82":{"start":{"line":207,"column":6},"end":{"line":211,"column":7}},"83":{"start":{"line":208,"column":8},"end":{"line":208,"column":47}},"84":{"start":{"line":210,"column":8},"end":{"line":210,"column":48}},"85":{"start":{"line":213,"column":6},"end":{"line":213,"column":69}},"86":{"start":{"line":214,"column":6},"end":{"line":214,"column":63}},"87":{"start":{"line":218,"column":23},"end":{"line":231,"column":4}},"88":{"start":{"line":219,"column":29},"end":{"line":219,"column":40}},"89":{"start":{"line":220,"column":4},"end":{"line":220,"column":76}},"90":{"start":{"line":220,"column":23},"end":{"line":220,"column":76}},"91":{"start":{"line":221,"column":17},"end":{"line":221,"column":53}},"92":{"start":{"line":222,"column":4},"end":{"line":222,"column":73}},"93":{"start":{"line":222,"column":15},"end":{"line":222,"column":73}},"94":{"start":{"line":223,"column":4},"end":{"line":230,"column":7}},"95":{"start":{"line":224,"column":6},"end":{"line":229,"column":7}},"96":{"start":{"line":225,"column":8},"end":{"line":225,"column":75}},"97":{"start":{"line":227,"column":28},"end":{"line":227,"column":53}},"98":{"start":{"line":228,"column":8},"end":{"line":228,"column":34}},"99":{"start":{"line":256,"column":0},"end":{"line":256,"column":38}}},"fnMap":{"0":{"name":"(anonymous_0)","decl":{"start":{"line":15,"column":27},"end":{"line":15,"column":28}},"loc":{"start":{"line":15,"column":47},"end":{"line":60,"column":3}},"line":15},"1":{"name":"(anonymous_1)","decl":{"start":{"line":62,"column":2},"end":{"line":62,"column":3}},"loc":{"start":{"line":62,"column":31},"end":{"line":111,"column":1}},"line":62},"2":{"name":"(anonymous_2)","decl":{"start":{"line":113,"column":24},"end":{"line":113,"column":25}},"loc":{"start":{"line":113,"column":44},"end":{"line":128,"column":3}},"line":113},"3":{"name":"(anonymous_3)","decl":{"start":{"line":130,"column":33},"end":{"line":130,"column":34}},"loc":{"start":{"line":130,"column":53},"end":{"line":161,"column":3}},"line":130},"4":{"name":"(anonymous_4)","decl":{"start":{"line":163,"column":23},"end":{"line":163,"column":24}},"loc":{"start":{"line":163,"column":43},"end":{"line":185,"column":3}},"line":163},"5":{"name":"(anonymous_5)","decl":{"start":{"line":187,"column":21},"end":{"line":187,"column":22}},"loc":{"start":{"line":187,"column":41},"end":{"line":200,"column":3}},"line":187},"6":{"name":"(anonymous_6)","decl":{"start":{"line":203,"column":27},"end":{"line":203,"column":28}},"loc":{"start":{"line":203,"column":47},"end":{"line":216,"column":3}},"line":203},"7":{"name":"(anonymous_7)","decl":{"start":{"line":218,"column":36},"end":{"line":218,"column":37}},"loc":{"start":{"line":218,"column":56},"end":{"line":231,"column":3}},"line":218},"8":{"name":"(anonymous_8)","decl":{"start":{"line":223,"column":52},"end":{"line":223,"column":53}},"loc":{"start":{"line":223,"column":70},"end":{"line":230,"column":5}},"line":223}},"branchMap":{"0":{"loc":{"start":{"line":19,"column":6},"end":{"line":52,"column":7}},"type":"if","locations":[{"start":{"line":19,"column":6},"end":{"line":52,"column":7}},{"start":{"line":50,"column":13},"end":{"line":52,"column":7}}],"line":19},"1":{"loc":{"start":{"line":19,"column":10},"end":{"line":19,"column":66}},"type":"binary-expr","locations":[{"start":{"line":19,"column":10},"end":{"line":19,"column":18}},{"start":{"line":19,"column":23},"end":{"line":19,"column":65}}],"line":19},"2":{"loc":{"start":{"line":76,"column":8},"end":{"line":85,"column":9}},"type":"if","locations":[{"start":{"line":76,"column":8},"end":{"line":85,"column":9}},{"start":{"line":79,"column":13},"end":{"line":85,"column":9}}],"line":76},"3":{"loc":{"start":{"line":81,"column":10},"end":{"line":84,"column":11}},"type":"if","locations":[{"start":{"line":81,"column":10},"end":{"line":84,"column":11}},{"start":{},"end":{}}],"line":81},"4":{"loc":{"start":{"line":116,"column":4},"end":{"line":127,"column":5}},"type":"if","locations":[{"start":{"line":116,"column":4},"end":{"line":127,"column":5}},{"start":{"line":118,"column":11},"end":{"line":127,"column":5}}],"line":116},"5":{"loc":{"start":{"line":133,"column":4},"end":{"line":135,"column":5}},"type":"if","locations":[{"start":{"line":133,"column":4},"end":{"line":135,"column":5}},{"start":{},"end":{}}],"line":133},"6":{"loc":{"start":{"line":133,"column":8},"end":{"line":133,"column":56}},"type":"binary-expr","locations":[{"start":{"line":133,"column":8},"end":{"line":133,"column":19}},{"start":{"line":133,"column":23},"end":{"line":133,"column":56}}],"line":133},"7":{"loc":{"start":{"line":148,"column":6},"end":{"line":150,"column":7}},"type":"if","locations":[{"start":{"line":148,"column":6},"end":{"line":150,"column":7}},{"start":{},"end":{}}],"line":148},"8":{"loc":{"start":{"line":166,"column":4},"end":{"line":170,"column":5}},"type":"if","locations":[{"start":{"line":166,"column":4},"end":{"line":170,"column":5}},{"start":{},"end":{}}],"line":166},"9":{"loc":{"start":{"line":176,"column":6},"end":{"line":178,"column":7}},"type":"if","locations":[{"start":{"line":176,"column":6},"end":{"line":178,"column":7}},{"start":{},"end":{}}],"line":176},"10":{"loc":{"start":{"line":191,"column":6},"end":{"line":195,"column":7}},"type":"if","locations":[{"start":{"line":191,"column":6},"end":{"line":195,"column":7}},{"start":{"line":193,"column":13},"end":{"line":195,"column":7}}],"line":191},"11":{"loc":{"start":{"line":207,"column":6},"end":{"line":211,"column":7}},"type":"if","locations":[{"start":{"line":207,"column":6},"end":{"line":211,"column":7}},{"start":{"line":209,"column":13},"end":{"line":211,"column":7}}],"line":207},"12":{"loc":{"start":{"line":220,"column":4},"end":{"line":220,"column":76}},"type":"if","locations":[{"start":{"line":220,"column":4},"end":{"line":220,"column":76}},{"start":{},"end":{}}],"line":220},"13":{"loc":{"start":{"line":222,"column":4},"end":{"line":222,"column":73}},"type":"if","locations":[{"start":{"line":222,"column":4},"end":{"line":222,"column":73}},{"start":{},"end":{}}],"line":222},"14":{"loc":{"start":{"line":224,"column":6},"end":{"line":229,"column":7}},"type":"if","locations":[{"start":{"line":224,"column":6},"end":{"line":229,"column":7}},{"start":{"line":226,"column":13},"end":{"line":229,"column":7}}],"line":224},"15":{"loc":{"start":{"line":224,"column":10},"end":{"line":224,"column":39}},"type":"binary-expr","locations":[{"start":{"line":224,"column":10},"end":{"line":224,"column":13}},{"start":{"line":224,"column":17},"end":{"line":224,"column":39}}],"line":224}},"s":{"0":0,"1":0,"2":0,"3":0,"4":0,"5":0,"6":0,"7":0,"8":0,"9":0,"10":0,"11":0,"12":0,"13":0,"14":0,"15":0,"16":0,"17":0,"18":0,"19":0,"20":0,"21":0,"22":0,"23":0,"24":0,"25":0,"26":0,"27":0,"28":0,"29":0,"30":0,"31":0,"32":0,"33":0,"34":0,"35":0,"36":0,"37":0,"38":0,"39":0,"40":0,"41":0,"42":0,"43":0,"44":0,"45":0,"46":0,"47":0,"48":0,"49":0,"50":0,"51":0,"52":0,"53":0,"54":0,"55":0,"56":0,"57":0,"58":0,"59":0,"60":0,"61":0,"62":0,"63":0,"64":0,"65":0,"66":0,"67":0,"68":0,"69":0,"70":0,"71":0,"72":0,"73":0,"74":0,"75":0,"76":0,"77":0,"78":0,"79":0,"80":0,"81":0,"82":0,"83":0,"84":0,"85":0,"86":0,"87":0,"88":0,"89":0,"90":0,"91":0,"92":0,"93":0,"94":0,"95":0,"96":0,"97":0,"98":0,"99":0},"f":{"0":0,"1":0,"2":0,"3":0,"4":0,"5":0,"6":0,"7":0,"8":0},"b":{"0":[0,0],"1":[0,0],"2":[0,0],"3":[0,0],"4":[0,0],"5":[0,0],"6":[0,0],"7":[0,0],"8":[0,0],"9":[0,0],"10":[0,0],"11":[0,0],"12":[0,0],"13":[0,0],"14":[0,0],"15":[0,0]},"all":true},"C:\\elkindy-backend\\controllers\\Auth\\ForgotPasswordController.js":{"path":"C:\\elkindy-backend\\controllers\\Auth\\ForgotPasswordController.js","statementMap":{"0":{"start":{"line":1,"column":27},"end":{"line":1,"column":48}},"1":{"start":{"line":2,"column":15},"end":{"line":2,"column":32}},"2":{"start":{"line":3,"column":15},"end":{"line":3,"column":32}},"3":{"start":{"line":4,"column":15},"end":{"line":4,"column":32}},"4":{"start":{"line":5,"column":0},"end":{"line":5,"column":15}},"5":{"start":{"line":6,"column":18},"end":{"line":6,"column":46}},"6":{"start":{"line":10,"column":23},"end":{"line":66,"column":3}},"7":{"start":{"line":11,"column":22},"end":{"line":11,"column":30}},"8":{"start":{"line":14,"column":17},"end":{"line":14,"column":51}},"9":{"start":{"line":15,"column":4},"end":{"line":17,"column":5}},"10":{"start":{"line":16,"column":6},"end":{"line":16,"column":65}},"11":{"start":{"line":20,"column":23},"end":{"line":20,"column":61}},"12":{"start":{"line":21,"column":4},"end":{"line":21,"column":33}},"13":{"start":{"line":22,"column":4},"end":{"line":22,"column":22}},"14":{"start":{"line":25,"column":21},"end":{"line":25,"column":84}},"15":{"start":{"line":26,"column":22},"end":{"line":38,"column":6}},"16":{"start":{"line":40,"column":22},"end":{"line":55,"column":5}},"17":{"start":{"line":57,"column":4},"end":{"line":63,"column":7}},"18":{"start":{"line":58,"column":8},"end":{"line":62,"column":9}},"19":{"start":{"line":59,"column":12},"end":{"line":59,"column":31}},"20":{"start":{"line":61,"column":12},"end":{"line":61,"column":56}},"21":{"start":{"line":65,"column":4},"end":{"line":65,"column":101}},"22":{"start":{"line":69,"column":22},"end":{"line":85,"column":3}},"23":{"start":{"line":70,"column":32},"end":{"line":70,"column":40}},"24":{"start":{"line":73,"column":4},"end":{"line":73,"column":39}},"25":{"start":{"line":74,"column":17},"end":{"line":74,"column":62}},"26":{"start":{"line":75,"column":4},"end":{"line":77,"column":5}},"27":{"start":{"line":76,"column":6},"end":{"line":76,"column":64}},"28":{"start":{"line":80,"column":4},"end":{"line":80,"column":29}},"29":{"start":{"line":81,"column":4},"end":{"line":81,"column":27}},"30":{"start":{"line":82,"column":4},"end":{"line":82,"column":22}},"31":{"start":{"line":84,"column":4},"end":{"line":84,"column":67}},"32":{"start":{"line":86,"column":0},"end":{"line":89,"column":2}}},"fnMap":{"0":{"name":"(anonymous_0)","decl":{"start":{"line":10,"column":23},"end":{"line":10,"column":24}},"loc":{"start":{"line":10,"column":43},"end":{"line":66,"column":3}},"line":10},"1":{"name":"(anonymous_1)","decl":{"start":{"line":57,"column":44},"end":{"line":57,"column":45}},"loc":{"start":{"line":57,"column":67},"end":{"line":63,"column":5}},"line":57},"2":{"name":"(anonymous_2)","decl":{"start":{"line":69,"column":22},"end":{"line":69,"column":23}},"loc":{"start":{"line":69,"column":42},"end":{"line":85,"column":3}},"line":69}},"branchMap":{"0":{"loc":{"start":{"line":15,"column":4},"end":{"line":17,"column":5}},"type":"if","locations":[{"start":{"line":15,"column":4},"end":{"line":17,"column":5}},{"start":{},"end":{}}],"line":15},"1":{"loc":{"start":{"line":58,"column":8},"end":{"line":62,"column":9}},"type":"if","locations":[{"start":{"line":58,"column":8},"end":{"line":62,"column":9}},{"start":{"line":60,"column":15},"end":{"line":62,"column":9}}],"line":58},"2":{"loc":{"start":{"line":75,"column":4},"end":{"line":77,"column":5}},"type":"if","locations":[{"start":{"line":75,"column":4},"end":{"line":77,"column":5}},{"start":{},"end":{}}],"line":75}},"s":{"0":0,"1":0,"2":0,"3":0,"4":0,"5":0,"6":0,"7":0,"8":0,"9":0,"10":0,"11":0,"12":0,"13":0,"14":0,"15":0,"16":0,"17":0,"18":0,"19":0,"20":0,"21":0,"22":0,"23":0,"24":0,"25":0,"26":0,"27":0,"28":0,"29":0,"30":0,"31":0,"32":0},"f":{"0":0,"1":0,"2":0},"b":{"0":[0,0],"1":[0,0],"2":[0,0]},"all":true},"C:\\elkindy-backend\\controllers\\Auth\\google.js":{"path":"C:\\elkindy-backend\\controllers\\Auth\\google.js","statementMap":{"0":{"start":{"line":1,"column":13},"end":{"line":1,"column":41}},"1":{"start":{"line":2,"column":12},"end":{"line":2,"column":35}},"2":{"start":{"line":9,"column":0},"end":{"line":9,"column":34}}},"fnMap":{"0":{"name":"(anonymous_0)","decl":{"start":{"line":5,"column":4},"end":{"line":5,"column":5}},"loc":{"start":{"line":5,"column":32},"end":{"line":6,"column":5}},"line":5}},"branchMap":{},"s":{"0":0,"1":0,"2":0},"f":{"0":0},"b":{},"all":true},"C:\\elkindy-backend\\controllers\\Auth\\register.js":{"path":"C:\\elkindy-backend\\controllers\\Auth\\register.js","statementMap":{"0":{"start":{"line":1,"column":13},"end":{"line":1,"column":41}},"1":{"start":{"line":2,"column":16},"end":{"line":2,"column":47}},"2":{"start":{"line":3,"column":12},"end":{"line":3,"column":35}},"3":{"start":{"line":4,"column":30},"end":{"line":4,"column":70}},"4":{"start":{"line":5,"column":22},"end":{"line":5,"column":59}},"5":{"start":{"line":8,"column":8},"end":{"line":69,"column":9}},"6":{"start":{"line":9,"column":154},"end":{"line":9,"column":162}},"7":{"start":{"line":12,"column":31},"end":{"line":12,"column":102}},"8":{"start":{"line":13,"column":12},"end":{"line":15,"column":13}},"9":{"start":{"line":14,"column":16},"end":{"line":14,"column":81}},"10":{"start":{"line":18,"column":28},"end":{"line":32,"column":14}},"11":{"start":{"line":34,"column":12},"end":{"line":36,"column":13}},"12":{"start":{"line":35,"column":16},"end":{"line":35,"column":93}},"13":{"start":{"line":35,"column":59},"end":{"line":35,"column":90}},"14":{"start":{"line":38,"column":12},"end":{"line":38,"column":33}},"15":{"start":{"line":40,"column":12},"end":{"line":54,"column":15}},"16":{"start":{"line":41,"column":86},"end":{"line":41,"column":94}},"17":{"start":{"line":43,"column":35},"end":{"line":51,"column":18}},"18":{"start":{"line":53,"column":16},"end":{"line":53,"column":40}},"19":{"start":{"line":61,"column":24},"end":{"line":61,"column":31}},"20":{"start":{"line":63,"column":14},"end":{"line":64,"column":50}},"21":{"start":{"line":67,"column":12},"end":{"line":67,"column":56}},"22":{"start":{"line":68,"column":12},"end":{"line":68,"column":98}},"23":{"start":{"line":73,"column":8},"end":{"line":124,"column":9}},"24":{"start":{"line":74,"column":145},"end":{"line":74,"column":153}},"25":{"start":{"line":77,"column":31},"end":{"line":77,"column":102}},"26":{"start":{"line":78,"column":12},"end":{"line":80,"column":13}},"27":{"start":{"line":79,"column":16},"end":{"line":79,"column":81}},"28":{"start":{"line":83,"column":28},"end":{"line":96,"column":14}},"29":{"start":{"line":98,"column":12},"end":{"line":98,"column":33}},"30":{"start":{"line":100,"column":12},"end":{"line":114,"column":15}},"31":{"start":{"line":101,"column":86},"end":{"line":101,"column":94}},"32":{"start":{"line":103,"column":35},"end":{"line":111,"column":18}},"33":{"start":{"line":113,"column":16},"end":{"line":113,"column":40}},"34":{"start":{"line":116,"column":13},"end":{"line":119,"column":16}},"35":{"start":{"line":122,"column":12},"end":{"line":122,"column":56}},"36":{"start":{"line":123,"column":12},"end":{"line":123,"column":98}},"37":{"start":{"line":130,"column":0},"end":{"line":130,"column":42}}},"fnMap":{"0":{"name":"(anonymous_0)","decl":{"start":{"line":7,"column":4},"end":{"line":7,"column":5}},"loc":{"start":{"line":7,"column":35},"end":{"line":71,"column":5}},"line":7},"1":{"name":"(anonymous_1)","decl":{"start":{"line":35,"column":46},"end":{"line":35,"column":47}},"loc":{"start":{"line":35,"column":59},"end":{"line":35,"column":90}},"line":35},"2":{"name":"(anonymous_2)","decl":{"start":{"line":72,"column":4},"end":{"line":72,"column":5}},"loc":{"start":{"line":72,"column":29},"end":{"line":126,"column":5}},"line":72}},"branchMap":{"0":{"loc":{"start":{"line":13,"column":12},"end":{"line":15,"column":13}},"type":"if","locations":[{"start":{"line":13,"column":12},"end":{"line":15,"column":13}},{"start":{},"end":{}}],"line":13},"1":{"loc":{"start":{"line":34,"column":12},"end":{"line":36,"column":13}},"type":"if","locations":[{"start":{"line":34,"column":12},"end":{"line":36,"column":13}},{"start":{},"end":{}}],"line":34},"2":{"loc":{"start":{"line":34,"column":16},"end":{"line":34,"column":75}},"type":"binary-expr","locations":[{"start":{"line":34,"column":16},"end":{"line":34,"column":31}},{"start":{"line":34,"column":35},"end":{"line":34,"column":57}},{"start":{"line":34,"column":61},"end":{"line":34,"column":75}}],"line":34},"3":{"loc":{"start":{"line":40,"column":12},"end":{"line":54,"column":15}},"type":"if","locations":[{"start":{"line":40,"column":12},"end":{"line":54,"column":15}},{"start":{},"end":{}}],"line":40},"4":{"loc":{"start":{"line":78,"column":12},"end":{"line":80,"column":13}},"type":"if","locations":[{"start":{"line":78,"column":12},"end":{"line":80,"column":13}},{"start":{},"end":{}}],"line":78},"5":{"loc":{"start":{"line":100,"column":12},"end":{"line":114,"column":15}},"type":"if","locations":[{"start":{"line":100,"column":12},"end":{"line":114,"column":15}},{"start":{},"end":{}}],"line":100}},"s":{"0":0,"1":0,"2":0,"3":0,"4":0,"5":0,"6":0,"7":0,"8":0,"9":0,"10":0,"11":0,"12":0,"13":0,"14":0,"15":0,"16":0,"17":0,"18":0,"19":0,"20":0,"21":0,"22":0,"23":0,"24":0,"25":0,"26":0,"27":0,"28":0,"29":0,"30":0,"31":0,"32":0,"33":0,"34":0,"35":0,"36":0,"37":0},"f":{"0":0,"1":0,"2":0},"b":{"0":[0,0],"1":[0,0],"2":[0,0,0],"3":[0,0],"4":[0,0],"5":[0,0]},"all":true},"C:\\elkindy-backend\\controllers\\classController\\classController.js":{"path":"C:\\elkindy-backend\\controllers\\classController\\classController.js","statementMap":{"0":{"start":{"line":1,"column":14},"end":{"line":1,"column":43}},"1":{"start":{"line":3,"column":15},"end":{"line":3,"column":45}},"2":{"start":{"line":4,"column":16},"end":{"line":4,"column":47}},"3":{"start":{"line":5,"column":13},"end":{"line":5,"column":41}},"4":{"start":{"line":61,"column":0},"end":{"line":69,"column":2}},"5":{"start":{"line":62,"column":4},"end":{"line":68,"column":5}},"6":{"start":{"line":63,"column":25},"end":{"line":63,"column":44}},"7":{"start":{"line":64,"column":27},"end":{"line":64,"column":48}},"8":{"start":{"line":65,"column":8},"end":{"line":65,"column":41}},"9":{"start":{"line":67,"column":8},"end":{"line":67,"column":90}},"10":{"start":{"line":71,"column":0},"end":{"line":81,"column":2}},"11":{"start":{"line":72,"column":4},"end":{"line":80,"column":5}},"12":{"start":{"line":73,"column":26},"end":{"line":73,"column":102}},"13":{"start":{"line":74,"column":8},"end":{"line":76,"column":9}},"14":{"start":{"line":75,"column":12},"end":{"line":75,"column":72}},"15":{"start":{"line":77,"column":8},"end":{"line":77,"column":28}},"16":{"start":{"line":79,"column":8},"end":{"line":79,"column":57}},"17":{"start":{"line":83,"column":0},"end":{"line":90,"column":2}},"18":{"start":{"line":84,"column":4},"end":{"line":89,"column":5}},"19":{"start":{"line":85,"column":29},"end":{"line":85,"column":98}},"20":{"start":{"line":86,"column":8},"end":{"line":86,"column":31}},"21":{"start":{"line":88,"column":8},"end":{"line":88,"column":90}},"22":{"start":{"line":92,"column":0},"end":{"line":99,"column":2}},"23":{"start":{"line":93,"column":4},"end":{"line":98,"column":5}},"24":{"start":{"line":94,"column":8},"end":{"line":94,"column":53}},"25":{"start":{"line":95,"column":8},"end":{"line":95,"column":60}},"26":{"start":{"line":97,"column":8},"end":{"line":97,"column":57}},"27":{"start":{"line":101,"column":0},"end":{"line":108,"column":2}},"28":{"start":{"line":102,"column":4},"end":{"line":107,"column":5}},"29":{"start":{"line":103,"column":24},"end":{"line":103,"column":83}},"30":{"start":{"line":104,"column":8},"end":{"line":104,"column":26}},"31":{"start":{"line":106,"column":8},"end":{"line":106,"column":57}},"32":{"start":{"line":110,"column":0},"end":{"line":118,"column":2}},"33":{"start":{"line":111,"column":4},"end":{"line":117,"column":5}},"34":{"start":{"line":112,"column":29},"end":{"line":112,"column":38}},"35":{"start":{"line":113,"column":24},"end":{"line":113,"column":74}},"36":{"start":{"line":114,"column":8},"end":{"line":114,"column":26}},"37":{"start":{"line":116,"column":8},"end":{"line":116,"column":104}},"38":{"start":{"line":121,"column":0},"end":{"line":154,"column":2}},"39":{"start":{"line":122,"column":4},"end":{"line":153,"column":5}},"40":{"start":{"line":123,"column":50},"end":{"line":123,"column":58}},"41":{"start":{"line":124,"column":23},"end":{"line":124,"column":75}},"42":{"start":{"line":126,"column":8},"end":{"line":128,"column":9}},"43":{"start":{"line":127,"column":12},"end":{"line":127,"column":73}},"44":{"start":{"line":129,"column":32},"end":{"line":129,"column":72}},"45":{"start":{"line":130,"column":8},"end":{"line":132,"column":9}},"46":{"start":{"line":131,"column":12},"end":{"line":131,"column":57}},"47":{"start":{"line":135,"column":32},"end":{"line":135,"column":100}},"48":{"start":{"line":136,"column":29},"end":{"line":136,"column":31}},"49":{"start":{"line":138,"column":8},"end":{"line":148,"column":9}},"50":{"start":{"line":138,"column":21},"end":{"line":138,"column":22}},"51":{"start":{"line":140,"column":37},"end":{"line":140,"column":114}},"52":{"start":{"line":141,"column":29},"end":{"line":145,"column":14}},"53":{"start":{"line":144,"column":58},"end":{"line":144,"column":69}},"54":{"start":{"line":146,"column":31},"end":{"line":146,"column":52}},"55":{"start":{"line":147,"column":12},"end":{"line":147,"column":44}},"56":{"start":{"line":150,"column":8},"end":{"line":150,"column":45}},"57":{"start":{"line":152,"column":8},"end":{"line":152,"column":94}},"58":{"start":{"line":159,"column":0},"end":{"line":179,"column":2}},"59":{"start":{"line":160,"column":47},"end":{"line":160,"column":55}},"60":{"start":{"line":161,"column":4},"end":{"line":178,"column":5}},"61":{"start":{"line":162,"column":29},"end":{"line":170,"column":9}},"62":{"start":{"line":172,"column":8},"end":{"line":174,"column":9}},"63":{"start":{"line":173,"column":12},"end":{"line":173,"column":72}},"64":{"start":{"line":175,"column":8},"end":{"line":175,"column":43}},"65":{"start":{"line":177,"column":8},"end":{"line":177,"column":99}},"66":{"start":{"line":180,"column":0},"end":{"line":199,"column":2}},"67":{"start":{"line":181,"column":24},"end":{"line":181,"column":34}},"68":{"start":{"line":182,"column":27},"end":{"line":182,"column":35}},"69":{"start":{"line":184,"column":4},"end":{"line":198,"column":5}},"70":{"start":{"line":185,"column":30},"end":{"line":185,"column":59}},"71":{"start":{"line":187,"column":8},"end":{"line":189,"column":9}},"72":{"start":{"line":188,"column":12},"end":{"line":188,"column":72}},"73":{"start":{"line":191,"column":8},"end":{"line":191,"column":43}},"74":{"start":{"line":193,"column":8},"end":{"line":193,"column":35}},"75":{"start":{"line":195,"column":8},"end":{"line":195,"column":98}},"76":{"start":{"line":197,"column":8},"end":{"line":197,"column":78}},"77":{"start":{"line":201,"column":0},"end":{"line":212,"column":2}},"78":{"start":{"line":202,"column":4},"end":{"line":211,"column":5}},"79":{"start":{"line":203,"column":28},"end":{"line":203,"column":38}},"80":{"start":{"line":204,"column":23},"end":{"line":204,"column":72}},"81":{"start":{"line":205,"column":8},"end":{"line":207,"column":9}},"82":{"start":{"line":206,"column":12},"end":{"line":206,"column":73}},"83":{"start":{"line":208,"column":8},"end":{"line":208,"column":33}},"84":{"start":{"line":210,"column":8},"end":{"line":210,"column":76}},"85":{"start":{"line":213,"column":0},"end":{"line":240,"column":2}},"86":{"start":{"line":214,"column":4},"end":{"line":239,"column":5}},"87":{"start":{"line":215,"column":28},"end":{"line":215,"column":38}},"88":{"start":{"line":216,"column":56},"end":{"line":216,"column":64}},"89":{"start":{"line":218,"column":27},"end":{"line":218,"column":56}},"90":{"start":{"line":219,"column":8},"end":{"line":221,"column":9}},"91":{"start":{"line":220,"column":12},"end":{"line":220,"column":72}},"92":{"start":{"line":223,"column":27},"end":{"line":228,"column":10}},"93":{"start":{"line":230,"column":29},"end":{"line":230,"column":52}},"94":{"start":{"line":232,"column":8},"end":{"line":232,"column":51}},"95":{"start":{"line":233,"column":8},"end":{"line":233,"column":32}},"96":{"start":{"line":235,"column":8},"end":{"line":235,"column":120}},"97":{"start":{"line":237,"column":8},"end":{"line":237,"column":29}},"98":{"start":{"line":238,"column":8},"end":{"line":238,"column":92}},"99":{"start":{"line":243,"column":0},"end":{"line":262,"column":2}},"100":{"start":{"line":244,"column":4},"end":{"line":261,"column":5}},"101":{"start":{"line":245,"column":30},"end":{"line":245,"column":40}},"102":{"start":{"line":246,"column":28},"end":{"line":246,"column":38}},"103":{"start":{"line":248,"column":28},"end":{"line":251,"column":48}},"104":{"start":{"line":253,"column":8},"end":{"line":257,"column":9}},"105":{"start":{"line":254,"column":12},"end":{"line":254,"column":46}},"106":{"start":{"line":256,"column":12},"end":{"line":256,"column":93}},"107":{"start":{"line":259,"column":8},"end":{"line":259,"column":29}},"108":{"start":{"line":260,"column":8},"end":{"line":260,"column":103}},"109":{"start":{"line":264,"column":0},"end":{"line":286,"column":2}},"110":{"start":{"line":265,"column":4},"end":{"line":285,"column":5}},"111":{"start":{"line":266,"column":49},"end":{"line":266,"column":57}},"112":{"start":{"line":268,"column":24},"end":{"line":268,"column":57}},"113":{"start":{"line":269,"column":8},"end":{"line":271,"column":9}},"114":{"start":{"line":270,"column":12},"end":{"line":270,"column":74}},"115":{"start":{"line":273,"column":32},"end":{"line":273,"column":105}},"116":{"start":{"line":273,"column":68},"end":{"line":273,"column":104}},"117":{"start":{"line":274,"column":8},"end":{"line":278,"column":9}},"118":{"start":{"line":275,"column":12},"end":{"line":275,"column":64}},"119":{"start":{"line":277,"column":12},"end":{"line":277,"column":76}},"120":{"start":{"line":280,"column":8},"end":{"line":280,"column":29}},"121":{"start":{"line":281,"column":8},"end":{"line":281,"column":76}},"122":{"start":{"line":283,"column":8},"end":{"line":283,"column":29}},"123":{"start":{"line":284,"column":8},"end":{"line":284,"column":93}},"124":{"start":{"line":288,"column":0},"end":{"line":310,"column":2}},"125":{"start":{"line":289,"column":24},"end":{"line":289,"column":34}},"126":{"start":{"line":290,"column":27},"end":{"line":290,"column":35}},"127":{"start":{"line":292,"column":4},"end":{"line":309,"column":5}},"128":{"start":{"line":293,"column":30},"end":{"line":293,"column":59}},"129":{"start":{"line":294,"column":8},"end":{"line":296,"column":9}},"130":{"start":{"line":295,"column":12},"end":{"line":295,"column":72}},"131":{"start":{"line":300,"column":34},"end":{"line":300,"column":115}},"132":{"start":{"line":300,"column":83},"end":{"line":300,"column":96}},"133":{"start":{"line":302,"column":8},"end":{"line":302,"column":51}},"134":{"start":{"line":303,"column":8},"end":{"line":303,"column":35}},"135":{"start":{"line":305,"column":8},"end":{"line":305,"column":95}},"136":{"start":{"line":307,"column":8},"end":{"line":307,"column":29}},"137":{"start":{"line":308,"column":8},"end":{"line":308,"column":99}},"138":{"start":{"line":312,"column":0},"end":{"line":321,"column":2}},"139":{"start":{"line":313,"column":4},"end":{"line":320,"column":5}},"140":{"start":{"line":314,"column":28},"end":{"line":314,"column":38}},"141":{"start":{"line":315,"column":25},"end":{"line":315,"column":76}},"142":{"start":{"line":316,"column":8},"end":{"line":316,"column":27}},"143":{"start":{"line":318,"column":8},"end":{"line":318,"column":29}},"144":{"start":{"line":319,"column":8},"end":{"line":319,"column":106}},"145":{"start":{"line":323,"column":0},"end":{"line":332,"column":2}},"146":{"start":{"line":324,"column":4},"end":{"line":331,"column":5}},"147":{"start":{"line":325,"column":28},"end":{"line":325,"column":38}},"148":{"start":{"line":326,"column":26},"end":{"line":326,"column":76}},"149":{"start":{"line":327,"column":8},"end":{"line":327,"column":37}},"150":{"start":{"line":329,"column":8},"end":{"line":329,"column":29}},"151":{"start":{"line":330,"column":8},"end":{"line":330,"column":106}},"152":{"start":{"line":334,"column":0},"end":{"line":366,"column":2}},"153":{"start":{"line":335,"column":4},"end":{"line":365,"column":5}},"154":{"start":{"line":336,"column":30},"end":{"line":336,"column":40}},"155":{"start":{"line":337,"column":31},"end":{"line":337,"column":39}},"156":{"start":{"line":339,"column":8},"end":{"line":341,"column":9}},"157":{"start":{"line":340,"column":12},"end":{"line":340,"column":80}},"158":{"start":{"line":343,"column":24},"end":{"line":343,"column":57}},"159":{"start":{"line":344,"column":8},"end":{"line":346,"column":9}},"160":{"start":{"line":345,"column":12},"end":{"line":345,"column":74}},"161":{"start":{"line":348,"column":8},"end":{"line":358,"column":11}},"162":{"start":{"line":349,"column":12},"end":{"line":351,"column":13}},"163":{"start":{"line":350,"column":16},"end":{"line":350,"column":82}},"164":{"start":{"line":352,"column":36},"end":{"line":352,"column":100}},"165":{"start":{"line":352,"column":70},"end":{"line":352,"column":99}},"166":{"start":{"line":353,"column":12},"end":{"line":357,"column":13}},"167":{"start":{"line":354,"column":16},"end":{"line":354,"column":72}},"168":{"start":{"line":356,"column":16},"end":{"line":356,"column":86}},"169":{"start":{"line":360,"column":8},"end":{"line":360,"column":29}},"170":{"start":{"line":361,"column":8},"end":{"line":361,"column":86}},"171":{"start":{"line":363,"column":8},"end":{"line":363,"column":29}},"172":{"start":{"line":364,"column":8},"end":{"line":364,"column":111}},"173":{"start":{"line":368,"column":0},"end":{"line":382,"column":2}},"174":{"start":{"line":369,"column":4},"end":{"line":381,"column":5}},"175":{"start":{"line":370,"column":30},"end":{"line":370,"column":40}},"176":{"start":{"line":371,"column":24},"end":{"line":371,"column":94}},"177":{"start":{"line":373,"column":8},"end":{"line":375,"column":9}},"178":{"start":{"line":374,"column":12},"end":{"line":374,"column":91}},"179":{"start":{"line":377,"column":8},"end":{"line":377,"column":26}},"180":{"start":{"line":379,"column":8},"end":{"line":379,"column":73}},"181":{"start":{"line":380,"column":8},"end":{"line":380,"column":107}},"182":{"start":{"line":385,"column":0},"end":{"line":392,"column":2}},"183":{"start":{"line":386,"column":4},"end":{"line":391,"column":5}},"184":{"start":{"line":387,"column":23},"end":{"line":387,"column":41}},"185":{"start":{"line":388,"column":8},"end":{"line":388,"column":37}},"186":{"start":{"line":390,"column":8},"end":{"line":390,"column":57}},"187":{"start":{"line":394,"column":0},"end":{"line":439,"column":2}},"188":{"start":{"line":395,"column":4},"end":{"line":438,"column":5}},"189":{"start":{"line":396,"column":25},"end":{"line":396,"column":66}},"190":{"start":{"line":397,"column":8},"end":{"line":397,"column":29}},"191":{"start":{"line":398,"column":8},"end":{"line":398,"column":42}},"192":{"start":{"line":400,"column":27},"end":{"line":400,"column":97}},"193":{"start":{"line":401,"column":8},"end":{"line":401,"column":32}},"194":{"start":{"line":405,"column":8},"end":{"line":407,"column":9}},"195":{"start":{"line":406,"column":12},"end":{"line":406,"column":99}},"196":{"start":{"line":409,"column":36},"end":{"line":409,"column":38}},"197":{"start":{"line":412,"column":8},"end":{"line":426,"column":9}},"198":{"start":{"line":413,"column":30},"end":{"line":413,"column":44}},"199":{"start":{"line":415,"column":12},"end":{"line":425,"column":13}},"200":{"start":{"line":416,"column":37},"end":{"line":416,"column":44}},"201":{"start":{"line":418,"column":16},"end":{"line":424,"column":17}},"202":{"start":{"line":420,"column":20},"end":{"line":420,"column":64}},"203":{"start":{"line":423,"column":20},"end":{"line":423,"column":66}},"204":{"start":{"line":429,"column":41},"end":{"line":432,"column":11}},"205":{"start":{"line":429,"column":107},"end":{"line":432,"column":9}},"206":{"start":{"line":434,"column":8},"end":{"line":434,"column":87}},"207":{"start":{"line":436,"column":8},"end":{"line":436,"column":127}},"208":{"start":{"line":437,"column":8},"end":{"line":437,"column":165}},"209":{"start":{"line":441,"column":0},"end":{"line":455,"column":2}},"210":{"start":{"line":442,"column":4},"end":{"line":454,"column":5}},"211":{"start":{"line":444,"column":23},"end":{"line":444,"column":90}},"212":{"start":{"line":445,"column":9},"end":{"line":447,"column":9}},"213":{"start":{"line":446,"column":12},"end":{"line":446,"column":75}},"214":{"start":{"line":449,"column":25},"end":{"line":449,"column":73}},"215":{"start":{"line":449,"column":56},"end":{"line":449,"column":72}},"216":{"start":{"line":451,"column":8},"end":{"line":451,"column":43}},"217":{"start":{"line":453,"column":8},"end":{"line":453,"column":57}},"218":{"start":{"line":457,"column":0},"end":{"line":466,"column":2}},"219":{"start":{"line":458,"column":4},"end":{"line":465,"column":5}},"220":{"start":{"line":459,"column":25},"end":{"line":459,"column":59}},"221":{"start":{"line":460,"column":33},"end":{"line":460,"column":95}},"222":{"start":{"line":461,"column":30},"end":{"line":461,"column":70}},"223":{"start":{"line":461,"column":60},"end":{"line":461,"column":68}},"224":{"start":{"line":462,"column":8},"end":{"line":462,"column":44}},"225":{"start":{"line":464,"column":8},"end":{"line":464,"column":57}},"226":{"start":{"line":469,"column":0},"end":{"line":505,"column":2}},"227":{"start":{"line":470,"column":4},"end":{"line":504,"column":5}},"228":{"start":{"line":471,"column":24},"end":{"line":471,"column":42}},"229":{"start":{"line":472,"column":26},"end":{"line":472,"column":76}},"230":{"start":{"line":474,"column":8},"end":{"line":476,"column":9}},"231":{"start":{"line":475,"column":12},"end":{"line":475,"column":72}},"232":{"start":{"line":478,"column":27},"end":{"line":478,"column":73}},"233":{"start":{"line":478,"column":61},"end":{"line":478,"column":72}},"234":{"start":{"line":480,"column":28},"end":{"line":483,"column":10}},"235":{"start":{"line":485,"column":24},"end":{"line":485,"column":25}},"236":{"start":{"line":486,"column":26},"end":{"line":486,"column":27}},"237":{"start":{"line":487,"column":8},"end":{"line":490,"column":11}},"238":{"start":{"line":488,"column":12},"end":{"line":488,"column":64}},"239":{"start":{"line":488,"column":39},"end":{"line":488,"column":64}},"240":{"start":{"line":489,"column":12},"end":{"line":489,"column":68}},"241":{"start":{"line":489,"column":41},"end":{"line":489,"column":68}},"242":{"start":{"line":492,"column":27},"end":{"line":492,"column":50}},"243":{"start":{"line":493,"column":31},"end":{"line":493,"column":72}},"244":{"start":{"line":494,"column":33},"end":{"line":494,"column":76}},"245":{"start":{"line":496,"column":8},"end":{"line":500,"column":11}},"246":{"start":{"line":502,"column":8},"end":{"line":502,"column":29}},"247":{"start":{"line":503,"column":8},"end":{"line":503,"column":93}},"248":{"start":{"line":507,"column":0},"end":{"line":517,"column":2}},"249":{"start":{"line":508,"column":4},"end":{"line":516,"column":5}},"250":{"start":{"line":509,"column":30},"end":{"line":509,"column":40}},"251":{"start":{"line":510,"column":25},"end":{"line":510,"column":87}},"252":{"start":{"line":512,"column":8},"end":{"line":512,"column":27}},"253":{"start":{"line":514,"column":8},"end":{"line":514,"column":97}},"254":{"start":{"line":515,"column":8},"end":{"line":515,"column":109}},"255":{"start":{"line":519,"column":0},"end":{"line":550,"column":2}},"256":{"start":{"line":520,"column":83},"end":{"line":520,"column":91}},"257":{"start":{"line":522,"column":4},"end":{"line":549,"column":5}},"258":{"start":{"line":523,"column":26},"end":{"line":523,"column":55}},"259":{"start":{"line":524,"column":8},"end":{"line":526,"column":9}},"260":{"start":{"line":525,"column":12},"end":{"line":525,"column":72}},"261":{"start":{"line":528,"column":33},"end":{"line":528,"column":35}},"262":{"start":{"line":529,"column":26},"end":{"line":529,"column":45}},"263":{"start":{"line":531,"column":8},"end":{"line":542,"column":9}},"264":{"start":{"line":531,"column":21},"end":{"line":531,"column":22}},"265":{"start":{"line":532,"column":12},"end":{"line":539,"column":15}},"266":{"start":{"line":541,"column":12},"end":{"line":541,"column":59}},"267":{"start":{"line":544,"column":32},"end":{"line":544,"column":74}},"268":{"start":{"line":546,"column":8},"end":{"line":546,"column":102}},"269":{"start":{"line":548,"column":8},"end":{"line":548,"column":93}},"270":{"start":{"line":553,"column":29},"end":{"line":553,"column":56}},"271":{"start":{"line":554,"column":20},"end":{"line":554,"column":34}},"272":{"start":{"line":555,"column":4},"end":{"line":555,"column":43}},"273":{"start":{"line":556,"column":4},"end":{"line":556,"column":19}},"274":{"start":{"line":560,"column":0},"end":{"line":591,"column":2}},"275":{"start":{"line":561,"column":26},"end":{"line":561,"column":36}},"276":{"start":{"line":563,"column":4},"end":{"line":590,"column":5}},"277":{"start":{"line":564,"column":25},"end":{"line":572,"column":53}},"278":{"start":{"line":574,"column":34},"end":{"line":584,"column":10}},"279":{"start":{"line":575,"column":31},"end":{"line":575,"column":103}},"280":{"start":{"line":575,"column":62},"end":{"line":575,"column":102}},"281":{"start":{"line":576,"column":12},"end":{"line":583,"column":14}},"282":{"start":{"line":586,"column":8},"end":{"line":586,"column":51}},"283":{"start":{"line":588,"column":8},"end":{"line":588,"column":64}},"284":{"start":{"line":589,"column":8},"end":{"line":589,"column":99}},"285":{"start":{"line":594,"column":0},"end":{"line":622,"column":2}},"286":{"start":{"line":595,"column":4},"end":{"line":621,"column":5}},"287":{"start":{"line":596,"column":28},"end":{"line":596,"column":38}},"288":{"start":{"line":597,"column":25},"end":{"line":597,"column":87}},"289":{"start":{"line":598,"column":29},"end":{"line":598,"column":31}},"290":{"start":{"line":600,"column":8},"end":{"line":611,"column":11}},"291":{"start":{"line":601,"column":12},"end":{"line":610,"column":15}},"292":{"start":{"line":602,"column":16},"end":{"line":605,"column":17}},"293":{"start":{"line":604,"column":20},"end":{"line":604,"column":82}},"294":{"start":{"line":606,"column":16},"end":{"line":606,"column":62}},"295":{"start":{"line":607,"column":16},"end":{"line":609,"column":17}},"296":{"start":{"line":608,"column":20},"end":{"line":608,"column":68}},"297":{"start":{"line":613,"column":8},"end":{"line":615,"column":9}},"298":{"start":{"line":614,"column":12},"end":{"line":614,"column":107}},"299":{"start":{"line":617,"column":8},"end":{"line":617,"column":33}},"300":{"start":{"line":619,"column":8},"end":{"line":619,"column":69}},"301":{"start":{"line":620,"column":8},"end":{"line":620,"column":104}}},"fnMap":{"0":{"name":"(anonymous_0)","decl":{"start":{"line":61,"column":22},"end":{"line":61,"column":23}},"loc":{"start":{"line":61,"column":42},"end":{"line":69,"column":1}},"line":61},"1":{"name":"(anonymous_1)","decl":{"start":{"line":71,"column":19},"end":{"line":71,"column":20}},"loc":{"start":{"line":71,"column":39},"end":{"line":81,"column":1}},"line":71},"2":{"name":"(anonymous_2)","decl":{"start":{"line":83,"column":22},"end":{"line":83,"column":23}},"loc":{"start":{"line":83,"column":42},"end":{"line":90,"column":1}},"line":83},"3":{"name":"(anonymous_3)","decl":{"start":{"line":92,"column":22},"end":{"line":92,"column":23}},"loc":{"start":{"line":92,"column":42},"end":{"line":99,"column":1}},"line":92},"4":{"name":"(anonymous_4)","decl":{"start":{"line":101,"column":22},"end":{"line":101,"column":23}},"loc":{"start":{"line":101,"column":42},"end":{"line":108,"column":1}},"line":101},"5":{"name":"(anonymous_5)","decl":{"start":{"line":110,"column":31},"end":{"line":110,"column":32}},"loc":{"start":{"line":110,"column":51},"end":{"line":118,"column":1}},"line":110},"6":{"name":"(anonymous_6)","decl":{"start":{"line":121,"column":35},"end":{"line":121,"column":36}},"loc":{"start":{"line":121,"column":55},"end":{"line":154,"column":1}},"line":121},"7":{"name":"(anonymous_7)","decl":{"start":{"line":144,"column":47},"end":{"line":144,"column":48}},"loc":{"start":{"line":144,"column":58},"end":{"line":144,"column":69}},"line":144},"8":{"name":"(anonymous_8)","decl":{"start":{"line":159,"column":30},"end":{"line":159,"column":31}},"loc":{"start":{"line":159,"column":50},"end":{"line":179,"column":1}},"line":159},"9":{"name":"(anonymous_9)","decl":{"start":{"line":180,"column":32},"end":{"line":180,"column":33}},"loc":{"start":{"line":180,"column":52},"end":{"line":199,"column":1}},"line":180},"10":{"name":"(anonymous_10)","decl":{"start":{"line":201,"column":31},"end":{"line":201,"column":32}},"loc":{"start":{"line":201,"column":51},"end":{"line":212,"column":1}},"line":201},"11":{"name":"(anonymous_11)","decl":{"start":{"line":213,"column":32},"end":{"line":213,"column":33}},"loc":{"start":{"line":213,"column":52},"end":{"line":240,"column":1}},"line":213},"12":{"name":"(anonymous_12)","decl":{"start":{"line":243,"column":40},"end":{"line":243,"column":41}},"loc":{"start":{"line":243,"column":60},"end":{"line":262,"column":1}},"line":243},"13":{"name":"(anonymous_13)","decl":{"start":{"line":264,"column":25},"end":{"line":264,"column":26}},"loc":{"start":{"line":264,"column":45},"end":{"line":286,"column":1}},"line":264},"14":{"name":"(anonymous_14)","decl":{"start":{"line":273,"column":61},"end":{"line":273,"column":62}},"loc":{"start":{"line":273,"column":68},"end":{"line":273,"column":104}},"line":273},"15":{"name":"(anonymous_15)","decl":{"start":{"line":288,"column":29},"end":{"line":288,"column":30}},"loc":{"start":{"line":288,"column":49},"end":{"line":310,"column":1}},"line":288},"16":{"name":"(anonymous_16)","decl":{"start":{"line":300,"column":77},"end":{"line":300,"column":78}},"loc":{"start":{"line":300,"column":83},"end":{"line":300,"column":96}},"line":300},"17":{"name":"(anonymous_17)","decl":{"start":{"line":312,"column":31},"end":{"line":312,"column":32}},"loc":{"start":{"line":312,"column":51},"end":{"line":321,"column":1}},"line":312},"18":{"name":"(anonymous_18)","decl":{"start":{"line":323,"column":31},"end":{"line":323,"column":32}},"loc":{"start":{"line":323,"column":51},"end":{"line":332,"column":1}},"line":323},"19":{"name":"(anonymous_19)","decl":{"start":{"line":334,"column":37},"end":{"line":334,"column":38}},"loc":{"start":{"line":334,"column":57},"end":{"line":366,"column":1}},"line":334},"20":{"name":"(anonymous_20)","decl":{"start":{"line":348,"column":27},"end":{"line":348,"column":28}},"loc":{"start":{"line":348,"column":34},"end":{"line":358,"column":9}},"line":348},"21":{"name":"(anonymous_21)","decl":{"start":{"line":352,"column":65},"end":{"line":352,"column":66}},"loc":{"start":{"line":352,"column":70},"end":{"line":352,"column":99}},"line":352},"22":{"name":"(anonymous_22)","decl":{"start":{"line":368,"column":31},"end":{"line":368,"column":32}},"loc":{"start":{"line":368,"column":51},"end":{"line":382,"column":1}},"line":368},"23":{"name":"(anonymous_23)","decl":{"start":{"line":385,"column":21},"end":{"line":385,"column":22}},"loc":{"start":{"line":385,"column":41},"end":{"line":392,"column":1}},"line":385},"24":{"name":"(anonymous_24)","decl":{"start":{"line":394,"column":30},"end":{"line":394,"column":31}},"loc":{"start":{"line":394,"column":50},"end":{"line":439,"column":1}},"line":394},"25":{"name":"(anonymous_25)","decl":{"start":{"line":429,"column":81},"end":{"line":429,"column":82}},"loc":{"start":{"line":429,"column":107},"end":{"line":432,"column":9}},"line":429},"26":{"name":"(anonymous_26)","decl":{"start":{"line":441,"column":29},"end":{"line":441,"column":30}},"loc":{"start":{"line":441,"column":49},"end":{"line":455,"column":1}},"line":441},"27":{"name":"(anonymous_27)","decl":{"start":{"line":449,"column":45},"end":{"line":449,"column":46}},"loc":{"start":{"line":449,"column":56},"end":{"line":449,"column":72}},"line":449},"28":{"name":"(anonymous_28)","decl":{"start":{"line":457,"column":30},"end":{"line":457,"column":31}},"loc":{"start":{"line":457,"column":50},"end":{"line":466,"column":1}},"line":457},"29":{"name":"(anonymous_29)","decl":{"start":{"line":461,"column":51},"end":{"line":461,"column":52}},"loc":{"start":{"line":461,"column":60},"end":{"line":461,"column":68}},"line":461},"30":{"name":"(anonymous_30)","decl":{"start":{"line":469,"column":24},"end":{"line":469,"column":25}},"loc":{"start":{"line":469,"column":44},"end":{"line":505,"column":1}},"line":469},"31":{"name":"(anonymous_31)","decl":{"start":{"line":478,"column":50},"end":{"line":478,"column":51}},"loc":{"start":{"line":478,"column":61},"end":{"line":478,"column":72}},"line":478},"32":{"name":"(anonymous_32)","decl":{"start":{"line":487,"column":28},"end":{"line":487,"column":29}},"loc":{"start":{"line":487,"column":38},"end":{"line":490,"column":9}},"line":487},"33":{"name":"(anonymous_33)","decl":{"start":{"line":507,"column":32},"end":{"line":507,"column":33}},"loc":{"start":{"line":507,"column":52},"end":{"line":517,"column":1}},"line":507},"34":{"name":"(anonymous_34)","decl":{"start":{"line":519,"column":33},"end":{"line":519,"column":34}},"loc":{"start":{"line":519,"column":53},"end":{"line":550,"column":1}},"line":519},"35":{"name":"combineDateAndTime","decl":{"start":{"line":552,"column":9},"end":{"line":552,"column":27}},"loc":{"start":{"line":552,"column":40},"end":{"line":557,"column":1}},"line":552},"36":{"name":"(anonymous_36)","decl":{"start":{"line":560,"column":31},"end":{"line":560,"column":32}},"loc":{"start":{"line":560,"column":51},"end":{"line":591,"column":1}},"line":560},"37":{"name":"(anonymous_37)","decl":{"start":{"line":574,"column":47},"end":{"line":574,"column":48}},"loc":{"start":{"line":574,"column":58},"end":{"line":584,"column":9}},"line":574},"38":{"name":"(anonymous_38)","decl":{"start":{"line":575,"column":55},"end":{"line":575,"column":56}},"loc":{"start":{"line":575,"column":62},"end":{"line":575,"column":102}},"line":575},"39":{"name":"(anonymous_39)","decl":{"start":{"line":594,"column":34},"end":{"line":594,"column":35}},"loc":{"start":{"line":594,"column":54},"end":{"line":622,"column":1}},"line":594},"40":{"name":"(anonymous_40)","decl":{"start":{"line":600,"column":25},"end":{"line":600,"column":26}},"loc":{"start":{"line":600,"column":36},"end":{"line":611,"column":9}},"line":600},"41":{"name":"(anonymous_41)","decl":{"start":{"line":601,"column":39},"end":{"line":601,"column":40}},"loc":{"start":{"line":601,"column":49},"end":{"line":610,"column":13}},"line":601}},"branchMap":{"0":{"loc":{"start":{"line":74,"column":8},"end":{"line":76,"column":9}},"type":"if","locations":[{"start":{"line":74,"column":8},"end":{"line":76,"column":9}},{"start":{},"end":{}}],"line":74},"1":{"loc":{"start":{"line":126,"column":8},"end":{"line":128,"column":9}},"type":"if","locations":[{"start":{"line":126,"column":8},"end":{"line":128,"column":9}},{"start":{},"end":{}}],"line":126},"2":{"loc":{"start":{"line":130,"column":8},"end":{"line":132,"column":9}},"type":"if","locations":[{"start":{"line":130,"column":8},"end":{"line":132,"column":9}},{"start":{},"end":{}}],"line":130},"3":{"loc":{"start":{"line":172,"column":8},"end":{"line":174,"column":9}},"type":"if","locations":[{"start":{"line":172,"column":8},"end":{"line":174,"column":9}},{"start":{},"end":{}}],"line":172},"4":{"loc":{"start":{"line":187,"column":8},"end":{"line":189,"column":9}},"type":"if","locations":[{"start":{"line":187,"column":8},"end":{"line":189,"column":9}},{"start":{},"end":{}}],"line":187},"5":{"loc":{"start":{"line":205,"column":8},"end":{"line":207,"column":9}},"type":"if","locations":[{"start":{"line":205,"column":8},"end":{"line":207,"column":9}},{"start":{},"end":{}}],"line":205},"6":{"loc":{"start":{"line":219,"column":8},"end":{"line":221,"column":9}},"type":"if","locations":[{"start":{"line":219,"column":8},"end":{"line":221,"column":9}},{"start":{},"end":{}}],"line":219},"7":{"loc":{"start":{"line":253,"column":8},"end":{"line":257,"column":9}},"type":"if","locations":[{"start":{"line":253,"column":8},"end":{"line":257,"column":9}},{"start":{"line":255,"column":15},"end":{"line":257,"column":9}}],"line":253},"8":{"loc":{"start":{"line":269,"column":8},"end":{"line":271,"column":9}},"type":"if","locations":[{"start":{"line":269,"column":8},"end":{"line":271,"column":9}},{"start":{},"end":{}}],"line":269},"9":{"loc":{"start":{"line":274,"column":8},"end":{"line":278,"column":9}},"type":"if","locations":[{"start":{"line":274,"column":8},"end":{"line":278,"column":9}},{"start":{"line":276,"column":15},"end":{"line":278,"column":9}}],"line":274},"10":{"loc":{"start":{"line":294,"column":8},"end":{"line":296,"column":9}},"type":"if","locations":[{"start":{"line":294,"column":8},"end":{"line":296,"column":9}},{"start":{},"end":{}}],"line":294},"11":{"loc":{"start":{"line":339,"column":8},"end":{"line":341,"column":9}},"type":"if","locations":[{"start":{"line":339,"column":8},"end":{"line":341,"column":9}},{"start":{},"end":{}}],"line":339},"12":{"loc":{"start":{"line":339,"column":12},"end":{"line":339,"column":53}},"type":"binary-expr","locations":[{"start":{"line":339,"column":12},"end":{"line":339,"column":23}},{"start":{"line":339,"column":27},"end":{"line":339,"column":53}}],"line":339},"13":{"loc":{"start":{"line":344,"column":8},"end":{"line":346,"column":9}},"type":"if","locations":[{"start":{"line":344,"column":8},"end":{"line":346,"column":9}},{"start":{},"end":{}}],"line":344},"14":{"loc":{"start":{"line":349,"column":12},"end":{"line":351,"column":13}},"type":"if","locations":[{"start":{"line":349,"column":12},"end":{"line":351,"column":13}},{"start":{},"end":{}}],"line":349},"15":{"loc":{"start":{"line":349,"column":16},"end":{"line":349,"column":43}},"type":"binary-expr","locations":[{"start":{"line":349,"column":16},"end":{"line":349,"column":28}},{"start":{"line":349,"column":32},"end":{"line":349,"column":43}}],"line":349},"16":{"loc":{"start":{"line":353,"column":12},"end":{"line":357,"column":13}},"type":"if","locations":[{"start":{"line":353,"column":12},"end":{"line":357,"column":13}},{"start":{"line":355,"column":19},"end":{"line":357,"column":13}}],"line":353},"17":{"loc":{"start":{"line":373,"column":8},"end":{"line":375,"column":9}},"type":"if","locations":[{"start":{"line":373,"column":8},"end":{"line":375,"column":9}},{"start":{},"end":{}}],"line":373},"18":{"loc":{"start":{"line":405,"column":8},"end":{"line":407,"column":9}},"type":"if","locations":[{"start":{"line":405,"column":8},"end":{"line":407,"column":9}},{"start":{},"end":{}}],"line":405},"19":{"loc":{"start":{"line":405,"column":12},"end":{"line":405,"column":50}},"type":"binary-expr","locations":[{"start":{"line":405,"column":12},"end":{"line":405,"column":23}},{"start":{"line":405,"column":27},"end":{"line":405,"column":50}}],"line":405},"20":{"loc":{"start":{"line":418,"column":16},"end":{"line":424,"column":17}},"type":"if","locations":[{"start":{"line":418,"column":16},"end":{"line":424,"column":17}},{"start":{"line":421,"column":23},"end":{"line":424,"column":17}}],"line":418},"21":{"loc":{"start":{"line":445,"column":9},"end":{"line":447,"column":9}},"type":"if","locations":[{"start":{"line":445,"column":9},"end":{"line":447,"column":9}},{"start":{},"end":{}}],"line":445},"22":{"loc":{"start":{"line":474,"column":8},"end":{"line":476,"column":9}},"type":"if","locations":[{"start":{"line":474,"column":8},"end":{"line":476,"column":9}},{"start":{},"end":{}}],"line":474},"23":{"loc":{"start":{"line":488,"column":12},"end":{"line":488,"column":64}},"type":"if","locations":[{"start":{"line":488,"column":12},"end":{"line":488,"column":64}},{"start":{},"end":{}}],"line":488},"24":{"loc":{"start":{"line":489,"column":12},"end":{"line":489,"column":68}},"type":"if","locations":[{"start":{"line":489,"column":12},"end":{"line":489,"column":68}},{"start":{},"end":{}}],"line":489},"25":{"loc":{"start":{"line":524,"column":8},"end":{"line":526,"column":9}},"type":"if","locations":[{"start":{"line":524,"column":8},"end":{"line":526,"column":9}},{"start":{},"end":{}}],"line":524},"26":{"loc":{"start":{"line":582,"column":24},"end":{"line":582,"column":60}},"type":"cond-expr","locations":[{"start":{"line":582,"column":37},"end":{"line":582,"column":54}},{"start":{"line":582,"column":57},"end":{"line":582,"column":60}}],"line":582},"27":{"loc":{"start":{"line":602,"column":16},"end":{"line":605,"column":17}},"type":"if","locations":[{"start":{"line":602,"column":16},"end":{"line":605,"column":17}},{"start":{},"end":{}}],"line":602},"28":{"loc":{"start":{"line":607,"column":16},"end":{"line":609,"column":17}},"type":"if","locations":[{"start":{"line":607,"column":16},"end":{"line":609,"column":17}},{"start":{},"end":{}}],"line":607}},"s":{"0":0,"1":0,"2":0,"3":0,"4":0,"5":0,"6":0,"7":0,"8":0,"9":0,"10":0,"11":0,"12":0,"13":0,"14":0,"15":0,"16":0,"17":0,"18":0,"19":0,"20":0,"21":0,"22":0,"23":0,"24":0,"25":0,"26":0,"27":0,"28":0,"29":0,"30":0,"31":0,"32":0,"33":0,"34":0,"35":0,"36":0,"37":0,"38":0,"39":0,"40":0,"41":0,"42":0,"43":0,"44":0,"45":0,"46":0,"47":0,"48":0,"49":0,"50":0,"51":0,"52":0,"53":0,"54":0,"55":0,"56":0,"57":0,"58":0,"59":0,"60":0,"61":0,"62":0,"63":0,"64":0,"65":0,"66":0,"67":0,"68":0,"69":0,"70":0,"71":0,"72":0,"73":0,"74":0,"75":0,"76":0,"77":0,"78":0,"79":0,"80":0,"81":0,"82":0,"83":0,"84":0,"85":0,"86":0,"87":0,"88":0,"89":0,"90":0,"91":0,"92":0,"93":0,"94":0,"95":0,"96":0,"97":0,"98":0,"99":0,"100":0,"101":0,"102":0,"103":0,"104":0,"105":0,"106":0,"107":0,"108":0,"109":0,"110":0,"111":0,"112":0,"113":0,"114":0,"115":0,"116":0,"117":0,"118":0,"119":0,"120":0,"121":0,"122":0,"123":0,"124":0,"125":0,"126":0,"127":0,"128":0,"129":0,"130":0,"131":0,"132":0,"133":0,"134":0,"135":0,"136":0,"137":0,"138":0,"139":0,"140":0,"141":0,"142":0,"143":0,"144":0,"145":0,"146":0,"147":0,"148":0,"149":0,"150":0,"151":0,"152":0,"153":0,"154":0,"155":0,"156":0,"157":0,"158":0,"159":0,"160":0,"161":0,"162":0,"163":0,"164":0,"165":0,"166":0,"167":0,"168":0,"169":0,"170":0,"171":0,"172":0,"173":0,"174":0,"175":0,"176":0,"177":0,"178":0,"179":0,"180":0,"181":0,"182":0,"183":0,"184":0,"185":0,"186":0,"187":0,"188":0,"189":0,"190":0,"191":0,"192":0,"193":0,"194":0,"195":0,"196":0,"197":0,"198":0,"199":0,"200":0,"201":0,"202":0,"203":0,"204":0,"205":0,"206":0,"207":0,"208":0,"209":0,"210":0,"211":0,"212":0,"213":0,"214":0,"215":0,"216":0,"217":0,"218":0,"219":0,"220":0,"221":0,"222":0,"223":0,"224":0,"225":0,"226":0,"227":0,"228":0,"229":0,"230":0,"231":0,"232":0,"233":0,"234":0,"235":0,"236":0,"237":0,"238":0,"239":0,"240":0,"241":0,"242":0,"243":0,"244":0,"245":0,"246":0,"247":0,"248":0,"249":0,"250":0,"251":0,"252":0,"253":0,"254":0,"255":0,"256":0,"257":0,"258":0,"259":0,"260":0,"261":0,"262":0,"263":0,"264":0,"265":0,"266":0,"267":0,"268":0,"269":0,"270":0,"271":0,"272":0,"273":0,"274":0,"275":0,"276":0,"277":0,"278":0,"279":0,"280":0,"281":0,"282":0,"283":0,"284":0,"285":0,"286":0,"287":0,"288":0,"289":0,"290":0,"291":0,"292":0,"293":0,"294":0,"295":0,"296":0,"297":0,"298":0,"299":0,"300":0,"301":0},"f":{"0":0,"1":0,"2":0,"3":0,"4":0,"5":0,"6":0,"7":0,"8":0,"9":0,"10":0,"11":0,"12":0,"13":0,"14":0,"15":0,"16":0,"17":0,"18":0,"19":0,"20":0,"21":0,"22":0,"23":0,"24":0,"25":0,"26":0,"27":0,"28":0,"29":0,"30":0,"31":0,"32":0,"33":0,"34":0,"35":0,"36":0,"37":0,"38":0,"39":0,"40":0,"41":0},"b":{"0":[0,0],"1":[0,0],"2":[0,0],"3":[0,0],"4":[0,0],"5":[0,0],"6":[0,0],"7":[0,0],"8":[0,0],"9":[0,0],"10":[0,0],"11":[0,0],"12":[0,0],"13":[0,0],"14":[0,0],"15":[0,0],"16":[0,0],"17":[0,0],"18":[0,0],"19":[0,0],"20":[0,0],"21":[0,0],"22":[0,0],"23":[0,0],"24":[0,0],"25":[0,0],"26":[0,0],"27":[0,0],"28":[0,0]},"all":true},"C:\\elkindy-backend\\controllers\\courseController\\courseController.js":{"path":"C:\\elkindy-backend\\controllers\\courseController\\courseController.js","statementMap":{"0":{"start":{"line":1,"column":15},"end":{"line":1,"column":45}},"1":{"start":{"line":2,"column":13},"end":{"line":2,"column":41}},"2":{"start":{"line":3,"column":19},"end":{"line":3,"column":52}},"3":{"start":{"line":6,"column":0},"end":{"line":15,"column":2}},"4":{"start":{"line":7,"column":4},"end":{"line":7,"column":26}},"5":{"start":{"line":8,"column":4},"end":{"line":14,"column":5}},"6":{"start":{"line":9,"column":26},"end":{"line":9,"column":46}},"7":{"start":{"line":10,"column":28},"end":{"line":10,"column":50}},"8":{"start":{"line":11,"column":8},"end":{"line":11,"column":42}},"9":{"start":{"line":13,"column":8},"end":{"line":13,"column":57}},"10":{"start":{"line":17,"column":0},"end":{"line":25,"column":2}},"11":{"start":{"line":18,"column":4},"end":{"line":24,"column":5}},"12":{"start":{"line":19,"column":23},"end":{"line":19,"column":59}},"13":{"start":{"line":20,"column":8},"end":{"line":20,"column":82}},"14":{"start":{"line":20,"column":21},"end":{"line":20,"column":82}},"15":{"start":{"line":21,"column":8},"end":{"line":21,"column":25}},"16":{"start":{"line":23,"column":8},"end":{"line":23,"column":57}},"17":{"start":{"line":27,"column":0},"end":{"line":35,"column":2}},"18":{"start":{"line":28,"column":4},"end":{"line":34,"column":5}},"19":{"start":{"line":29,"column":23},"end":{"line":29,"column":93}},"20":{"start":{"line":30,"column":8},"end":{"line":30,"column":82}},"21":{"start":{"line":30,"column":21},"end":{"line":30,"column":82}},"22":{"start":{"line":31,"column":8},"end":{"line":31,"column":25}},"23":{"start":{"line":33,"column":8},"end":{"line":33,"column":57}},"24":{"start":{"line":37,"column":0},"end":{"line":45,"column":2}},"25":{"start":{"line":38,"column":4},"end":{"line":44,"column":5}},"26":{"start":{"line":39,"column":23},"end":{"line":39,"column":68}},"27":{"start":{"line":40,"column":8},"end":{"line":40,"column":82}},"28":{"start":{"line":40,"column":21},"end":{"line":40,"column":82}},"29":{"start":{"line":41,"column":8},"end":{"line":41,"column":61}},"30":{"start":{"line":43,"column":8},"end":{"line":43,"column":57}},"31":{"start":{"line":47,"column":0},"end":{"line":76,"column":2}},"32":{"start":{"line":48,"column":17},"end":{"line":48,"column":46}},"33":{"start":{"line":49,"column":21},"end":{"line":49,"column":56}},"34":{"start":{"line":50,"column":24},"end":{"line":50,"column":51}},"35":{"start":{"line":53,"column":4},"end":{"line":74,"column":5}},"36":{"start":{"line":55,"column":22},"end":{"line":58,"column":9}},"37":{"start":{"line":60,"column":22},"end":{"line":60,"column":56}},"38":{"start":{"line":61,"column":24},"end":{"line":63,"column":28}},"39":{"start":{"line":65,"column":8},"end":{"line":71,"column":11}},"40":{"start":{"line":73,"column":8},"end":{"line":73,"column":57}},"41":{"start":{"line":79,"column":0},"end":{"line":87,"column":2}},"42":{"start":{"line":80,"column":4},"end":{"line":86,"column":5}},"43":{"start":{"line":81,"column":25},"end":{"line":81,"column":44}},"44":{"start":{"line":82,"column":24},"end":{"line":82,"column":65}},"45":{"start":{"line":83,"column":8},"end":{"line":83,"column":26}},"46":{"start":{"line":85,"column":8},"end":{"line":85,"column":57}},"47":{"start":{"line":89,"column":0},"end":{"line":97,"column":2}},"48":{"start":{"line":90,"column":4},"end":{"line":96,"column":5}},"49":{"start":{"line":91,"column":23},"end":{"line":91,"column":105}},"50":{"start":{"line":92,"column":8},"end":{"line":92,"column":82}},"51":{"start":{"line":92,"column":21},"end":{"line":92,"column":82}},"52":{"start":{"line":93,"column":8},"end":{"line":93,"column":25}},"53":{"start":{"line":95,"column":8},"end":{"line":95,"column":57}},"54":{"start":{"line":99,"column":0},"end":{"line":119,"column":2}},"55":{"start":{"line":100,"column":17},"end":{"line":100,"column":46}},"56":{"start":{"line":101,"column":21},"end":{"line":101,"column":56}},"57":{"start":{"line":102,"column":4},"end":{"line":118,"column":5}},"58":{"start":{"line":103,"column":22},"end":{"line":103,"column":71}},"59":{"start":{"line":105,"column":32},"end":{"line":107,"column":28}},"60":{"start":{"line":109,"column":8},"end":{"line":115,"column":11}},"61":{"start":{"line":117,"column":8},"end":{"line":117,"column":57}},"62":{"start":{"line":121,"column":0},"end":{"line":140,"column":2}},"63":{"start":{"line":122,"column":25},"end":{"line":122,"column":35}},"64":{"start":{"line":123,"column":27},"end":{"line":123,"column":35}},"65":{"start":{"line":124,"column":4},"end":{"line":124,"column":47}},"66":{"start":{"line":125,"column":4},"end":{"line":125,"column":43}},"67":{"start":{"line":127,"column":4},"end":{"line":139,"column":5}},"68":{"start":{"line":128,"column":23},"end":{"line":128,"column":54}},"69":{"start":{"line":130,"column":8},"end":{"line":132,"column":9}},"70":{"start":{"line":131,"column":12},"end":{"line":131,"column":73}},"71":{"start":{"line":134,"column":8},"end":{"line":134,"column":36}},"72":{"start":{"line":135,"column":8},"end":{"line":135,"column":28}},"73":{"start":{"line":136,"column":8},"end":{"line":136,"column":81}},"74":{"start":{"line":138,"column":8},"end":{"line":138,"column":74}},"75":{"start":{"line":143,"column":0},"end":{"line":159,"column":2}},"76":{"start":{"line":144,"column":4},"end":{"line":158,"column":5}},"77":{"start":{"line":145,"column":29},"end":{"line":145,"column":39}},"78":{"start":{"line":146,"column":23},"end":{"line":146,"column":74}},"79":{"start":{"line":148,"column":8},"end":{"line":150,"column":9}},"80":{"start":{"line":149,"column":12},"end":{"line":149,"column":73}},"81":{"start":{"line":152,"column":33},"end":{"line":152,"column":47}},"82":{"start":{"line":154,"column":8},"end":{"line":154,"column":39}},"83":{"start":{"line":156,"column":8},"end":{"line":156,"column":29}},"84":{"start":{"line":157,"column":8},"end":{"line":157,"column":85}},"85":{"start":{"line"
[...]
ne":165,"column":2},"end":{"line":210,"column":3}},"102":{"start":{"line":166,"column":26},"end":{"line":169,"column":6}},"103":{"start":{"line":170,"column":4},"end":{"line":206,"column":7}},"104":{"start":{"line":171,"column":27},"end":{"line":171,"column":59}},"105":{"start":{"line":172,"column":23},"end":{"line":172,"column":53}},"106":{"start":{"line":173,"column":6},"end":{"line":175,"column":7}},"107":{"start":{"line":174,"column":8},"end":{"line":174,"column":74}},"108":{"start":{"line":176,"column":24},"end":{"line":176,"column":42}},"109":{"start":{"line":177,"column":26},"end":{"line":188,"column":7}},"110":{"start":{"line":189,"column":26},"end":{"line":198,"column":8}},"111":{"start":{"line":199,"column":6},"end":{"line":205,"column":9}},"112":{"start":{"line":200,"column":8},"end":{"line":204,"column":9}},"113":{"start":{"line":201,"column":10},"end":{"line":201,"column":55}},"114":{"start":{"line":203,"column":10},"end":{"line":203,"column":52}},"115":{"start":{"line":207,"column":22},"end":{"line":207,"column":72}},"116":{"start":{"line":207,"column":50},"end":{"line":207,"column":60}},"117":{"start":{"line":209,"column":4},"end":{"line":209,"column":51}},"118":{"start":{"line":212,"column":29},"end":{"line":217,"column":1}},"119":{"start":{"line":213,"column":15},"end":{"line":213,"column":35}},"120":{"start":{"line":214,"column":2},"end":{"line":216,"column":3}},"121":{"start":{"line":215,"column":4},"end":{"line":215,"column":46}},"122":{"start":{"line":219,"column":0},"end":{"line":219,"column":72}}},"fnMap":{"0":{"name":"(anonymous_0)","decl":{"start":{"line":18,"column":16},"end":{"line":18,"column":17}},"loc":{"start":{"line":18,"column":28},"end":{"line":20,"column":1}},"line":18},"1":{"name":"(anonymous_1)","decl":{"start":{"line":19,"column":20},"end":{"line":19,"column":21}},"loc":{"start":{"line":19,"column":30},"end":{"line":19,"column":52}},"line":19},"2":{"name":"(anonymous_2)","decl":{"start":{"line":21,"column":19},"end":{"line":21,"column":20}},"loc":{"start":{"line":21,"column":33},"end":{"line":23,"column":1}},"line":21},"3":{"name":"(anonymous_3)","decl":{"start":{"line":22,"column":23},"end":{"line":22,"column":24}},"loc":{"start":{"line":22,"column":33},"end":{"line":22,"column":59}},"line":22},"4":{"name":"(anonymous_4)","decl":{"start":{"line":24,"column":20},"end":{"line":24,"column":21}},"loc":{"start":{"line":24,"column":32},"end":{"line":161,"column":1}},"line":24},"5":{"name":"(anonymous_5)","decl":{"start":{"line":27,"column":36},"end":{"line":27,"column":37}},"loc":{"start":{"line":27,"column":46},"end":{"line":27,"column":68}},"line":27},"6":{"name":"(anonymous_6)","decl":{"start":{"line":34,"column":28},"end":{"line":34,"column":29}},"loc":{"start":{"line":34,"column":38},"end":{"line":34,"column":49}},"line":34},"7":{"name":"(anonymous_7)","decl":{"start":{"line":39,"column":6},"end":{"line":39,"column":7}},"loc":{"start":{"line":39,"column":57},"end":{"line":56,"column":7}},"line":39},"8":{"name":"(anonymous_8)","decl":{"start":{"line":58,"column":31},"end":{"line":58,"column":32}},"loc":{"start":{"line":58,"column":59},"end":{"line":71,"column":3}},"line":58},"9":{"name":"(anonymous_9)","decl":{"start":{"line":72,"column":27},"end":{"line":72,"column":28}},"loc":{"start":{"line":72,"column":43},"end":{"line":84,"column":3}},"line":72},"10":{"name":"(anonymous_10)","decl":{"start":{"line":86,"column":27},"end":{"line":86,"column":28}},"loc":{"start":{"line":86,"column":43},"end":{"line":98,"column":3}},"line":86},"11":{"name":"(anonymous_11)","decl":{"start":{"line":100,"column":29},"end":{"line":100,"column":30}},"loc":{"start":{"line":100,"column":45},"end":{"line":112,"column":3}},"line":100},"12":{"name":"(anonymous_12)","decl":{"start":{"line":114,"column":21},"end":{"line":114,"column":22}},"loc":{"start":{"line":114,"column":37},"end":{"line":126,"column":3}},"line":114},"13":{"name":"(anonymous_13)","decl":{"start":{"line":128,"column":29},"end":{"line":128,"column":30}},"loc":{"start":{"line":128,"column":45},"end":{"line":140,"column":3}},"line":128},"14":{"name":"(anonymous_14)","decl":{"start":{"line":142,"column":30},"end":{"line":142,"column":31}},"loc":{"start":{"line":142,"column":46},"end":{"line":154,"column":3}},"line":142},"15":{"name":"(anonymous_15)","decl":{"start":{"line":156,"column":26},"end":{"line":156,"column":27}},"loc":{"start":{"line":156,"column":32},"end":{"line":160,"column":3}},"line":156},"16":{"name":"(anonymous_16)","decl":{"start":{"line":158,"column":30},"end":{"line":158,"column":31}},"loc":{"start":{"line":158,"column":40},"end":{"line":158,"column":51}},"line":158},"17":{"name":"(anonymous_17)","decl":{"start":{"line":163,"column":20},"end":{"line":163,"column":21}},"loc":{"start":{"line":163,"column":42},"end":{"line":211,"column":1}},"line":163},"18":{"name":"(anonymous_18)","decl":{"start":{"line":170,"column":26},"end":{"line":170,"column":27}},"loc":{"start":{"line":170,"column":42},"end":{"line":206,"column":5}},"line":170},"19":{"name":"(anonymous_19)","decl":{"start":{"line":199,"column":40},"end":{"line":199,"column":41}},"loc":{"start":{"line":199,"column":63},"end":{"line":205,"column":7}},"line":199},"20":{"name":"(anonymous_20)","decl":{"start":{"line":207,"column":40},"end":{"line":207,"column":41}},"loc":{"start":{"line":207,"column":50},"end":{"line":207,"column":60}},"line":207},"21":{"name":"(anonymous_21)","decl":{"start":{"line":212,"column":29},"end":{"line":212,"column":30}},"loc":{"start":{"line":212,"column":46},"end":{"line":217,"column":1}},"line":212}},"branchMap":{"0":{"loc":{"start":{"line":26,"column":2},"end":{"line":33,"column":3}},"type":"if","locations":[{"start":{"line":26,"column":2},"end":{"line":33,"column":3}},{"start":{},"end":{}}],"line":26},"1":{"loc":{"start":{"line":28,"column":4},"end":{"line":32,"column":5}},"type":"if","locations":[{"start":{"line":28,"column":4},"end":{"line":32,"column":5}},{"start":{"line":30,"column":11},"end":{"line":32,"column":5}}],"line":28},"2":{"loc":{"start":{"line":41,"column":8},"end":{"line":55,"column":9}},"type":"if","locations":[{"start":{"line":41,"column":8},"end":{"line":55,"column":9}},{"start":{"line":53,"column":15},"end":{"line":55,"column":9}}],"line":41},"3":{"loc":{"start":{"line":43,"column":10},"end":{"line":52,"column":11}},"type":"if","locations":[{"start":{"line":43,"column":10},"end":{"line":52,"column":11}},{"start":{"line":50,"column":17},"end":{"line":52,"column":11}}],"line":43},"4":{"loc":{"start":{"line":60,"column":4},"end":{"line":70,"column":5}},"type":"if","locations":[{"start":{"line":60,"column":4},"end":{"line":70,"column":5}},{"start":{"line":68,"column":11},"end":{"line":70,"column":5}}],"line":60},"5":{"loc":{"start":{"line":62,"column":6},"end":{"line":67,"column":7}},"type":"if","locations":[{"start":{"line":62,"column":6},"end":{"line":67,"column":7}},{"start":{"line":65,"column":13},"end":{"line":67,"column":7}}],"line":62},"6":{"loc":{"start":{"line":74,"column":4},"end":{"line":83,"column":5}},"type":"if","locations":[{"start":{"line":74,"column":4},"end":{"line":83,"column":5}},{"start":{"line":81,"column":11},"end":{"line":83,"column":5}}],"line":74},"7":{"loc":{"start":{"line":76,"column":6},"end":{"line":80,"column":7}},"type":"if","locations":[{"start":{"line":76,"column":6},"end":{"line":80,"column":7}},{"start":{"line":78,"column":13},"end":{"line":80,"column":7}}],"line":76},"8":{"loc":{"start":{"line":88,"column":4},"end":{"line":97,"column":5}},"type":"if","locations":[{"start":{"line":88,"column":4},"end":{"line":97,"column":5}},{"start":{"line":95,"column":11},"end":{"line":97,"column":5}}],"line":88},"9":{"loc":{"start":{"line":90,"column":6},"end":{"line":94,"column":7}},"type":"if","locations":[{"start":{"line":90,"column":6},"end":{"line":94,"column":7}},{"start":{"line":92,"column":13},"end":{"line":94,"column":7}}],"line":90},"10":{"loc":{"start":{"line":102,"column":4},"end":{"line":111,"column":5}},"type":"if","locations":[{"start":{"line":102,"column":4},"end":{"line":111,"column":5}},{"start":{"line":109,"column":11},"end":{"line":111,"column":5}}],"line":102},"11":{"loc":{"start":{"line":104,"column":6},"end":{"line":108,"column":7}},"type":"if","locations":[{"start":{"line":104,"column":6},"end":{"line":108,"column":7}},{"start":{"line":106,"column":13},"end":{"line":108,"column":7}}],"line":104},"12":{"loc":{"start":{"line":116,"column":4},"end":{"line":125,"column":5}},"type":"if","locations":[{"start":{"line":116,"column":4},"end":{"line":125,"column":5}},{"start":{"line":123,"column":11},"end":{"line":125,"column":5}}],"line":116},"13":{"loc":{"start":{"line":118,"column":6},"end":{"line":122,"column":7}},"type":"if","locations":[{"start":{"line":118,"column":6},"end":{"line":122,"column":7}},{"start":{"line":120,"column":13},"end":{"line":122,"column":7}}],"line":118},"14":{"loc":{"start":{"line":130,"column":4},"end":{"line":139,"column":5}},"type":"if","locations":[{"start":{"line":130,"column":4},"end":{"line":139,"column":5}},{"start":{"line":137,"column":11},"end":{"line":139,"column":5}}],"line":130},"15":{"loc":{"start":{"line":132,"column":6},"end":{"line":136,"column":7}},"type":"if","locations":[{"start":{"line":132,"column":6},"end":{"line":136,"column":7}},{"start":{"line":134,"column":13},"end":{"line":136,"column":7}}],"line":132},"16":{"loc":{"start":{"line":144,"column":4},"end":{"line":153,"column":5}},"type":"if","locations":[{"start":{"line":144,"column":4},"end":{"line":153,"column":5}},{"start":{"line":151,"column":11},"end":{"line":153,"column":5}}],"line":144},"17":{"loc":{"start":{"line":146,"column":6},"end":{"line":150,"column":7}},"type":"if","locations":[{"start":{"line":146,"column":6},"end":{"line":150,"column":7}},{"start":{"line":148,"column":13},"end":{"line":150,"column":7}}],"line":146},"18":{"loc":{"start":{"line":173,"column":6},"end":{"line":175,"column":7}},"type":"if","locations":[{"start":{"line":173,"column":6},"end":{"line":175,"column":7}},{"start":{},"end":{}}],"line":173},"19":{"loc":{"start":{"line":200,"column":8},"end":{"line":204,"column":9}},"type":"if","locations":[{"start":{"line":200,"column":8},"end":{"line":204,"column":9}},{"start":{"line":202,"column":15},"end":{"line":204,"column":9}}],"line":200},"20":{"loc":{"start":{"line":214,"column":2},"end":{"line":216,"column":3}},"type":"if","locations":[{"start":{"line":214,"column":2},"end":{"line":216,"column":3}},{"start":{},"end":{}}],"line":214}},"s":{"0":0,"1":0,"2":0,"3":0,"4":0,"5":0,"6":0,"7":0,"8":0,"9":0,"10":0,"11":0,"12":0,"13":0,"14":0,"15":0,"16":0,"17":0,"18":0,"19":0,"20":0,"21":0,"22":0,"23":0,"24":0,"25":0,"26":0,"27":0,"28":0,"29":0,"30":0,"31":0,"32":0,"33":0,"34":0,"35":0,"36":0,"37":0,"38":0,"39":0,"40":0,"41":0,"42":0,"43":0,"44":0,"45":0,"46":0,"47":0,"48":0,"49":0,"50":0,"51":0,"52":0,"53":0,"54":0,"55":0,"56":0,"57":0,"58":0,"59":0,"60":0,"61":0,"62":0,"63":0,"64":0,"65":0,"66":0,"67":0,"68":0,"69":0,"70":0,"71":0,"72":0,"73":0,"74":0,"75":0,"76":0,"77":0,"78":0,"79":0,"80":0,"81":0,"82":0,"83":0,"84":0,"85":0,"86":0,"87":0,"88":0,"89":0,"90":0,"91":0,"92":0,"93":0,"94":0,"95":0,"96":0,"97":0,"98":0,"99":0,"100":0,"101":0,"102":0,"103":0,"104":0,"105":0,"106":0,"107":0,"108":0,"109":0,"110":0,"111":0,"112":0,"113":0,"114":0,"115":0,"116":0,"117":0,"118":0,"119":0,"120":0,"121":0,"122":0},"f":{"0":0,"1":0,"2":0,"3":0,"4":0,"5":0,"6":0,"7":0,"8":0,"9":0,"10":0,"11":0,"12":0,"13":0,"14":0,"15":0,"16":0,"17":0,"18":0,"19":0,"20":0,"21":0},"b":{"0":[0,0],"1":[0,0],"2":[0,0],"3":[0,0],"4":[0,0],"5":[0,0],"6":[0,0],"7":[0,0],"8":[0,0],"9":[0,0],"10":[0,0],"11":[0,0],"12":[0,0],"13":[0,0],"14":[0,0],"15":[0,0],"16":[0,0],"17":[0,0],"18":[0,0],"19":[0,0],"20":[0,0]},"all":true},"C:\\elkindy-backend\\utils\\ErrorResponse.js":{"path":"C:\\elkindy-backend\\utils\\ErrorResponse.js","statementMap":{"0":{"start":{"line":3,"column":4},"end":{"line":3,"column":19}},"1":{"start":{"line":4,"column":4},"end":{"line":4,"column":33}},"2":{"start":{"line":7,"column":0},"end":{"line":7,"column":31}}},"fnMap":{"0":{"name":"(anonymous_0)","decl":{"start":{"line":2,"column":2},"end":{"line":2,"column":3}},"loc":{"start":{"line":2,"column":35},"end":{"line":5,"column":3}},"line":2}},"branchMap":{},"s":{"0":0,"1":0,"2":0},"f":{"0":0},"b":{},"all":true},"C:\\elkindy-backend\\utils\\exchangePipeline.js":{"path":"C:\\elkindy-backend\\utils\\exchangePipeline.js","statementMap":{"0":{"start":{"line":1,"column":17},"end":{"line":1,"column":49}},"1":{"start":{"line":2,"column":17},"end":{"line":2,"column":36}},"2":{"start":{"line":4,"column":29},"end":{"line":17,"column":1}},"3":{"start":{"line":5,"column":16},"end":{"line":14,"column":3}},"4":{"start":{"line":16,"column":2},"end":{"line":16,"column":53}},"5":{"start":{"line":19,"column":29},"end":{"line":31,"column":1}},"6":{"start":{"line":20,"column":16},"end":{"line":28,"column":3}},"7":{"start":{"line":30,"column":2},"end":{"line":30,"column":47}},"8":{"start":{"line":33,"column":0},"end":{"line":33,"column":64}},"9":{"start":{"line":35,"column":33},"end":{"line":95,"column":1}},"10":{"start":{"line":36,"column":24},"end":{"line":79,"column":3}},"11":{"start":{"line":81,"column":2},"end":{"line":90,"column":3}},"12":{"start":{"line":82,"column":4},"end":{"line":89,"column":7}},"13":{"start":{"line":91,"column":14},"end":{"line":93,"column":35}},"14":{"start":{"line":94,"column":2},"end":{"line":94,"column":44}}},"fnMap":{"0":{"name":"(anonymous_0)","decl":{"start":{"line":4,"column":29},"end":{"line":4,"column":30}},"loc":{"start":{"line":4,"column":71},"end":{"line":17,"column":1}},"line":4},"1":{"name":"(anonymous_1)","decl":{"start":{"line":19,"column":29},"end":{"line":19,"column":30}},"loc":{"start":{"line":19,"column":57},"end":{"line":31,"column":1}},"line":19},"2":{"name":"(anonymous_2)","decl":{"start":{"line":35,"column":33},"end":{"line":35,"column":34}},"loc":{"start":{"line":35,"column":50},"end":{"line":95,"column":1}},"line":35}},"branchMap":{"0":{"loc":{"start":{"line":81,"column":2},"end":{"line":90,"column":3}},"type":"if","locations":[{"start":{"line":81,"column":2},"end":{"line":90,"column":3}},{"start":{},"end":{}}],"line":81},"1":{"loc":{"start":{"line":91,"column":14},"end":{"line":93,"column":35}},"type":"cond-expr","locations":[{"start":{"line":92,"column":6},"end":{"line":92,"column":41}},{"start":{"line":93,"column":6},"end":{"line":93,"column":35}}],"line":91}},"s":{"0":0,"1":0,"2":0,"3":0,"4":0,"5":0,"6":0,"7":0,"8":0,"9":0,"10":0,"11":0,"12":0,"13":0,"14":0},"f":{"0":0,"1":0,"2":0},"b":{"0":[0,0],"1":[0,0]},"all":true},"C:\\elkindy-backend\\utils\\formatQueries.js":{"path":"C:\\elkindy-backend\\utils\\formatQueries.js","statementMap":{"0":{"start":{"line":2,"column":2},"end":{"line":18,"column":3}},"1":{"start":{"line":3,"column":4},"end":{"line":17,"column":5}},"2":{"start":{"line":4,"column":6},"end":{"line":9,"column":8}},"3":{"start":{"line":11,"column":6},"end":{"line":16,"column":8}},"4":{"start":{"line":20,"column":2},"end":{"line":24,"column":4}},"5":{"start":{"line":27,"column":0},"end":{"line":27,"column":32}}},"fnMap":{"0":{"name":"formatSort","decl":{"start":{"line":1,"column":9},"end":{"line":1,"column":19}},"loc":{"start":{"line":1,"column":31},"end":{"line":25,"column":1}},"line":1}},"branchMap":{"0":{"loc":{"start":{"line":2,"column":2},"end":{"line":18,"column":3}},"type":"if","locations":[{"start":{"line":2,"column":2},"end":{"line":18,"column":3}},{"start":{},"end":{}}],"line":2},"1":{"loc":{"start":{"line":3,"column":4},"end":{"line":17,"column":5}},"type":"if","locations":[{"start":{"line":3,"column":4},"end":{"line":17,"column":5}},{"start":{"line":10,"column":11},"end":{"line":17,"column":5}}],"line":3}},"s":{"0":0,"1":0,"2":0,"3":0,"4":0,"5":0},"f":{"0":0},"b":{"0":[0,0],"1":[0,0]},"all":true},"C:\\elkindy-backend\\utils\\pipelines.js":{"path":"C:\\elkindy-backend\\utils\\pipelines.js","statementMap":{"0":{"start":{"line":1,"column":19},"end":{"line":1,"column":53}},"1":{"start":{"line":2,"column":17},"end":{"line":2,"column":36}},"2":{"start":{"line":4,"column":31},"end":{"line":37,"column":1}},"3":{"start":{"line":13,"column":16},"end":{"line":20,"column":3}},"4":{"start":{"line":21,"column":2},"end":{"line":23,"column":3}},"5":{"start":{"line":22,"column":4},"end":{"line":22,"column":33}},"6":{"start":{"line":24,"column":2},"end":{"line":26,"column":3}},"7":{"start":{"line":25,"column":4},"end":{"line":25,"column":27}},"8":{"start":{"line":28,"column":2},"end":{"line":36,"column":4}},"9":{"start":{"line":39,"column":27},"end":{"line":47,"column":1}},"10":{"start":{"line":40,"column":16},"end":{"line":44,"column":3}},"11":{"start":{"line":46,"column":2},"end":{"line":46,"column":51}},"12":{"start":{"line":49,"column":0},"end":{"line":49,"column":64}},"13":{"start":{"line":51,"column":35},"end":{"line":134,"column":1}},"14":{"start":{"line":60,"column":24},"end":{"line":91,"column":3}},"15":{"start":{"line":93,"column":2},"end":{"line":102,"column":3}},"16":{"start":{"line":94,"column":4},"end":{"line":101,"column":7}},"17":{"start":{"line":103,"column":2},"end":{"line":105,"column":3}},"18":{"start":{"line":104,"column":4},"end":{"line":104,"column":31}},"19":{"start":{"line":107,"column":14},"end":{"line":107,"column":18}},"20":{"start":{"line":109,"column":2},"end":{"line":124,"column":3}},"21":{"start":{"line":110,"column":4},"end":{"line":123,"column":6}},"22":{"start":{"line":125,"column":2},"end":{"line":127,"column":3}},"23":{"start":{"line":126,"column":4},"end":{"line":126,"column":44}},"24":{"start":{"line":129,"column":14},"end":{"line":131,"column":35}},"25":{"start":{"line":133,"column":2},"end":{"line":133,"column":46}}},"fnMap":{"0":{"name":"(anonymous_0)","decl":{"start":{"line":4,"column":31},"end":{"line":4,"column":32}},"loc":{"start":{"line":12,"column":5},"end":{"line":37,"column":1}},"line":12},"1":{"name":"(anonymous_1)","decl":{"start":{"line":39,"column":27},"end":{"line":39,"column":28}},"loc":{"start":{"line":39,"column":53},"end":{"line":47,"column":1}},"line":39},"2":{"name":"(anonymous_2)","decl":{"start":{"line":51,"column":35},"end":{"line":51,"column":36}},"loc":{"start":{"line":59,"column":5},"end":{"line":134,"column":1}},"line":59}},"branchMap":{"0":{"loc":{"start":{"line":21,"column":2},"end":{"line":23,"column":3}},"type":"if","locations":[{"start":{"line":21,"column":2},"end":{"line":23,"column":3}},{"start":{},"end":{}}],"line":21},"1":{"loc":{"start":{"line":24,"column":2},"end":{"line":26,"column":3}},"type":"if","locations":[{"start":{"line":24,"column":2},"end":{"line":26,"column":3}},{"start":{},"end":{}}],"line":24},"2":{"loc":{"start":{"line":93,"column":2},"end":{"line":102,"column":3}},"type":"if","locations":[{"start":{"line":93,"column":2},"end":{"line":102,"column":3}},{"start":{},"end":{}}],"line":93},"3":{"loc":{"start":{"line":103,"column":2},"end":{"line":105,"column":3}},"type":"if","locations":[{"start":{"line":103,"column":2},"end":{"line":105,"column":3}},{"start":{},"end":{}}],"line":103},"4":{"loc":{"start":{"line":109,"column":2},"end":{"line":124,"column":3}},"type":"if","locations":[{"start":{"line":109,"column":2},"end":{"line":124,"column":3}},{"start":{},"end":{}}],"line":109},"5":{"loc":{"start":{"line":125,"column":2},"end":{"line":127,"column":3}},"type":"if","locations":[{"start":{"line":125,"column":2},"end":{"line":127,"column":3}},{"start":{},"end":{}}],"line":125},"6":{"loc":{"start":{"line":129,"column":14},"end":{"line":131,"column":35}},"type":"cond-expr","locations":[{"start":{"line":130,"column":6},"end":{"line":130,"column":41}},{"start":{"line":131,"column":6},"end":{"line":131,"column":35}}],"line":129}},"s":{"0":0,"1":0,"2":0,"3":0,"4":0,"5":0,"6":0,"7":0,"8":0,"9":0,"10":0,"11":0,"12":0,"13":0,"14":0,"15":0,"16":0,"17":0,"18":0,"19":0,"20":0,"21":0,"22":0,"23":0,"24":0,"25":0},"f":{"0":0,"1":0,"2":0},"b":{"0":[0,0],"1":[0,0],"2":[0,0],"3":[0,0],"4":[0,0],"5":[0,0],"6":[0,0]},"all":true}}