{"C:\\elkindy-backend\\app.js":{"path":"C:\\elkindy-backend\\app.js","statementMap":{"0":{"start":{"line":3,"column":16},"end":{"line":3,"column":34}},"1":{"start":{"line":4,"column":13},"end":{"line":4,"column":28}},"2":{"start":{"line":5,"column":12},"end":{"line":5,"column":21}},"3":{"start":{"line":6,"column":15},"end":{"line":6,"column":37}},"4":{"start":{"line":7,"column":11},"end":{"line":11,"column":2}},"5":{"start":{"line":12,"column":20},"end":{"line":12,"column":51}},"6":{"start":{"line":13,"column":23},"end":{"line":13,"column":55}},"7":{"start":{"line":14,"column":17},"end":{"line":14,"column":39}},"8":{"start":{"line":15,"column":19},"end":{"line":15,"column":47}},"9":{"start":{"line":16,"column":22},"end":{"line":16,"column":46}},"10":{"start":{"line":17,"column":13},"end":{"line":17,"column":28}},"11":{"start":{"line":19,"column":0},"end":{"line":19,"column":27}},"12":{"start":{"line":21,"column":25},"end":{"line":21,"column":42}},"13":{"start":{"line":22,"column":25},"end":{"line":22,"column":64}},"14":{"start":{"line":23,"column":0},"end":{"line":23,"column":24}},"15":{"start":{"line":25,"column":19},"end":{"line":25,"column":55}},"16":{"start":{"line":26,"column":21},"end":{"line":26,"column":66}},"17":{"start":{"line":27,"column":19},"end":{"line":27,"column":49}},"18":{"start":{"line":28,"column":19},"end":{"line":28,"column":49}},"19":{"start":{"line":29,"column":20},"end":{"line":29,"column":51}},"20":{"start":{"line":30,"column":15},"end":{"line":30,"column":32}},"21":{"start":{"line":31,"column":20},"end":{"line":31,"column":63}},"22":{"start":{"line":32,"column":21},"end":{"line":32,"column":66}},"23":{"start":{"line":33,"column":26},"end":{"line":33,"column":81}},"24":{"start":{"line":36,"column":0},"end":{"line":36,"column":24}},"25":{"start":{"line":39,"column":0},"end":{"line":39,"column":16}},"26":{"start":{"line":40,"column":0},"end":{"line":40,"column":23}},"27":{"start":{"line":41,"column":0},"end":{"line":41,"column":10}},"28":{"start":{"line":44,"column":0},"end":{"line":49,"column":3}},"29":{"start":{"line":45,"column":2},"end":{"line":45,"column":49}},"30":{"start":{"line":46,"column":2},"end":{"line":46,"column":50}},"31":{"start":{"line":47,"column":2},"end":{"line":47,"column":50}},"32":{"start":{"line":48,"column":2},"end":{"line":48,"column":9}},"33":{"start":{"line":50,"column":0},"end":{"line":54,"column":2}},"34":{"start":{"line":56,"column":0},"end":{"line":56,"column":49}},"35":{"start":{"line":59,"column":0},"end":{"line":75,"column":3}},"36":{"start":{"line":60,"column":2},"end":{"line":70,"column":4}},"37":{"start":{"line":63,"column":6},"end":{"line":63,"column":36}},"38":{"start":{"line":64,"column":6},"end":{"line":68,"column":9}},"39":{"start":{"line":72,"column":2},"end":{"line":74,"column":5}},"40":{"start":{"line":73,"column":4},"end":{"line":73,"column":44}},"41":{"start":{"line":77,"column":0},"end":{"line":77,"column":34}},"42":{"start":{"line":78,"column":0},"end":{"line":78,"column":33}},"43":{"start":{"line":79,"column":0},"end":{"line":79,"column":36}},"44":{"start":{"line":80,"column":0},"end":{"line":80,"column":38}},"45":{"start":{"line":81,"column":0},"end":{"line":81,"column":38}},"46":{"start":{"line":82,"column":0},"end":{"line":82,"column":48}},"47":{"start":{"line":83,"column":0},"end":{"line":83,"column":33}},"48":{"start":{"line":84,"column":0},"end":{"line":84,"column":35}},"49":{"start":{"line":85,"column":0},"end":{"line":85,"column":27}},"50":{"start":{"line":88,"column":0},"end":{"line":88,"column":38}},"51":{"start":{"line":95,"column":20},"end":{"line":102,"column":1}},"52":{"start":{"line":96,"column":2},"end":{"line":101,"column":5}},"53":{"start":{"line":97,"column":4},"end":{"line":100,"column":7}},"54":{"start":{"line":98,"column":6},"end":{"line":98,"column":52}},"55":{"start":{"line":99,"column":6},"end":{"line":99,"column":16}},"56":{"start":{"line":105,"column":19},"end":{"line":109,"column":1}},"57":{"start":{"line":106,"column":2},"end":{"line":108,"column":5}},"58":{"start":{"line":107,"column":4},"end":{"line":107,"column":26}},"59":{"start":{"line":112,"column":0},"end":{"line":112,"column":54}}},"fnMap":{"0":{"name":"(anonymous_0)","decl":{"start":{"line":44,"column":8},"end":{"line":44,"column":9}},"loc":{"start":{"line":44,"column":34},"end":{"line":49,"column":1}},"line":44},"1":{"name":"(anonymous_1)","decl":{"start":{"line":59,"column":20},"end":{"line":59,"column":21}},"loc":{"start":{"line":59,"column":32},"end":{"line":75,"column":1}},"line":59},"2":{"name":"(anonymous_2)","decl":{"start":{"line":62,"column":4},"end":{"line":62,"column":5}},"loc":{"start":{"line":62,"column":59},"end":{"line":69,"column":5}},"line":62},"3":{"name":"(anonymous_3)","decl":{"start":{"line":72,"column":26},"end":{"line":72,"column":27}},"loc":{"start":{"line":72,"column":32},"end":{"line":74,"column":3}},"line":72},"4":{"name":"(anonymous_4)","decl":{"start":{"line":95,"column":20},"end":{"line":95,"column":21}},"loc":{"start":{"line":95,"column":26},"end":{"line":102,"column":1}},"line":95},"5":{"name":"(anonymous_5)","decl":{"start":{"line":96,"column":21},"end":{"line":96,"column":22}},"loc":{"start":{"line":96,"column":34},"end":{"line":101,"column":3}},"line":96},"6":{"name":"(anonymous_6)","decl":{"start":{"line":97,"column":24},"end":{"line":97,"column":25}},"loc":{"start":{"line":97,"column":30},"end":{"line":100,"column":5}},"line":97},"7":{"name":"(anonymous_7)","decl":{"start":{"line":105,"column":19},"end":{"line":105,"column":20}},"loc":{"start":{"line":105,"column":25},"end":{"line":109,"column":1}},"line":105},"8":{"name":"(anonymous_8)","decl":{"start":{"line":106,"column":21},"end":{"line":106,"column":22}},"loc":{"start":{"line":106,"column":34},"end":{"line":108,"column":3}},"line":106}},"branchMap":{},"s":{"0":1,"1":1,"2":1,"3":1,"4":1,"5":1,"6":1,"7":1,"8":1,"9":1,"10":1,"11":1,"12":1,"13":1,"14":1,"15":1,"16":1,"17":1,"18":1,"19":1,"20":1,"21":1,"22":1,"23":1,"24":1,"25":1,"26":1,"27":1,"28":1,"29":5,"30":5,"31":5,"32":5,"33":1,"34":1,"35":1,"36":0,"37":0,"38":0,"39":0,"40":0,"41":1,"42":1,"43":1,"44":1,"45":1,"46":1,"47":1,"48":1,"49":1,"50":1,"51":1,"52":0,"53":0,"54":0,"55":0,"56":1,"57":0,"58":0,"59":1},"f":{"0":5,"1":0,"2":0,"3":0,"4":0,"5":0,"6":0,"7":0,"8":0},"b":{},"_coverageSchema":"1a1c01bbd47fc00a2c39e90264f33305004495a9","hash":"9a6ddd91eb4369c3936138a0a7d2afce8a0a4a2e","contentHash":"7bae45b7c8ac6022f1cc89f4b5fa162db228ab1fa8738be6f42d8c579bccbad1"},"C:\\elkindy-backend\\config\\mongoose.js":{"path":"C:\\elkindy-backend\\config\\mongoose.js","statementMap":{"0":{"start":{"line":1,"column":17},"end":{"line":1,"column":36}},"1":{"start":{"line":2,"column":15},"end":{"line":2,"column":42}},"2":{"start":{"line":3,"column":18},"end":{"line":3,"column":43}},"3":{"start":{"line":4,"column":10},"end":{"line":4,"column":32}},"4":{"start":{"line":5,"column":0},"end":{"line":5,"column":34}},"5":{"start":{"line":7,"column":15},"end":{"line":7,"column":79}},"6":{"start":{"line":9,"column":12},"end":{"line":12,"column":1}},"7":{"start":{"line":13,"column":16},"end":{"line":19,"column":1}},"8":{"start":{"line":14,"column":2},"end":{"line":17,"column":5}},"9":{"start":{"line":18,"column":2},"end":{"line":18,"column":29}},"10":{"start":{"line":21,"column":0},"end":{"line":23,"column":3}},"11":{"start":{"line":22,"column":2},"end":{"line":22,"column":49}},"12":{"start":{"line":25,"column":0},"end":{"line":27,"column":3}},"13":{"start":{"line":26,"column":2},"end":{"line":26,"column":51}},"14":{"start":{"line":29,"column":0},"end":{"line":29,"column":29}}},"fnMap":{"0":{"name":"(anonymous_0)","decl":{"start":{"line":13,"column":16},"end":{"line":13,"column":17}},"loc":{"start":{"line":13,"column":22},"end":{"line":19,"column":1}},"line":13},"1":{"name":"(anonymous_1)","decl":{"start":{"line":21,"column":36},"end":{"line":21,"column":37}},"loc":{"start":{"line":21,"column":42},"end":{"line":23,"column":1}},"line":21},"2":{"name":"(anonymous_2)","decl":{"start":{"line":25,"column":32},"end":{"line":25,"column":33}},"loc":{"start":{"line":25,"column":41},"end":{"line":27,"column":1}},"line":25}},"branchMap":{"0":{"loc":{"start":{"line":7,"column":15},"end":{"line":7,"column":79}},"type":"cond-expr","locations":[{"start":{"line":7,"column":49},"end":{"line":7,"column":65}},{"start":{"line":7,"column":68},"end":{"line":7,"column":79}}],"line":7}},"s":{"0":1,"1":1,"2":1,"3":1,"4":1,"5":1,"6":1,"7":1,"8":2,"9":2,"10":1,"11":1,"12":1,"13":0,"14":1},"f":{"0":2,"1":1,"2":0},"b":{"0":[1,0]},"_coverageSchema":"1a1c01bbd47fc00a2c39e90264f33305004495a9","hash":"09fdba8ae4469d9d434b3482be853b1df8a22e9d","contentHash":"1090b9db1e0687805cec526c89a89367832f93de84ea4773d4a7890c7b9aea10"},"C:\\elkindy-backend\\config\\logger.js":{"path":"C:\\elkindy-backend\\config\\logger.js","statementMap":{"0":{"start":{"line":1,"column":16},"end":{"line":1,"column":34}},"1":{"start":{"line":3,"column":15},"end":{"line":10,"column":2}},"2":{"start":{"line":12,"column":0},"end":{"line":18,"column":1}},"3":{"start":{"line":13,"column":2},"end":{"line":17,"column":4}},"4":{"start":{"line":20,"column":0},"end":{"line":24,"column":2}},"5":{"start":{"line":22,"column":4},"end":{"line":22,"column":32}},"6":{"start":{"line":26,"column":0},"end":{"line":26,"column":24}}},"fnMap":{"0":{"name":"(anonymous_0)","decl":{"start":{"line":21,"column":9},"end":{"line":21,"column":10}},"loc":{"start":{"line":21,"column":22},"end":{"line":23,"column":3}},"line":21}},"branchMap":{"0":{"loc":{"start":{"line":12,"column":0},"end":{"line":18,"column":1}},"type":"if","locations":[{"start":{"line":12,"column":0},"end":{"line":18,"column":1}},{"start":{},"end":{}}],"line":12}},"s":{"0":1,"1":1,"2":1,"3":1,"4":1,"5":0,"6":1},"f":{"0":0},"b":{"0":[1,0]},"_coverageSchema":"1a1c01bbd47fc00a2c39e90264f33305004495a9","hash":"82cf030207d061a0adab455b5f0e424bbd376c9c","contentHash":"c165aa3f9558cd9394a6648dacc4a4a046ad0354f28f27ae7ad715436ce1b247"},"C:\\elkindy-backend\\config\\vars.js":{"path":"C:\\elkindy-backend\\config\\vars.js","statementMap":{"0":{"start":{"line":1,"column":13},"end":{"line":1,"column":28}},"1":{"start":{"line":2,"column":0},"end":{"line":4,"column":3}},"2":{"start":{"line":6,"column":0},"end":{"line":16,"column":2}}},"fnMap":{},"branchMap":{},"s":{"0":1,"1":1,"2":1},"f":{},"b":{},"_coverageSchema":"1a1c01bbd47fc00a2c39e90264f33305004495a9","hash":"b89e6483d2c61ca4ab88125e30f347b55a89b839","contentHash":"08334a2ce164c69f23ff7f5f5182cdc24d556b49351c5012c88d25c8bfd17d5e"},"C:\\elkindy-backend\\middlewares\\cors.js":{"path":"C:\\elkindy-backend\\middlewares\\cors.js","statementMap":{"0":{"start":{"line":1,"column":13},"end":{"line":1,"column":28}},"1":{"start":{"line":3,"column":20},"end":{"line":6,"column":1}},"2":{"start":{"line":8,"column":0},"end":{"line":8,"column":35}}},"fnMap":{},"branchMap":{},"s":{"0":1,"1":1,"2":1},"f":{},"b":{},"_coverageSchema":"1a1c01bbd47fc00a2c39e90264f33305004495a9","hash":"9e0fb76456944fea40900240e733ad8fa936d669","contentHash":"0a497eaf15adebd40433b1633525961eee57d631df923177e31efc6bf7ec0a95"},"C:\\elkindy-backend\\docs\\swaggerDoc.js":{"path":"C:\\elkindy-backend\\docs\\swaggerDoc.js","statementMap":{"0":{"start":{"line":1,"column":18},"end":{"line":1,"column":47}},"1":{"start":{"line":2,"column":20},"end":{"line":2,"column":44}},"2":{"start":{"line":4,"column":16},"end":{"line":32,"column":1}},"3":{"start":{"line":34,"column":14},"end":{"line":34,"column":34}},"4":{"start":{"line":35,"column":0},"end":{"line":37,"column":2}},"5":{"start":{"line":36,"column":2},"end":{"line":36,"column":60}}},"fnMap":{"0":{"name":"(anonymous_0)","decl":{"start":{"line":35,"column":17},"end":{"line":35,"column":18}},"loc":{"start":{"line":35,"column":24},"end":{"line":37,"column":1}},"line":35}},"branchMap":{},"s":{"0":1,"1":1,"2":1,"3":1,"4":1,"5":1},"f":{"0":1},"b":{},"_coverageSchema":"1a1c01bbd47fc00a2c39e90264f33305004495a9","hash":"0037d8a8fa555adaf8e2f306328821c78f4f34fc","contentHash":"cb9cacdef85f1376f7a0c76f41db95f1af02601e095d8ec4bbad7c8534290fbc"},"C:\\elkindy-backend\\routes\\instrument.route.js":{"path":"C:\\elkindy-backend\\routes\\instrument.route.js","statementMap":{"0":{"start":{"line":1,"column":19},"end":{"line":1,"column":37}},"1":{"start":{"line":2,"column":29},"end":{"line":2,"column":79}},"2":{"start":{"line":3,"column":25},"end":{"line":3,"column":58}},"3":{"start":{"line":5,"column":15},"end":{"line":5,"column":23}},"4":{"start":{"line":6,"column":0},"end":{"line":9,"column":60}},"5":{"start":{"line":11,"column":0},"end":{"line":11,"column":67}},"6":{"start":{"line":13,"column":0},"end":{"line":15,"column":59}},"7":{"start":{"line":17,"column":0},"end":{"line":17,"column":61}},"8":{"start":{"line":19,"column":0},"end":{"line":21,"column":64}},"9":{"start":{"line":23,"column":0},"end":{"line":23,"column":61}},"10":{"start":{"line":25,"column":0},"end":{"line":25,"column":24}}},"fnMap":{},"branchMap":{},"s":{"0":1,"1":1,"2":1,"3":1,"4":1,"5":1,"6":1,"7":1,"8":1,"9":1,"10":1},"f":{},"b":{},"_coverageSchema":"1a1c01bbd47fc00a2c39e90264f33305004495a9","hash":"5904384fcfc9b23023c6d2f3631eb5cc8ccfa196","contentHash":"f50db50804ae96f24b7107aa35135ee07d1e038a59915cd4dd29ec82c65d4a2f"},"C:\\elkindy-backend\\controllers\\instrument.controller.js":{"path":"C:\\elkindy-backend\\controllers\\instrument.controller.js","statementMap":{"0":{"start":{"line":1,"column":19},"end":{"line":1,"column":53}},"1":{"start":{"line":5,"column":4},"end":{"line":5,"column":36}},"2":{"start":{"line":6,"column":23},"end":{"line":6,"column":59}},"3":{"start":{"line":7,"column":17},"end":{"line":7,"column":36}},"4":{"start":{"line":10,"column":19},"end":{"line":10,"column":45}},"5":{"start":{"line":11,"column":19},"end":{"line":11,"column":35}},"6":{"start":{"line":12,"column":22},"end":{"line":12,"column":42}},"7":{"start":{"line":13,"column":17},"end":{"line":13,"column":41}},"8":{"start":{"line":14,"column":4},"end":{"line":28,"column":5}},"9":{"start":{"line":15,"column":24},"end":{"line":17,"column":14}},"10":{"start":{"line":18,"column":6},"end":{"line":22,"column":9}},"11":{"start":{"line":24,"column":6},"end":{"line":24,"column":16}},"12":{"start":{"line":25,"column":6},"end":{"line":27,"column":9}},"13":{"start":{"line":31,"column":4},"end":{"line":56,"column":5}},"14":{"start":{"line":33,"column":8},"end":{"line":33,"column":16}},"15":{"start":{"line":34,"column":21},"end":{"line":34,"column":33}},"16":{"start":{"line":35,"column":25},"end":{"line":44,"column":8}},"17":{"start":{"line":46,"column":6},"end":{"line":46,"column":30}},"18":{"start":{"line":48,"column":6},"end":{"line":50,"column":9}},"19":{"start":{"line":52,"column":6},"end":{"line":54,"column":9}},"20":{"start":{"line":55,"column":6},"end":{"line":55,"column":16}},"21":{"start":{"line":59,"column":4},"end":{"line":84,"column":5}},"22":{"start":{"line":60,"column":17},"end":{"line":60,"column":30}},"23":{"start":{"line":61,"column":25},"end":{"line":61,"column":54}},"24":{"start":{"line":62,"column":6},"end":{"line":81,"column":7}},"25":{"start":{"line":63,"column":20},"end":{"line":63,"column":25}},"26":{"start":{"line":64,"column":26},"end":{"line":64,"column":63}},"27":{"start":{"line":65,"column":8},"end":{"line":72,"column":9}},"28":{"start":{"line":66,"column":10},"end":{"line":66,"column":48}},"29":{"start":{"line":67,"column":10},"end":{"line":67,"column":36}},"30":{"start":{"line":69,"column":10},"end":{"line":69,"column":45}},"31":{"start":{"line":70,"column":10},"end":{"line":70,"column":23}},"32":{"start":{"line":71,"column":10},"end":{"line":71,"column":36}},"33":{"start":{"line":73,"column":8},"end":{"line":73,"column":32}},"34":{"start":{"line":74,"column":8},"end":{"line":78,"column":11}},"35":{"start":{"line":80,"column":8},"end":{"line":80,"column":68}},"36":{"start":{"line":83,"column":6},"end":{"line":83,"column":16}},"37":{"start":{"line":87,"column":4},"end":{"line":107,"column":5}},"38":{"start":{"line":88,"column":27},"end":{"line":90,"column":12}},"39":{"start":{"line":91,"column":21},"end":{"line":91,"column":76}},"40":{"start":{"line":92,"column":24},"end":{"line":94,"column":7}},"41":{"start":{"line":95,"column":27},"end":{"line":97,"column":8}},"42":{"start":{"line":98,"column":6},"end":{"line":101,"column":9}},"43":{"start":{"line":103,"column":6},"end":{"line":105,"column":9}},"44":{"start":{"line":106,"column":6},"end":{"line":106,"column":16}},"45":{"start":{"line":111,"column":4},"end":{"line":133,"column":5}},"46":{"start":{"line":112,"column":26},"end":{"line":112,"column":41}},"47":{"start":{"line":113,"column":21},"end":{"line":113,"column":47}},"48":{"start":{"line":114,"column":21},"end":{"line":114,"column":37}},"49":{"start":{"line":115,"column":24},"end":{"line":122,"column":14}},"50":{"start":{"line":123,"column":6},"end":{"line":127,"column":9}},"51":{"start":{"line":129,"column":6},"end":{"line":131,"column":9}},"52":{"start":{"line":132,"column":6},"end":{"line":132,"column":18}},"53":{"start":{"line":136,"column":4},"end":{"line":149,"column":5}},"54":{"start":{"line":137,"column":21},"end":{"line":137,"column":32}},"55":{"start":{"line":138,"column":26},"end":{"line":138,"column":74}},"56":{"start":{"line":139,"column":6},"end":{"line":143,"column":9}},"57":{"start":{"line":145,"column":6},"end":{"line":145,"column":16}},"58":{"start":{"line":146,"column":6},"end":{"line":148,"column":9}},"59":{"start":{"line":152,"column":4},"end":{"line":169,"column":5}},"60":{"start":{"line":153,"column":27},"end":{"line":153,"column":40}},"61":{"start":{"line":154,"column":25},"end":{"line":154,"column":73}},"62":{"start":{"line":155,"column":6},"end":{"line":157,"column":7}},"63":{"start":{"line":156,"column":8},"end":{"line":156,"column":68}},"64":{"start":{"line":163,"column":6},"end":{"line":166,"column":9}},"65":{"start":{"line":168,"column":6},"end":{"line":168,"column":16}},"66":{"start":{"line":172,"column":0},"end":{"line":172,"column":38}}},"fnMap":{"0":{"name":"(anonymous_0)","decl":{"start":{"line":9,"column":2},"end":{"line":9,"column":3}},"loc":{"start":{"line":9,"column":49},"end":{"line":29,"column":3}},"line":9},"1":{"name":"(anonymous_1)","decl":{"start":{"line":30,"column":2},"end":{"line":30,"column":3}},"loc":{"start":{"line":30,"column":45},"end":{"line":57,"column":3}},"line":30},"2":{"name":"(anonymous_2)","decl":{"start":{"line":58,"column":2},"end":{"line":58,"column":3}},"loc":{"start":{"line":58,"column":43},"end":{"line":85,"column":3}},"line":58},"3":{"name":"(anonymous_3)","decl":{"start":{"line":86,"column":2},"end":{"line":86,"column":3}},"loc":{"start":{"line":86,"column":45},"end":{"line":108,"column":3}},"line":86},"4":{"name":"(anonymous_4)","decl":{"start":{"line":110,"column":2},"end":{"line":110,"column":3}},"loc":{"start":{"line":110,"column":48},"end":{"line":134,"column":3}},"line":110},"5":{"name":"(anonymous_5)","decl":{"start":{"line":135,"column":2},"end":{"line":135,"column":3}},"loc":{"start":{"line":135,"column":50},"end":{"line":150,"column":3}},"line":135},"6":{"name":"(anonymous_6)","decl":{"start":{"line":151,"column":2},"end":{"line":151,"column":3}},"loc":{"start":{"line":151,"column":48},"end":{"line":170,"column":3}},"line":151}},"branchMap":{"0":{"loc":{"start":{"line":13,"column":17},"end":{"line":13,"column":41}},"type":"binary-expr","locations":[{"start":{"line":13,"column":17},"end":{"line":13,"column":35}},{"start":{"line":13,"column":39},"end":{"line":13,"column":41}}],"line":13},"1":{"loc":{"start":{"line":62,"column":6},"end":{"line":81,"column":7}},"type":"if","locations":[{"start":{"line":62,"column":6},"end":{"line":81,"column":7}},{"start":{"line":79,"column":13},"end":{"line":81,"column":7}}],"line":62},"2":{"loc":{"start":{"line":65,"column":8},"end":{"line":72,"column":9}},"type":"if","locations":[{"start":{"line":65,"column":8},"end":{"line":72,"column":9}},{"start":{"line":68,"column":15},"end":{"line":72,"column":9}}],"line":65},"3":{"loc":{"start":{"line":88,"column":27},"end":{"line":90,"column":12}},"type":"cond-expr","locations":[{"start":{"line":89,"column":10},"end":{"line":89,"column":52}},{"start":{"line":90,"column":10},"end":{"line":90,"column":12}}],"line":88},"4":{"loc":{"start":{"line":117,"column":10},"end":{"line":117,"column":30}},"type":"binary-expr","locations":[{"start":{"line":117,"column":10},"end":{"line":117,"column":22}},{"start":{"line":117,"column":26},"end":{"line":117,"column":30}}],"line":117},"5":{"loc":{"start":{"line":155,"column":6},"end":{"line":157,"column":7}},"type":"if","locations":[{"start":{"line":155,"column":6},"end":{"line":157,"column":7}},{"start":{},"end":{}}],"line":155}},"s":{"0":1,"1":1,"2":1,"3":1,"4":0,"5":0,"6":0,"7":0,"8":0,"9":0,"10":0,"11":0,"12":0,"13":0,"14":0,"15":0,"16":0,"17":0,"18":0,"19":0,"20":0,"21":0,"22":0,"23":0,"24":0,"25":0,"26":0,"27":0,"28":0,"29":0,"30":0,"31":0,"32":0,"33":0,"34":0,"35":0,"36":0,"37":0,"38":0,"39":0,"40":0,"41":0,"42":0,"43":0,"44":0,"45":0,"46":0,"47":0,"48":0,"49":0,"50":0,"51":0,"52":0,"53":0,"54":0,"55":0,"56":0,"57":0,"58":0,"59":0,"60":0,"61":0,"62":0,"63":0,"64":0,"65":0,"66":1},"f":{"0":0,"1":0,"2":0,"3":0,"4":0,"5":0,"6":0},"b":{"0":[0,0],"1":[0,0],"2":[0,0],"3":[0,0],"4":[0,0],"5":[0,0]},"_coverageSchema":"1a1c01bbd47fc00a2c39e90264f33305004495a9","hash":"135ffd6465422d10e2c7064d216507d14654ce72","contentHash":"55e3ecc4481f90b47378cc702fc777ae7f31250e5c5aa91b2fad08c472a383ed"},"C:\\elkindy-backend\\models\\instrument.js":{"path":"C:\\elkindy-backend\\models\\instrument.js","statementMap":{"0":{"start":{"line":1,"column":17},"end":{"line":1,"column":36}},"1":{"start":{"line":2,"column":25},"end":{"line":50,"column":1}},"2":{"start":{"line":51,"column":0},"end":{"line":51,"column":64}}},"fnMap":{},"branchMap":{},"s":{"0":1,"1":1,"2":1},"f":{},"b":{},"_coverageSchema":"1a1c01bbd47fc00a2c39e90264f33305004495a9","hash":"c5434887e1dec2d4bf6c0e4dd3844eab905324a0","contentHash":"64c0ea8348606ef2a9880847f554ada163d28ba8be3b6c9f36527367edda2fd3"},"C:\\elkindy-backend\\utils\\pipelines.js":{"path":"C:\\elkindy-backend\\utils\\pipelines.js","statementMap":{"0":{"start":{"line":1,"column":19},"end":{"line":1,"column":53}},"1":{"start":{"line":2,"column":17},"end":{"line":2,"column":36}},"2":{"start":{"line":4,"column":31},"end":{"line":32,"column":1}},"3":{"start":{"line":12,"column":16},"end":{"line":18,"column":3}},"4":{"start":{"line":19,"column":2},"end":{"line":21,"column":3}},"5":{"start":{"line":20,"column":4},"end":{"line":20,"column":33}},"6":{"start":{"line":23,"column":2},"end":{"line":31,"column":4}},"7":{"start":{"line":34,"column":27},"end":{"line":42,"column":1}},"8":{"start":{"line":35,"column":16},"end":{"line":39,"column":3}},"9":{"start":{"line":41,"column":2},"end":{"line":41,"column":51}},"10":{"start":{"line":44,"column":0},"end":{"line":44,"column":64}},"11":{"start":{"line":46,"column":35},"end":{"line":135,"column":1}},"12":{"start":{"line":55,"column":24},"end":{"line":79,"column":3}},"13":{"start":{"line":81,"column":2},"end":{"line":90,"column":3}},"14":{"start":{"line":82,"column":4},"end":{"line":89,"column":7}},"15":{"start":{"line":91,"column":2},"end":{"line":93,"column":3}},"16":{"start":{"line":92,"column":4},"end":{"line":92,"column":31}},"17":{"start":{"line":95,"column":14},"end":{"line":95,"column":18}},"18":{"start":{"line":97,"column":2},"end":{"line":112,"column":3}},"19":{"start":{"line":98,"column":4},"end":{"line":111,"column":6}},"20":{"start":{"line":113,"column":2},"end":{"line":115,"column":3}},"21":{"start":{"line":114,"column":4},"end":{"line":114,"column":44}},"22":{"start":{"line":130,"column":14},"end":{"line":132,"column":35}},"23":{"start":{"line":134,"column":2},"end":{"line":134,"column":46}}},"fnMap":{"0":{"name":"(anonymous_0)","decl":{"start":{"line":4,"column":31},"end":{"line":4,"column":32}},"loc":{"start":{"line":11,"column":5},"end":{"line":32,"column":1}},"line":11},"1":{"name":"(anonymous_1)","decl":{"start":{"line":34,"column":27},"end":{"line":34,"column":28}},"loc":{"start":{"line":34,"column":53},"end":{"line":42,"column":1}},"line":34},"2":{"name":"(anonymous_2)","decl":{"start":{"line":46,"column":35},"end":{"line":46,"column":36}},"loc":{"start":{"line":54,"column":5},"end":{"line":135,"column":1}},"line":54}},"branchMap":{"0":{"loc":{"start":{"line":19,"column":2},"end":{"line":21,"column":3}},"type":"if","locations":[{"start":{"line":19,"column":2},"end":{"line":21,"column":3}},{"start":{},"end":{}}],"line":19},"1":{"loc":{"start":{"line":81,"column":2},"end":{"line":90,"column":3}},"type":"if","locations":[{"start":{"line":81,"column":2},"end":{"line":90,"column":3}},{"start":{},"end":{}}],"line":81},"2":{"loc":{"start":{"line":91,"column":2},"end":{"line":93,"column":3}},"type":"if","locations":[{"start":{"line":91,"column":2},"end":{"line":93,"column":3}},{"start":{},"end":{}}],"line":91},"3":{"loc":{"start":{"line":97,"column":2},"end":{"line":112,"column":3}},"type":"if","locations":[{"start":{"line":97,"column":2},"end":{"line":112,"column":3}},{"start":{},"end":{}}],"line":97},"4":{"loc":{"start":{"line":113,"column":2},"end":{"line":115,"column":3}},"type":"if","locations":[{"start":{"line":113,"column":2},"end":{"line":115,"column":3}},{"start":{},"end":{}}],"line":113},"5":{"loc":{"start":{"line":130,"column":14},"end":{"line":132,"column":35}},"type":"cond-expr","locations":[{"start":{"line":131,"column":6},"end":{"line":131,"column":41}},{"start":{"line":132,"column":6},"end":{"line":132,"column":35}}],"line":130}},"s":{"0":1,"1":1,"2":1,"3":0,"4":0,"5":0,"6":0,"7":1,"8":0,"9":0,"10":1,"11":1,"12":0,"13":0,"14":0,"15":0,"16":0,"17":0,"18":0,"19":0,"20":0,"21":0,"22":0,"23":0},"f":{"0":0,"1":0,"2":0},"b":{"0":[0,0],"1":[0,0],"2":[0,0],"3":[0,0],"4":[0,0],"5":[0,0]},"_coverageSchema":"1a1c01bbd47fc00a2c39e90264f33305004495a9","hash":"aab4d4d2454f5b4e85de4b47264f3bbac65007ed","contentHash":"b2f667d4472ea6fdcd3eefe269da085a83d3c88e416bd3b57555ed7287d65210"},"C:\\elkindy-backend\\utils\\formatQueries.js":{"path":"C:\\elkindy-backend\\utils\\formatQueries.js","statementMap":{"0":{"start":{"line":2,"column":2},"end":{"line":18,"column":3}},"1":{"start":{"line":3,"column":4},"end":{"line":17,"column":5}},"2":{"start":{"line":4,"column":6},"end":{"line":9,"column":8}},"3":{"start":{"line":11,"column":6},"end":{"line":16,"column":8}},"4":{"start":{"line":20,"column":2},"end":{"line":24,"column":4}},"5":{"start":{"line":27,"column":0},"end":{"line":27,"column":32}}},"fnMap":{"0":{"name":"formatSort","decl":{"start":{"line":1,"column":9},"end":{"line":1,"column":19}},"loc":{"start":{"line":1,"column":31},"end":{"line":25,"column":1}},"line":1}},"branchMap":{"0":{"loc":{"start":{"line":2,"column":2},"end":{"line":18,"column":3}},"type":"if","locations":[{"start":{"line":2,"column":2},"end":{"line":18,"column":3}},{"start":{},"end":{}}],"line":2},"1":{"loc":{"start":{"line":3,"column":4},"end":{"line":17,"column":5}},"type":"if","locations":[{"start":{"line":3,"column":4},"end":{"line":17,"column":5}},{"start":{"line":10,"column":11},"end":{"line":17,"column":5}}],"line":3}},"s":{"0":0,"1":0,"2":0,"3":0,"4":0,"5":1},"f":{"0":0},"b":{"0":[0,0],"1":[0,0]},"_coverageSchema":"1a1c01bbd47fc00a2c39e90264f33305004495a9","hash":"883200f62a0d35e06d4ee9a9961500527d4a8b0c","contentHash":"822d6c2453d0e62dbf33cd609f9158efcf21deb92376e1b42675f08037f66dee"},"C:\\elkindy-backend\\middlewares\\auth.js":{"path":"C:\\elkindy-backend\\middlewares\\auth.js","statementMap":{"0":{"start":{"line":1,"column":12},"end":{"line":1,"column":35}},"1":{"start":{"line":2,"column":22},"end":{"line":2,"column":55}},"2":{"start":{"line":3,"column":13},"end":{"line":3,"column":38}},"3":{"start":{"line":4,"column":37},"end":{"line":4,"column":62}},"4":{"start":{"line":7,"column":2},"end":{"line":37,"column":4}},"5":{"start":{"line":10,"column":4},"end":{"line":16,"column":5}},"6":{"start":{"line":14,"column":6},"end":{"line":14,"column":54}},"7":{"start":{"line":17,"column":4},"end":{"line":19,"column":5}},"8":{"start":{"line":18,"column":6},"end":{"line":18,"column":63}},"9":{"start":{"line":20,"column":4},"end":{"line":36,"column":5}},"10":{"start":{"line":21,"column":22},"end":{"line":21,"column":60}},"11":{"start":{"line":23,"column":19},"end":{"line":23,"column":50}},"12":{"start":{"line":24,"column":6},"end":{"line":26,"column":7}},"13":{"start":{"line":25,"column":8},"end":{"line":25,"column":62}},"14":{"start":{"line":27,"column":6},"end":{"line":32,"column":7}},"15":{"start":{"line":28,"column":8},"end":{"line":28,"column":24}},"16":{"start":{"line":29,"column":8},"end":{"line":29,"column":15}},"17":{"start":{"line":31,"column":8},"end":{"line":31,"column":63}},"18":{"start":{"line":34,"column":6},"end":{"line":34,"column":25}},"19":{"start":{"line":35,"column":6},"end":{"line":35,"column":18}},"20":{"start":{"line":40,"column":0},"end":{"line":40,"column":34}}},"fnMap":{"0":{"name":"authenticate","decl":{"start":{"line":6,"column":9},"end":{"line":6,"column":21}},"loc":{"start":{"line":6,"column":34},"end":{"line":38,"column":1}},"line":6},"1":{"name":"(anonymous_1)","decl":{"start":{"line":7,"column":9},"end":{"line":7,"column":10}},"loc":{"start":{"line":7,"column":35},"end":{"line":37,"column":3}},"line":7}},"branchMap":{"0":{"loc":{"start":{"line":6,"column":22},"end":{"line":6,"column":32}},"type":"default-arg","locations":[{"start":{"line":6,"column":30},"end":{"line":6,"column":32}}],"line":6},"1":{"loc":{"start":{"line":10,"column":4},"end":{"line":16,"column":5}},"type":"if","locations":[{"start":{"line":10,"column":4},"end":{"line":16,"column":5}},{"start":{},"end":{}}],"line":10},"2":{"loc":{"start":{"line":11,"column":6},"end":{"line":12,"column":52}},"type":"binary-expr","locations":[{"start":{"line":11,"column":6},"end":{"line":11,"column":31}},{"start":{"line":12,"column":6},"end":{"line":12,"column":52}}],"line":11},"3":{"loc":{"start":{"line":17,"column":4},"end":{"line":19,"column":5}},"type":"if","locations":[{"start":{"line":17,"column":4},"end":{"line":19,"column":5}},{"start":{},"end":{}}],"line":17},"4":{"loc":{"start":{"line":24,"column":6},"end":{"line":26,"column":7}},"type":"if","locations":[{"start":{"line":24,"column":6},"end":{"line":26,"column":7}},{"start":{},"end":{}}],"line":24},"5":{"loc":{"start":{"line":27,"column":6},"end":{"line":32,"column":7}},"type":"if","locations":[{"start":{"line":27,"column":6},"end":{"line":32,"column":7}},{"start":{"line":30,"column":13},"end":{"line":32,"column":7}}],"line":27},"6":{"loc":{"start":{"line":27,"column":10},"end":{"line":27,"column":52}},"type":"binary-expr","locations":[{"start":{"line":27,"column":10},"end":{"line":27,"column":23}},{"start":{"line":27,"column":27},"end":{"line":27,"column":52}}],"line":27}},"s":{"0":1,"1":1,"2":1,"3":1,"4":4,"5":0,"6":0,"7":0,"8":0,"9":0,"10":0,"11":0,"12":0,"13":0,"14":0,"15":0,"16":0,"17":0,"18":0,"19":0,"20":1},"f":{"0":4,"1":0},"b":{"0":[4],"1":[0,0],"2":[0,0],"3":[0,0],"4":[0,0],"5":[0,0],"6":[0,0]},"_coverageSchema":"1a1c01bbd47fc00a2c39e90264f33305004495a9","hash":"0b27c3c798ef7d90a5ec397fcb2be91650223b04","contentHash":"12388919e89cc6a50a379b9c7212dd5b27af73167dae662429dff27041e6214b"},"C:\\elkindy-backend\\utils\\ErrorResponse.js":{"path":"C:\\elkindy-backend\\utils\\ErrorResponse.js","statementMap":{"0":{"start":{"line":3,"column":4},"end":{"line":3,"column":19}},"1":{"start":{"line":4,"column":4},"end":{"line":4,"column":33}},"2":{"start":{"line":7,"column":0},"end":{"line":7,"column":31}}},"fnMap":{"0":{"name":"(anonymous_0)","decl":{"start":{"line":2,"column":2},"end":{"line":2,"column":3}},"loc":{"start":{"line":2,"column":35},"end":{"line":5,"column":3}},"line":2}},"branchMap":{},"s":{"0":0,"1":0,"2":1},"f":{"0":0},"b":{},"_coverageSchema":"1a1c01bbd47fc00a2c39e90264f33305004495a9","hash":"1550c5ad7c9d5c15fda8c26a09fb42ac148d3c6d","contentHash":"8eb044b4182f4b0363a4523860717af61f67bbd38067c089f06019f546323473"},"C:\\elkindy-backend\\models\\user.js":{"path":"C:\\elkindy-backend\\models\\user.js","statementMap":{"0":{"start":{"line":1,"column":15},"end":{"line":1,"column":32}},"1":{"start":{"line":2,"column":17},"end":{"line":2,"column":36}},"2":{"start":{"line":3,"column":15},"end":{"line":3,"column":30}},"3":{"start":{"line":5,"column":19},"end":{"line":62,"column":2}},"4":{"start":{"line":65,"column":0},"end":{"line":67,"column":3}},"5":{"start":{"line":66,"column":2},"end":{"line":66,"column":55}},"6":{"start":{"line":69,"column":0},"end":{"line":71,"column":1}},"7":{"start":{"line":70,"column":2},"end":{"line":70,"column":61}},"8":{"start":{"line":74,"column":0},"end":{"line":79,"column":1}},"9":{"start":{"line":75,"column":21},"end":{"line":75,"column":59}},"10":{"start":{"line":76,"column":2},"end":{"line":76,"column":88}},"11":{"start":{"line":77,"column":2},"end":{"line":77,"column":57}},"12":{"start":{"line":78,"column":2},"end":{"line":78,"column":19}},"13":{"start":{"line":80,"column":0},"end":{"line":80,"column":53}}},"fnMap":{"0":{"name":"(anonymous_0)","decl":{"start":{"line":65,"column":23},"end":{"line":65,"column":24}},"loc":{"start":{"line":65,"column":41},"end":{"line":67,"column":1}},"line":65},"1":{"name":"(anonymous_1)","decl":{"start":{"line":69,"column":39},"end":{"line":69,"column":40}},"loc":{"start":{"line":69,"column":70},"end":{"line":71,"column":1}},"line":69},"2":{"name":"(anonymous_2)","decl":{"start":{"line":74,"column":40},"end":{"line":74,"column":41}},"loc":{"start":{"line":74,"column":56},"end":{"line":79,"column":1}},"line":74}},"branchMap":{},"s":{"0":1,"1":1,"2":1,"3":1,"4":1,"5":0,"6":1,"7":0,"8":1,"9":0,"10":0,"11":0,"12":0,"13":1},"f":{"0":0,"1":0,"2":0},"b":{},"_coverageSchema":"1a1c01bbd47fc00a2c39e90264f33305004495a9","hash":"dd7e2edf8d6d51601f46a91832a1592fbc1a2fbd","contentHash":"7f6ef84b82794130712d5b467a7670b2ff3e63d53d1b8d0d05891adee13e5d0c"},"C:\\elkindy-backend\\routes\\userRoutes\\index.js":{"path":"C:\\elkindy-backend\\routes\\userRoutes\\index.js","statementMap":{"0":{"start":{"line":1,"column":16},"end":{"line":1,"column":34}},"1":{"start":{"line":2,"column":15},"end":{"line":2,"column":31}},"2":{"start":{"line":3,"column":25},"end":{"line":3,"column":83}},"3":{"start":{"line":5,"column":0},"end":{"line":5,"column":38}},"4":{"start":{"line":6,"column":23},"end":{"line":6,"column":73}},"5":{"start":{"line":10,"column":80},"end":{"line":10,"column":132}},"6":{"start":{"line":11,"column":35},"end":{"line":11,"column":71}},"7":{"start":{"line":13,"column":0},"end":{"line":13,"column":54}},"8":{"start":{"line":14,"column":0},"end":{"line":14,"column":62}},"9":{"start":{"line":15,"column":0},"end":{"line":15,"column":49}},"10":{"start":{"line":16,"column":0},"end":{"line":16,"column":54}},"11":{"start":{"line":17,"column":0},"end":{"line":17,"column":42}},"12":{"start":{"line":18,"column":0},"end":{"line":18,"column":44}},"13":{"start":{"line":19,"column":0},"end":{"line":19,"column":38}},"14":{"start":{"line":21,"column":0},"end":{"line":21,"column":39}},"15":{"start":{"line":23,"column":0},"end":{"line":23,"column":24}}},"fnMap":{},"branchMap":{},"s":{"0":1,"1":1,"2":1,"3":1,"4":1,"5":1,"6":1,"7":1,"8":1,"9":1,"10":1,"11":1,"12":1,"13":1,"14":1,"15":1},"f":{},"b":{},"_coverageSchema":"1a1c01bbd47fc00a2c39e90264f33305004495a9","hash":"b64b73ceef090fd8949d66d7b14cb9271317a855","contentHash":"24ae407f590f077c7d947bf382610ffe6b08fdbd3d40a413b8af72b237bd22d3"},"C:\\elkindy-backend\\controllers\\userController\\userController.js":{"path":"C:\\elkindy-backend\\controllers\\userController\\userController.js","statementMap":{"0":{"start":{"line":1,"column":13},"end":{"line":1,"column":41}},"1":{"start":{"line":3,"column":0},"end":{"line":11,"column":2}},"2":{"start":{"line":4,"column":4},"end":{"line":10,"column":5}},"3":{"start":{"line":5,"column":25},"end":{"line":5,"column":99}},"4":{"start":{"line":6,"column":8},"end":{"line":6,"column":27}},"5":{"start":{"line":8,"column":8},"end":{"line":8,"column":58}},"6":{"start":{"line":9,"column":8},"end":{"line":9,"column":70}}},"fnMap":{"0":{"name":"(anonymous_0)","decl":{"start":{"line":3,"column":23},"end":{"line":3,"column":24}},"loc":{"start":{"line":3,"column":43},"end":{"line":11,"column":1}},"line":3}},"branchMap":{},"s":{"0":1,"1":1,"2":0,"3":0,"4":0,"5":0,"6":0},"f":{"0":0},"b":{},"_coverageSchema":"1a1c01bbd47fc00a2c39e90264f33305004495a9","hash":"c9ffbb9d8ca4a2a9a1846b856e359ff82c3d585e","contentHash":"3532a6e4a3497cc106af5d11235bb9e4a38906f05c296fb685c143796fd23cf4"},"C:\\elkindy-backend\\controllers\\userControllers\\index.js":{"path":"C:\\elkindy-backend\\controllers\\userControllers\\index.js","statementMap":{"0":{"start":{"line":1,"column":21},"end":{"line":1,"column":62}},"1":{"start":{"line":2,"column":13},"end":{"line":2,"column":41}},"2":{"start":{"line":3,"column":15},"end":{"line":3,"column":32}},"3":{"start":{"line":5,"column":0},"end":{"line":11,"column":2}},"4":{"start":{"line":6,"column":21},"end":{"line":6,"column":29}},"5":{"start":{"line":7,"column":20},"end":{"line":7,"column":38}},"6":{"start":{"line":8,"column":4},"end":{"line":8,"column":25}},"7":{"start":{"line":9,"column":4},"end":{"line":9,"column":34}},"8":{"start":{"line":12,"column":0},"end":{"line":15,"column":3}},"9":{"start":{"line":13,"column":18},"end":{"line":13,"column":35}},"10":{"start":{"line":14,"column":4},"end":{"line":14,"column":32}},"11":{"start":{"line":17,"column":0},"end":{"line":23,"column":3}},"12":{"start":{"line":18,"column":17},"end":{"line":18,"column":51}},"13":{"start":{"line":19,"column":4},"end":{"line":21,"column":5}},"14":{"start":{"line":20,"column":8},"end":{"line":20,"column":67}},"15":{"start":{"line":22,"column":4},"end":{"line":22,"column":31}},"16":{"start":{"line":25,"column":0},"end":{"line":31,"column":3}},"17":{"start":{"line":26,"column":24},"end":{"line":26,"column":92}},"18":{"start":{"line":27,"column":4},"end":{"line":29,"column":5}},"19":{"start":{"line":28,"column":8},"end":{"line":28,"column":67}},"20":{"start":{"line":30,"column":4},"end":{"line":30,"column":38}},"21":{"start":{"line":34,"column":0},"end":{"line":40,"column":3}},"22":{"start":{"line":35,"column":24},"end":{"line":35,"column":67}},"23":{"start":{"line":36,"column":4},"end":{"line":38,"column":5}},"24":{"start":{"line":37,"column":8},"end":{"line":37,"column":67}},"25":{"start":{"line":39,"column":4},"end":{"line":39,"column":67}},"26":{"start":{"line":41,"column":0},"end":{"line":45,"column":3}},"27":{"start":{"line":42,"column":21},"end":{"line":42,"column":95}},"28":{"start":{"line":43,"column":4},"end":{"line":43,"column":23}},"29":{"start":{"line":49,"column":1},"end":{"line":53,"column":3}},"30":{"start":{"line":50,"column":21},"end":{"line":50,"column":95}},"31":{"start":{"line":51,"column":4},"end":{"line":51,"column":23}},"32":{"start":{"line":55,"column":0},"end":{"line":59,"column":1}}},"fnMap":{"0":{"name":"(anonymous_0)","decl":{"start":{"line":5,"column":25},"end":{"line":5,"column":26}},"loc":{"start":{"line":5,"column":45},"end":{"line":10,"column":3}},"line":5},"1":{"name":"(anonymous_1)","decl":{"start":{"line":12,"column":27},"end":{"line":12,"column":28}},"loc":{"start":{"line":12,"column":47},"end":{"line":15,"column":1}},"line":12},"2":{"name":"(anonymous_2)","decl":{"start":{"line":17,"column":27},"end":{"line":17,"column":28}},"loc":{"start":{"line":17,"column":47},"end":{"line":23,"column":1}},"line":17},"3":{"name":"(anonymous_3)","decl":{"start":{"line":25,"column":26},"end":{"line":25,"column":27}},"loc":{"start":{"line":25,"column":46},"end":{"line":31,"column":1}},"line":25},"4":{"name":"(anonymous_4)","decl":{"start":{"line":34,"column":26},"end":{"line":34,"column":27}},"loc":{"start":{"line":34,"column":46},"end":{"line":40,"column":1}},"line":34},"5":{"name":"(anonymous_5)","decl":{"start":{"line":41,"column":28},"end":{"line":41,"column":29}},"loc":{"start":{"line":41,"column":48},"end":{"line":45,"column":1}},"line":41},"6":{"name":"(anonymous_6)","decl":{"start":{"line":49,"column":31},"end":{"line":49,"column":32}},"loc":{"start":{"line":49,"column":51},"end":{"line":53,"column":1}},"line":49}},"branchMap":{"0":{"loc":{"start":{"line":19,"column":4},"end":{"line":21,"column":5}},"type":"if","locations":[{"start":{"line":19,"column":4},"end":{"line":21,"column":5}},{"start":{},"end":{}}],"line":19},"1":{"loc":{"start":{"line":27,"column":4},"end":{"line":29,"column":5}},"type":"if","locations":[{"start":{"line":27,"column":4},"end":{"line":29,"column":5}},{"start":{},"end":{}}],"line":27},"2":{"loc":{"start":{"line":36,"column":4},"end":{"line":38,"column":5}},"type":"if","locations":[{"start":{"line":36,"column":4},"end":{"line":38,"column":5}},{"start":{},"end":{}}],"line":36}},"s":{"0":1,"1":1,"2":1,"3":1,"4":0,"5":0,"6":0,"7":0,"8":1,"9":0,"10":0,"11":1,"12":0,"13":0,"14":0,"15":0,"16":1,"17":0,"18":0,"19":0,"20":0,"21":1,"22":0,"23":0,"24":0,"25":0,"26":1,"27":0,"28":0,"29":1,"30":0,"31":0,"32":1},"f":{"0":0,"1":0,"2":0,"3":0,"4":0,"5":0,"6":0},"b":{"0":[0,0],"1":[0,0],"2":[0,0]},"_coverageSchema":"1a1c01bbd47fc00a2c39e90264f33305004495a9","hash":"6741cbf05f190c58ea7689bc44a9b66ca0f6c1b9","contentHash":"6269e7381e03d33d3632232b9a4d8744df9b57cc712803fbc56d201c5ee8976e"},"C:\\elkindy-backend\\middlewares\\asyncHandler.js":{"path":"C:\\elkindy-backend\\middlewares\\asyncHandler.js","statementMap":{"0":{"start":{"line":1,"column":21},"end":{"line":5,"column":3}},"1":{"start":{"line":1,"column":29},"end":{"line":5,"column":3}},"2":{"start":{"line":2,"column":4},"end":{"line":4,"column":7}},"3":{"start":{"line":3,"column":6},"end":{"line":3,"column":55}},"4":{"start":{"line":7,"column":2},"end":{"line":7,"column":32}}},"fnMap":{"0":{"name":"(anonymous_0)","decl":{"start":{"line":1,"column":21},"end":{"line":1,"column":22}},"loc":{"start":{"line":1,"column":29},"end":{"line":5,"column":3}},"line":1},"1":{"name":"(anonymous_1)","decl":{"start":{"line":1,"column":29},"end":{"line":1,"column":30}},"loc":{"start":{"line":1,"column":49},"end":{"line":5,"column":3}},"line":1},"2":{"name":"(anonymous_2)","decl":{"start":{"line":2,"column":46},"end":{"line":2,"column":47}},"loc":{"start":{"line":2,"column":57},"end":{"line":4,"column":5}},"line":2}},"branchMap":{},"s":{"0":1,"1":12,"2":0,"3":0,"4":1},"f":{"0":12,"1":0,"2":0},"b":{},"_coverageSchema":"1a1c01bbd47fc00a2c39e90264f33305004495a9","hash":"3b5e603efebd444a1f03afa619d1a4e009643671","contentHash":"6dee38c1292a2989d735ef62f610a157584165ce62385c662cc95834dc5f67c0"},"C:\\elkindy-backend\\middlewares\\authJWT.js":{"path":"C:\\elkindy-backend\\middlewares\\authJWT.js","statementMap":{"0":{"start":{"line":1,"column":13},"end":{"line":1,"column":38}},"1":{"start":{"line":2,"column":0},"end":{"line":2,"column":27}},"2":{"start":{"line":3,"column":12},"end":{"line":3,"column":35}},"3":{"start":{"line":4,"column":21},"end":{"line":4,"column":46}},"4":{"start":{"line":6,"column":0},"end":{"line":24,"column":2}},"5":{"start":{"line":7,"column":16},"end":{"line":7,"column":33}},"6":{"start":{"line":8,"column":2},"end":{"line":10,"column":3}},"7":{"start":{"line":9,"column":6},"end":{"line":9,"column":41}},"8":{"start":{"line":11,"column":2},"end":{"line":23,"column":5}},"9":{"start":{"line":12,"column":6},"end":{"line":22,"column":7}},"10":{"start":{"line":13,"column":10},"end":{"line":13,"column":54}},"11":{"start":{"line":15,"column":23},"end":{"line":15,"column":51}},"12":{"start":{"line":16,"column":10},"end":{"line":21,"column":11}},"13":{"start":{"line":17,"column":14},"end":{"line":17,"column":30}},"14":{"start":{"line":18,"column":14},"end":{"line":18,"column":28}},"15":{"start":{"line":20,"column":14},"end":{"line":20,"column":55}},"16":{"start":{"line":26,"column":0},"end":{"line":47,"column":3}},"17":{"start":{"line":27,"column":16},"end":{"line":27,"column":33}},"18":{"start":{"line":28,"column":2},"end":{"line":30,"column":3}},"19":{"start":{"line":29,"column":6},"end":{"line":29,"column":43}},"20":{"start":{"line":31,"column":2},"end":{"line":46,"column":5}},"21":{"start":{"line":32,"column":6},"end":{"line":45,"column":7}},"22":{"start":{"line":33,"column":10},"end":{"line":33,"column":47}},"23":{"start":{"line":35,"column":23},"end":{"line":35,"column":51}},"24":{"start":{"line":36,"column":10},"end":{"line":44,"column":11}},"25":{"start":{"line":37,"column":14},"end":{"line":37,"column":48}},"26":{"start":{"line":39,"column":14},"end":{"line":43,"column":15}},"27":{"start":{"line":40,"column":18},"end":{"line":40,"column":58}},"28":{"start":{"line":42,"column":18},"end":{"line":42,"column":25}},"29":{"start":{"line":49,"column":0},"end":{"line":63,"column":4}},"30":{"start":{"line":50,"column":18},"end":{"line":50,"column":58}},"31":{"start":{"line":52,"column":4},"end":{"line":54,"column":5}},"32":{"start":{"line":53,"column":6},"end":{"line":53,"column":89}},"33":{"start":{"line":56,"column":4},"end":{"line":62,"column":5}},"34":{"start":{"line":57,"column":22},"end":{"line":57,"column":63}},"35":{"start":{"line":58,"column":6},"end":{"line":58,"column":25}},"36":{"start":{"line":59,"column":6},"end":{"line":59,"column":13}},"37":{"start":{"line":61,"column":6},"end":{"line":61,"column":64}}},"fnMap":{"0":{"name":"(anonymous_0)","decl":{"start":{"line":6,"column":32},"end":{"line":6,"column":33}},"loc":{"start":{"line":6,"column":52},"end":{"line":24,"column":1}},"line":6},"1":{"name":"(anonymous_1)","decl":{"start":{"line":11,"column":43},"end":{"line":11,"column":44}},"loc":{"start":{"line":11,"column":64},"end":{"line":23,"column":3}},"line":11},"2":{"name":"(anonymous_2)","decl":{"start":{"line":26,"column":38},"end":{"line":26,"column":39}},"loc":{"start":{"line":26,"column":64},"end":{"line":47,"column":1}},"line":26},"3":{"name":"(anonymous_3)","decl":{"start":{"line":31,"column":43},"end":{"line":31,"column":44}},"loc":{"start":{"line":31,"column":64},"end":{"line":46,"column":3}},"line":31},"4":{"name":"(anonymous_4)","decl":{"start":{"line":49,"column":27},"end":{"line":49,"column":28}},"loc":{"start":{"line":49,"column":47},"end":{"line":63,"column":3}},"line":49}},"branchMap":{"0":{"loc":{"start":{"line":8,"column":2},"end":{"line":10,"column":3}},"type":"if","locations":[{"start":{"line":8,"column":2},"end":{"line":10,"column":3}},{"start":{},"end":{}}],"line":8},"1":{"loc":{"start":{"line":12,"column":6},"end":{"line":22,"column":7}},"type":"if","locations":[{"start":{"line":12,"column":6},"end":{"line":22,"column":7}},{"start":{"line":14,"column":13},"end":{"line":22,"column":7}}],"line":12},"2":{"loc":{"start":{"line":16,"column":10},"end":{"line":21,"column":11}},"type":"if","locations":[{"start":{"line":16,"column":10},"end":{"line":21,"column":11}},{"start":{"line":19,"column":17},"end":{"line":21,"column":11}}],"line":16},"3":{"loc":{"start":{"line":28,"column":2},"end":{"line":30,"column":3}},"type":"if","locations":[{"start":{"line":28,"column":2},"end":{"line":30,"column":3}},{"start":{},"end":{}}],"line":28},"4":{"loc":{"start":{"line":32,"column":6},"end":{"line":45,"column":7}},"type":"if","locations":[{"start":{"line":32,"column":6},"end":{"line":45,"column":7}},{"start":{"line":34,"column":13},"end":{"line":45,"column":7}}],"line":32},"5":{"loc":{"start":{"line":36,"column":10},"end":{"line":44,"column":11}},"type":"if","locations":[{"start":{"line":36,"column":10},"end":{"line":44,"column":11}},{"start":{"line":38,"column":17},"end":{"line":44,"column":11}}],"line":36},"6":{"loc":{"start":{"line":39,"column":14},"end":{"line":43,"column":15}},"type":"if","locations":[{"start":{"line":39,"column":14},"end":{"line":43,"column":15}},{"start":{"line":41,"column":21},"end":{"line":43,"column":15}}],"line":39},"7":{"loc":{"start":{"line":52,"column":4},"end":{"line":54,"column":5}},"type":"if","locations":[{"start":{"line":52,"column":4},"end":{"line":54,"column":5}},{"start":{},"end":{}}],"line":52}},"s":{"0":1,"1":1,"2":1,"3":1,"4":1,"5":0,"6":0,"7":0,"8":0,"9":0,"10":0,"11":0,"12":0,"13":0,"14":0,"15":0,"16":1,"17":0,"18":0,"19":0,"20":0,"21":0,"22":0,"23":0,"24":0,"25":0,"26":0,"27":0,"28":0,"29":1,"30":0,"31":0,"32":0,"33":0,"34":0,"35":0,"36":0,"37":0},"f":{"0":0,"1":0,"2":0,"3":0,"4":0},"b":{"0":[0,0],"1":[0,0],"2":[0,0],"3":[0,0],"4":[0,0],"5":[0,0],"6":[0,0],"7":[0,0]},"_coverageSchema":"1a1c01bbd47fc00a2c39e90264f33305004495a9","hash":"fa736f78b34e4a379664a79252acfd7e0706ae4c","contentHash":"d830ffef2ff6f5933bb25b40cd53177e252e05a0a864cc7e762e451b4dcd2a09"},"C:\\elkindy-backend\\routes\\courseRoutes\\courseRoutes.js":{"path":"C:\\elkindy-backend\\routes\\courseRoutes\\courseRoutes.js","statementMap":{"0":{"start":{"line":2,"column":16},"end":{"line":2,"column":34}},"1":{"start":{"line":3,"column":15},"end":{"line":3,"column":31}},"2":{"start":{"line":4,"column":25},"end":{"line":4,"column":87}},"3":{"start":{"line":6,"column":0},"end":{"line":6,"column":48}},"4":{"start":{"line":7,"column":0},"end":{"line":7,"column":47}},"5":{"start":{"line":8,"column":0},"end":{"line":8,"column":50}},"6":{"start":{"line":9,"column":0},"end":{"line":9,"column":53}},"7":{"start":{"line":11,"column":0},"end":{"line":11,"column":46}},"8":{"start":{"line":14,"column":0},"end":{"line":14,"column":74}},"9":{"start":{"line":18,"column":0},"end":{"line":18,"column":61}},"10":{"start":{"line":19,"column":0},"end":{"line":19,"column":67}},"11":{"start":{"line":21,"column":0},"end":{"line":21,"column":81}},"12":{"start":{"line":22,"column":0},"end":{"line":22,"column":80}},"13":{"start":{"line":24,"column":0},"end":{"line":24,"column":24}}},"fnMap":{},"branchMap":{},"s":{"0":1,"1":1,"2":1,"3":1,"4":1,"5":1,"6":1,"7":1,"8":1,"9":1,"10":1,"11":1,"12":1,"13":1},"f":{},"b":{},"_coverageSchema":"1a1c01bbd47fc00a2c39e90264f33305004495a9","hash":"47793e581ad3c06af2a7481719a1ca9bb9158ddf","contentHash":"d2d3d7ef2dd6ef3867408fd6714a350ccfaabc5379a5a8c50ee72ce4ad86307e"},"C:\\elkindy-backend\\controllers\\courseController\\courseController.js":{"path":"C:\\elkindy-backend\\controllers\\courseController\\courseController.js","statementMap":{"0":{"start":{"line":1,"column":15},"end":{"line":1,"column":45}},"1":{"start":{"line":3,"column":0},"end":{"line":11,"column":2}},"2":{"start":{"line":4,"column":4},"end":{"line":10,"column":5}},"3":{"start":{"line":5,"column":26},"end":{"line":5,"column":46}},"4":{"start":{"line":6,"column":28},"end":{"line":6,"column":50}},"5":{"start":{"line":7,"column":8},"end":{"line":7,"column":42}},"6":{"start":{"line":9,"column":8},"end":{"line":9,"column":57}},"7":{"start":{"line":13,"column":0},"end":{"line":21,"column":2}},"8":{"start":{"line":14,"column":4},"end":{"line":20,"column":5}},"9":{"start":{"line":15,"column":23},"end":{"line":15,"column":59}},"10":{"start":{"line":16,"column":8},"end":{"line":16,"column":82}},"11":{"start":{"line":16,"column":21},"end":{"line":16,"column":82}},"12":{"start":{"line":17,"column":8},"end":{"line":17,"column":25}},"13":{"start":{"line":19,"column":8},"end":{"line":19,"column":57}},"14":{"start":{"line":23,"column":0},"end":{"line":31,"column":2}},"15":{"start":{"line":24,"column":4},"end":{"line":30,"column":5}},"16":{"start":{"line":25,"column":23},"end":{"line":25,"column":93}},"17":{"start":{"line":26,"column":8},"end":{"line":26,"column":82}},"18":{"start":{"line":26,"column":21},"end":{"line":26,"column":82}},"19":{"start":{"line":27,"column":8},"end":{"line":27,"column":25}},"20":{"start":{"line":29,"column":8},"end":{"line":29,"column":57}},"21":{"start":{"line":33,"column":0},"end":{"line":41,"column":2}},"22":{"start":{"line":34,"column":4},"end":{"line":40,"column":5}},"23":{"start":{"line":35,"column":23},"end":{"line":35,"column":68}},"24":{"start":{"line":36,"column":8},"end":{"line":36,"column":82}},"25":{"start":{"line":36,"column":21},"end":{"line":36,"column":82}},"26":{"start":{"line":37,"column":8},"end":{"line":37,"column":61}},"27":{"start":{"line":39,"column":8},"end":{"line":39,"column":57}},"28":{"start":{"line":43,"column":0},"end":{"line":72,"column":2}},"29":{"start":{"line":44,"column":17},"end":{"line":44,"column":46}},"30":{"start":{"line":45,"column":21},"end":{"line":45,"column":56}},"31":{"start":{"line":46,"column":24},"end":{"line":46,"column":51}},"32":{"start":{"line":49,"column":4},"end":{"line":70,"column":5}},"33":{"start":{"line":51,"column":22},"end":{"line":54,"column":9}},"34":{"start":{"line":56,"column":22},"end":{"line":56,"column":56}},"35":{"start":{"line":57,"column":24},"end":{"line":59,"column":28}},"36":{"start":{"line":61,"column":8},"end":{"line":67,"column":11}},"37":{"start":{"line":69,"column":8},"end":{"line":69,"column":57}},"38":{"start":{"line":75,"column":0},"end":{"line":83,"column":2}},"39":{"start":{"line":76,"column":4},"end":{"line":82,"column":5}},"40":{"start":{"line":77,"column":25},"end":{"line":77,"column":44}},"41":{"start":{"line":78,"column":24},"end":{"line":78,"column":65}},"42":{"start":{"line":79,"column":8},"end":{"line":79,"column":26}},"43":{"start":{"line":81,"column":8},"end":{"line":81,"column":57}},"44":{"start":{"line":85,"column":0},"end":{"line":93,"column":2}},"45":{"start":{"line":86,"column":4},"end":{"line":92,"column":5}},"46":{"start":{"line":87,"column":23},"end":{"line":87,"column":105}},"47":{"start":{"line":88,"column":8},"end":{"line":88,"column":82}},"48":{"start":{"line":88,"column":21},"end":{"line":88,"column":82}},"49":{"start":{"line":89,"column":8},"end":{"line":89,"column":25}},"50":{"start":{"line":91,"column":8},"end":{"line":91,"column":57}},"51":{"start":{"line":95,"column":0},"end":{"line":115,"column":2}},"52":{"start":{"line":96,"column":17},"end":{"line":96,"column":46}},"53":{"start":{"line":97,"column":21},"end":{"line":97,"column":56}},"54":{"start":{"line":98,"column":4},"end":{"line":114,"column":5}},"55":{"start":{"line":99,"column":22},"end":{"line":99,"column":71}},"56":{"start":{"line":101,"column":32},"end":{"line":103,"column":28}},"57":{"start":{"line":105,"column":8},"end":{"line":111,"column":11}},"58":{"start":{"line":113,"column":8},"end":{"line":113,"column":57}},"59":{"start":{"line":117,"column":0},"end":{"line":136,"column":2}},"60":{"start":{"line":118,"column":25},"end":{"line":118,"column":35}},"61":{"start":{"line":119,"column":27},"end":{"line":119,"column":35}},"62":{"start":{"line":120,"column":4},"end":{"line":120,"column":47}},"63":{"start":{"line":121,"column":4},"end":{"line":121,"column":43}},"64":{"start":{"line":123,"column":4},"end":{"line":135,"column":5}},"65":{"start":{"line":124,"column":23},"end":{"line":124,"column":54}},"66":{"start":{"line":126,"column":8},"end":{"line":128,"column":9}},"67":{"start":{"line":127,"column":12},"end":{"line":127,"column":73}},"68":{"start":{"line":130,"column":8},"end":{"line":130,"column":36}},"69":{"start":{"line":131,"column":8},"end":{"line":131,"column":28}},"70":{"start":{"line":132,"column":8},"end":{"line":132,"column":81}},"71":{"start":{"line":134,"column":8},"end":{"line":134,"column":74}},"72":{"start":{"line":139,"column":0},"end":{"line":155,"column":2}},"73":{"start":{"line":140,"column":4},"end":{"line":154,"column":5}},"74":{"start":{"line":141,"column":29},"end":{"line":141,"column":39}},"75":{"start":{"line":142,"column":23},"end":{"line":142,"column":74}},"76":{"start":{"line":144,"column":8},"end":{"line":146,"column":9}},"77":{"start":{"line":145,"column":12},"end":{"line":145,"column":73}},"78":{"start":{"line":148,"column":33},"end":{"line":148,"column":47}},"79":{"start":{"line":150,"column":8},"end":{"line":150,"column":39}},"80":{"start":{"line":152,"column":8},"end":{"line":152,"column":29}},"81":{"start":{"line":153,"column":8},"end":{"line":153,"column":85}}},"fnMap":{"0":{"name":"(anonymous_0)","decl":{"start":{"line":3,"column":23},"end":{"line":3,"column":24}},"loc":{"start":{"line":3,"column":43},"end":{"line":11,"column":1}},"line":3},"1":{"name":"(anonymous_1)","decl":{"start":{"line":13,"column":20},"end":{"line":13,"column":21}},"loc":{"start":{"line":13,"column":40},"end":{"line":21,"column":1}},"line":13},"2":{"name":"(anonymous_2)","decl":{"start":{"line":23,"column":23},"end":{"line":23,"column":24}},"loc":{"start":{"line":23,"column":43},"end":{"line":31,"column":1}},"line":23},"3":{"name":"(anonymous_3)","decl":{"start":{"line":33,"column":23},"end":{"line":33,"column":24}},"loc":{"start":{"line":33,"column":43},"end":{"line":41,"column":1}},"line":33},"4":{"name":"(anonymous_4)","decl":{"start":{"line":43,"column":22},"end":{"line":43,"column":23}},"loc":{"start":{"line":43,"column":42},"end":{"line":72,"column":1}},"line":43},"5":{"name":"(anonymous_5)","decl":{"start":{"line":75,"column":32},"end":{"line":75,"column":33}},"loc":{"start":{"line":75,"column":52},"end":{"line":83,"column":1}},"line":75},"6":{"name":"(anonymous_6)","decl":{"start":{"line":85,"column":24},"end":{"line":85,"column":25}},"loc":{"start":{"line":85,"column":44},"end":{"line":93,"column":1}},"line":85},"7":{"name":"(anonymous_7)","decl":{"start":{"line":95,"column":30},"end":{"line":95,"column":31}},"loc":{"start":{"line":95,"column":50},"end":{"line":115,"column":1}},"line":95},"8":{"name":"(anonymous_8)","decl":{"start":{"line":117,"column":31},"end":{"line":117,"column":32}},"loc":{"start":{"line":117,"column":51},"end":{"line":136,"column":1}},"line":117},"9":{"name":"(anonymous_9)","decl":{"start":{"line":139,"column":30},"end":{"line":139,"column":31}},"loc":{"start":{"line":139,"column":50},"end":{"line":155,"column":1}},"line":139}},"branchMap":{"0":{"loc":{"start":{"line":16,"column":8},"end":{"line":16,"column":82}},"type":"if","locations":[{"start":{"line":16,"column":8},"end":{"line":16,"column":82}},{"start":{},"end":{}}],"line":16},"1":{"loc":{"start":{"line":26,"column":8},"end":{"line":26,"column":82}},"type":"if","locations":[{"start":{"line":26,"column":8},"end":{"line":26,"column":82}},{"start":{},"end":{}}],"line":26},"2":{"loc":{"start":{"line":36,"column":8},"end":{"line":36,"column":82}},"type":"if","locations":[{"start":{"line":36,"column":8},"end":{"line":36,"column":82}},{"start":{},"end":{}}],"line":36},"3":{"loc":{"start":{"line":44,"column":17},"end":{"line":44,"column":46}},"type":"binary-expr","locations":[{"start":{"line":44,"column":17},"end":{"line":44,"column":41}},{"start":{"line":44,"column":45},"end":{"line":44,"column":46}}],"line":44},"4":{"loc":{"start":{"line":45,"column":21},"end":{"line":45,"column":56}},"type":"binary-expr","locations":[{"start":{"line":45,"column":21},"end":{"line":45,"column":51}},{"start":{"line":45,"column":55},"end":{"line":45,"column":56}}],"line":45},"5":{"loc":{"start":{"line":46,"column":24},"end":{"line":46,"column":51}},"type":"binary-expr","locations":[{"start":{"line":46,"column":24},"end":{"line":46,"column":45}},{"start":{"line":46,"column":49},"end":{"line":46,"column":51}}],"line":46},"6":{"loc":{"start":{"line":53,"column":16},"end":{"line":53,"column":80}},"type":"binary-expr","locations":[{"start":{"line":53,"column":16},"end":{"line":53,"column":27}},{"start":{"line":53,"column":31},"end":{"line":53,"column":80}}],"line":53},"7":{"loc":{"start":{"line":88,"column":8},"end":{"line":88,"column":82}},"type":"if","locations":[{"start":{"line":88,"column":8},"end":{"line":88,"column":82}},{"start":{},"end":{}}],"line":88},"8":{"loc":{"start":{"line":96,"column":17},"end":{"line":96,"column":46}},"type":"binary-expr","locations":[{"start":{"line":96,"column":17},"end":{"line":96,"column":41}},{"start":{"line":96,"column":45},"end":{"line":96,"column":46}}],"line":96},"9":{"loc":{"start":{"line":97,"column":21},"end":{"line":97,"column":56}},"type":"binary-expr","locations":[{"start":{"line":97,"column":21},"end":{"line":97,"column":51}},{"start":{"line":97,"column":55},"end":{"line":97,"column":56}}],"line":97},"10":{"loc":{"start":{"line":126,"column":8},"end":{"line":128,"column":9}},"type":"if","locations":[{"start":{"line":126,"column":8},"end":{"line":128,"column":9}},{"start":{},"end":{}}],"line":126},"11":{"loc":{"start":{"line":144,"column":8},"end":{"line":146,"column":9}},"type":"if","locations":[{"start":{"line":144,"column":8},"end":{"line":146,"column":9}},{"start":{},"end":{}}],"line":144}},"s":{"0":1,"1":1,"2":1,"3":1,"4":1,"5":1,"6":0,"7":1,"8":1,"9":1,"10":1,"11":0,"12":1,"13":0,"14":1,"15":1,"16":1,"17":1,"18":0,"19":1,"20":0,"21":1,"22":0,"23":0,"24":0,"25":0,"26":0,"27":0,"28":1,"29":1,"30":1,"31":1,"32":1,"33":1,"34":1,"35":1,"36":1,"37":0,"38":1,"39":0,"40":0,"41":0,"42":0,"43":0,"44":1,"45":1,"46":1,"47":1,"48":0,"49":1,"50":0,"51":1,"52":0,"53":0,"54":0,"55":0,"56":0,"57":0,"58":0,"59":1,"60":0,"61":0,"62":0,"63":0,"64":0,"65":0,"66":0,"67":0,"68":0,"69":0,"70":0,"71":0,"72":1,"73":0,"74":0,"75":0,"76":0,"77":0,"78":0,"79":0,"80":0,"81":0},"f":{"0":1,"1":1,"2":1,"3":0,"4":1,"5":0,"6":1,"7":0,"8":0,"9":0},"b":{"0":[0,1],"1":[0,1],"2":[0,0],"3":[1,1],"4":[1,1],"5":[1,1],"6":[1,0],"7":[0,1],"8":[0,0],"9":[0,0],"10":[0,0],"11":[0,0]},"_coverageSchema":"1a1c01bbd47fc00a2c39e90264f33305004495a9","hash":"b6e11403054261dda61feb7ea5fae7cd4d0f0a7f","contentHash":"17992ed769274d2a69448664922ddaeb2ec17e3bc4271bf0835c27e4cadde39d"},"C:\\elkindy-backend\\models\\course.js":{"path":"C:\\elkindy-backend\\models\\course.js","statementMap":{"0":{"start":{"line":1,"column":17},"end":{"line":1,"column":36}},"1":{"start":{"line":3,"column":21},"end":{"line":35,"column":2}},"2":{"start":{"line":37,"column":0},"end":{"line":37,"column":56}}},"fnMap":{},"branchMap":{},"s":{"0":1,"1":1,"2":1},"f":{},"b":{},"_coverageSchema":"1a1c01bbd47fc00a2c39e90264f33305004495a9","hash":"82ae77e2d7c2d9bdec88d28285a8c54e5ccd9030","contentHash":"09ce05b5622fc15b0454bb915c89ab00ac52389f82ae79d5140d38068cd42ec1"},"C:\\elkindy-backend\\routes\\authRoutes\\index.js":{"path":"C:\\elkindy-backend\\routes\\authRoutes\\index.js","statementMap":{"0":{"start":{"line":1,"column":16},"end":{"line":1,"column":34}},"1":{"start":{"line":2,"column":15},"end":{"line":2,"column":31}},"2":{"start":{"line":3,"column":19},"end":{"line":3,"column":59}},"3":{"start":{"line":4,"column":23},"end":{"line":4,"column":71}},"4":{"start":{"line":5,"column":27},"end":{"line":5,"column":69}},"5":{"start":{"line":11,"column":0},"end":{"line":11,"column":48}},"6":{"start":{"line":12,"column":0},"end":{"line":12,"column":46}},"7":{"start":{"line":13,"column":0},"end":{"line":13,"column":63}},"8":{"start":{"line":14,"column":0},"end":{"line":14,"column":50}},"9":{"start":{"line":15,"column":0},"end":{"line":15,"column":54}},"10":{"start":{"line":16,"column":0},"end":{"line":16,"column":68}},"11":{"start":{"line":17,"column":0},"end":{"line":17,"column":67}},"12":{"start":{"line":18,"column":0},"end":{"line":18,"column":79}},"13":{"start":{"line":20,"column":0},"end":{"line":22,"column":2}},"14":{"start":{"line":21,"column":4},"end":{"line":21,"column":43}},"15":{"start":{"line":25,"column":0},"end":{"line":25,"column":24}}},"fnMap":{"0":{"name":"(anonymous_0)","decl":{"start":{"line":20,"column":16},"end":{"line":20,"column":17}},"loc":{"start":{"line":20,"column":30},"end":{"line":22,"column":1}},"line":20}},"branchMap":{},"s":{"0":1,"1":1,"2":1,"3":1,"4":1,"5":1,"6":1,"7":1,"8":1,"9":1,"10":1,"11":1,"12":1,"13":1,"14":0,"15":1},"f":{"0":0},"b":{},"_coverageSchema":"1a1c01bbd47fc00a2c39e90264f33305004495a9","hash":"d0388aee50bb91197fabd76e4bb58dc0b11eea0f","contentHash":"a5ccc76b45d80d7a1c789f885fad3b864ef45df46397ed286c2ad82e8ef3e7f7"},"C:\\elkindy-backend\\controllers\\Auth\\google.js":{"path":"C:\\elkindy-backend\\controllers\\Auth\\google.js","statementMap":{"0":{"start":{"line":1,"column":13},"end":{"line":1,"column":41}},"1":{"start":{"line":2,"column":12},"end":{"line":2,"column":35}},"2":{"start":{"line":9,"column":0},"end":{"line":9,"column":34}}},"fnMap":{"0":{"name":"(anonymous_0)","decl":{"start":{"line":5,"column":4},"end":{"line":5,"column":5}},"loc":{"start":{"line":5,"column":32},"end":{"line":6,"column":5}},"line":5}},"branchMap":{},"s":{"0":1,"1":1,"2":1},"f":{"0":0},"b":{},"_coverageSchema":"1a1c01bbd47fc00a2c39e90264f33305004495a9","hash":"4862a7ec67e18005506f0f5aa12e6f160a8dd9a1","contentHash":"29f34d10989022f04453f0ffa441ccef7b6c7a04bb4971fba0cfac8ffa932ef0"},"C:\\elkindy-backend\\controllers\\Auth\\authController.js":{"path":"C:\\elkindy-backend\\controllers\\Auth\\authController.js","statementMap":{"0":{"start":{"line":1,"column":15},"end":{"line":1,"column":32}},"1":{"start":{"line":2,"column":12},"end":{"line":2,"column":35}},"2":{"start":{"line":3,"column":22},"end":{"line":3,"column":62}},"3":{"start":{"line":4,"column":29},"end":{"line":4,"column":68}},"4":{"start":{"line":5,"column":30},"end":{"line":5,"column":70}},"5":{"start":{"line":9,"column":4},"end":{"line":9,"column":46}},"6":{"start":{"line":10,"column":21},"end":{"line":10,"column":62}},"7":{"start":{"line":11,"column":13},"end":{"line":11,"column":41}},"8":{"start":{"line":13,"column":14},"end":{"line":54,"column":4}},"9":{"start":{"line":14,"column":32},"end":{"line":14,"column":40}},"10":{"start":{"line":15,"column":21},"end":{"line":15,"column":50}},"11":{"start":{"line":16,"column":4},"end":{"line":53,"column":5}},"12":{"start":{"line":17,"column":6},"end":{"line":50,"column":7}},"13":{"start":{"line":18,"column":23},"end":{"line":18,"column":31}},"14":{"start":{"line":19,"column":29},"end":{"line":19,"column":59}},"15":{"start":{"line":20,"column":8},"end":{"line":28,"column":10}},"16":{"start":{"line":29,"column":8},"end":{"line":32,"column":11}},"17":{"start":{"line":34,"column":66},"end":{"line":34,"column":74}},"18":{"start":{"line":35,"column":8},"end":{"line":47,"column":11}},"19":{"start":{"line":49,"column":8},"end":{"line":49,"column":47}},"20":{"start":{"line":52,"column":6},"end":{"line":52,"column":23}},"21":{"start":{"line":56,"column":11},"end":{"line":71,"column":4}},"22":{"start":{"line":57,"column":19},"end":{"line":57,"column":35}},"23":{"start":{"line":58,"column":17},"end":{"line":58,"column":43}},"24":{"start":{"line":59,"column":4},"end":{"line":70,"column":5}},"25":{"start":{"line":60,"column":6},"end":{"line":60,"column":40}},"26":{"start":{"line":62,"column":6},"end":{"line":64,"column":9}},"27":{"start":{"line":65,"column":6},"end":{"line":68,"column":9}},"28":{"start":{"line":69,"column":6},"end":{"line":69,"column":46}},"29":{"start":{"line":73,"column":20},"end":{"line":111,"column":4}},"30":{"start":{"line":75,"column":23},"end":{"line":75,"column":48}},"31":{"start":{"line":76,"column":4},"end":{"line":78,"column":5}},"32":{"start":{"line":77,"column":6},"end":{"line":77,"column":63}},"33":{"start":{"line":80,"column":18},"end":{"line":80,"column":42}},"34":{"start":{"line":83,"column":4},"end":{"line":110,"column":5}},"35":{"start":{"line":84,"column":22},"end":{"line":84,"column":62}},"36":{"start":{"line":87,"column":19},"end":{"line":89,"column":7}},"37":{"start":{"line":91,"column":6},"end":{"line":93,"column":7}},"38":{"start":{"line":92,"column":8},"end":{"line":92,"column":42}},"39":{"start":{"line":96,"column":6},"end":{"line":106,"column":9}},"40":{"start":{"line":109,"column":6},"end":{"line":109,"column":76}},"41":{"start":{"line":113,"column":23},"end":{"line":135,"column":3}},"42":{"start":{"line":114,"column":18},"end":{"line":114,"column":58}},"43":{"start":{"line":116,"column":4},"end":{"line":120,"column":5}},"44":{"start":{"line":117,"column":6},"end":{"line":119,"column":64}},"45":{"start":{"line":122,"column":4},"end":{"line":134,"column":5}},"46":{"start":{"line":123,"column":22},"end":{"line":123,"column":62}},"47":{"start":{"line":124,"column":19},"end":{"line":124,"column":50}},"48":{"start":{"line":126,"column":6},"end":{"line":128,"column":7}},"49":{"start":{"line":127,"column":8},"end":{"line":127,"column":68}},"50":{"start":{"line":131,"column":6},"end":{"line":131,"column":48}},"51":{"start":{"line":133,"column":6},"end":{"line":133,"column":58}},"52":{"start":{"line":137,"column":21},"end":{"line":150,"column":3}},"53":{"start":{"line":138,"column":22},"end":{"line":138,"column":32}},"54":{"start":{"line":139,"column":4},"end":{"line":149,"column":5}},"55":{"start":{"line":140,"column":19},"end":{"line":140,"column":48}},"56":{"start":{"line":141,"column":6},"end":{"line":145,"column":7}},"57":{"start":{"line":142,"column":8},"end":{"line":142,"column":47}},"58":{"start":{"line":144,"column":8},"end":{"line":144,"column":48}},"59":{"start":{"line":147,"column":6},"end":{"line":147,"column":62}},"60":{"start":{"line":148,"column":6},"end":{"line":148,"column":63}},"61":{"start":{"line":153,"column":27},"end":{"line":166,"column":3}},"62":{"start":{"line":154,"column":28},"end":{"line":154,"column":38}},"63":{"start":{"line":155,"column":4},"end":{"line":165,"column":5}},"64":{"start":{"line":156,"column":19},"end":{"line":156,"column":54}},"65":{"start":{"line":157,"column":6},"end":{"line":161,"column":7}},"66":{"start":{"line":158,"column":8},"end":{"line":158,"column":47}},"67":{"start":{"line":160,"column":8},"end":{"line":160,"column":48}},"68":{"start":{"line":163,"column":6},"end":{"line":163,"column":69}},"69":{"start":{"line":164,"column":6},"end":{"line":164,"column":63}},"70":{"start":{"line":168,"column":23},"end":{"line":181,"column":4}},"71":{"start":{"line":169,"column":29},"end":{"line":169,"column":40}},"72":{"start":{"line":170,"column":4},"end":{"line":170,"column":76}},"73":{"start":{"line":170,"column":23},"end":{"line":170,"column":76}},"74":{"start":{"line":171,"column":17},"end":{"line":171,"column":53}},"75":{"start":{"line":172,"column":4},"end":{"line":172,"column":73}},"76":{"start":{"line":172,"column":15},"end":{"line":172,"column":73}},"77":{"start":{"line":173,"column":4},"end":{"line":180,"column":7}},"78":{"start":{"line":174,"column":6},"end":{"line":179,"column":7}},"79":{"start":{"line":175,"column":8},"end":{"line":175,"column":75}},"80":{"start":{"line":177,"column":28},"end":{"line":177,"column":53}},"81":{"start":{"line":178,"column":8},"end":{"line":178,"column":34}},"82":{"start":{"line":184,"column":4},"end":{"line":202,"column":5}},"83":{"start":{"line":185,"column":24},"end":{"line":185,"column":32}},"84":{"start":{"line":187,"column":19},"end":{"line":187,"column":48}},"85":{"start":{"line":188,"column":6},"end":{"line":190,"column":7}},"86":{"start":{"line":189,"column":8},"end":{"line":189,"column":65}},"87":{"start":{"line":192,"column":20},"end":{"line":192,"column":48}},"88":{"start":{"line":194,"column":6},"end":{"line":194,"column":38}},"89":{"start":{"line":195,"column":6},"end":{"line":195,"column":55}},"90":{"start":{"line":196,"column":6},"end":{"line":196,"column":24}},"91":{"start":{"line":197,"column":6},"end":{"line":197,"column":43}},"92":{"start":{"line":198,"column":6},"end":{"line":198,"column":70}},"93":{"start":{"line":200,"column":6},"end":{"line":200,"column":27}},"94":{"start":{"line":201,"column":6},"end":{"line":201,"column":63}},"95":{"start":{"line":206,"column":0},"end":{"line":206,"column":38}}},"fnMap":{"0":{"name":"(anonymous_0)","decl":{"start":{"line":13,"column":27},"end":{"line":13,"column":28}},"loc":{"start":{"line":13,"column":47},"end":{"line":54,"column":3}},"line":13},"1":{"name":"(anonymous_1)","decl":{"start":{"line":56,"column":24},"end":{"line":56,"column":25}},"loc":{"start":{"line":56,"column":44},"end":{"line":71,"column":3}},"line":56},"2":{"name":"(anonymous_2)","decl":{"start":{"line":73,"column":33},"end":{"line":73,"column":34}},"loc":{"start":{"line":73,"column":53},"end":{"line":111,"column":3}},"line":73},"3":{"name":"(anonymous_3)","decl":{"start":{"line":113,"column":23},"end":{"line":113,"column":24}},"loc":{"start":{"line":113,"column":43},"end":{"line":135,"column":3}},"line":113},"4":{"name":"(anonymous_4)","decl":{"start":{"line":137,"column":21},"end":{"line":137,"column":22}},"loc":{"start":{"line":137,"column":41},"end":{"line":150,"column":3}},"line":137},"5":{"name":"(anonymous_5)","decl":{"start":{"line":153,"column":27},"end":{"line":153,"column":28}},"loc":{"start":{"line":153,"column":47},"end":{"line":166,"column":3}},"line":153},"6":{"name":"(anonymous_6)","decl":{"start":{"line":168,"column":36},"end":{"line":168,"column":37}},"loc":{"start":{"line":168,"column":56},"end":{"line":181,"column":3}},"line":168},"7":{"name":"(anonymous_7)","decl":{"start":{"line":173,"column":52},"end":{"line":173,"column":53}},"loc":{"start":{"line":173,"column":70},"end":{"line":180,"column":5}},"line":173},"8":{"name":"(anonymous_8)","decl":{"start":{"line":183,"column":2},"end":{"line":183,"column":3}},"loc":{"start":{"line":183,"column":33},"end":{"line":203,"column":3}},"line":183}},"branchMap":{"0":{"loc":{"start":{"line":17,"column":6},"end":{"line":50,"column":7}},"type":"if","locations":[{"start":{"line":17,"column":6},"end":{"line":50,"column":7}},{"start":{"line":48,"column":13},"end":{"line":50,"column":7}}],"line":17},"1":{"loc":{"start":{"line":17,"column":10},"end":{"line":17,"column":66}},"type":"binary-expr","locations":[{"start":{"line":17,"column":10},"end":{"line":17,"column":18}},{"start":{"line":17,"column":23},"end":{"line":17,"column":65}}],"line":17},"2":{"loc":{"start":{"line":59,"column":4},"end":{"line":70,"column":5}},"type":"if","locations":[{"start":{"line":59,"column":4},"end":{"line":70,"column":5}},{"start":{"line":61,"column":11},"end":{"line":70,"column":5}}],"line":59},"3":{"loc":{"start":{"line":76,"column":4},"end":{"line":78,"column":5}},"type":"if","locations":[{"start":{"line":76,"column":4},"end":{"line":78,"column":5}},{"start":{},"end":{}}],"line":76},"4":{"loc":{"start":{"line":76,"column":8},"end":{"line":76,"column":56}},"type":"binary-expr","locations":[{"start":{"line":76,"column":8},"end":{"line":76,"column":19}},{"start":{"line":76,"column":23},"end":{"line":76,"column":56}}],"line":76},"5":{"loc":{"start":{"line":91,"column":6},"end":{"line":93,"column":7}},"type":"if","locations":[{"start":{"line":91,"column":6},"end":{"line":93,"column":7}},{"start":{},"end":{}}],"line":91},"6":{"loc":{"start":{"line":116,"column":4},"end":{"line":120,"column":5}},"type":"if","locations":[{"start":{"line":116,"column":4},"end":{"line":120,"column":5}},{"start":{},"end":{}}],"line":116},"7":{"loc":{"start":{"line":126,"column":6},"end":{"line":128,"column":7}},"type":"if","locations":[{"start":{"line":126,"column":6},"end":{"line":128,"column":7}},{"start":{},"end":{}}],"line":126},"8":{"loc":{"start":{"line":141,"column":6},"end":{"line":145,"column":7}},"type":"if","locations":[{"start":{"line":141,"column":6},"end":{"line":145,"column":7}},{"start":{"line":143,"column":13},"end":{"line":145,"column":7}}],"line":141},"9":{"loc":{"start":{"line":157,"column":6},"end":{"line":161,"column":7}},"type":"if","locations":[{"start":{"line":157,"column":6},"end":{"line":161,"column":7}},{"start":{"line":159,"column":13},"end":{"line":161,"column":7}}],"line":157},"10":{"loc":{"start":{"line":170,"column":4},"end":{"line":170,"column":76}},"type":"if","locations":[{"start":{"line":170,"column":4},"end":{"line":170,"column":76}},{"start":{},"end":{}}],"line":170},"11":{"loc":{"start":{"line":172,"column":4},"end":{"line":172,"column":73}},"type":"if","locations":[{"start":{"line":172,"column":4},"end":{"line":172,"column":73}},{"start":{},"end":{}}],"line":172},"12":{"loc":{"start":{"line":174,"column":6},"end":{"line":179,"column":7}},"type":"if","locations":[{"start":{"line":174,"column":6},"end":{"line":179,"column":7}},{"start":{"line":176,"column":13},"end":{"line":179,"column":7}}],"line":174},"13":{"loc":{"start":{"line":174,"column":10},"end":{"line":174,"column":39}},"type":"binary-expr","locations":[{"start":{"line":174,"column":10},"end":{"line":174,"column":13}},{"start":{"line":174,"column":17},"end":{"line":174,"column":39}}],"line":174},"14":{"loc":{"start":{"line":188,"column":6},"end":{"line":190,"column":7}},"type":"if","locations":[{"start":{"line":188,"column":6},"end":{"line":190,"column":7}},{"start":{},"end":{}}],"line":188}},"s":{"0":1,"1":1,"2":1,"3":1,"4":1,"5":1,"6":1,"7":1,"8":1,"9":0,"10":0,"11":0,"12":0,"13":0,"14":0,"15":0,"16":0,"17":0,"18":0,"19":0,"20":0,"21":1,"22":0,"23":0,"24":0,"25":0,"26":0,"27":0,"28":0,"29":1,"30":0,"31":0,"32":0,"33":0,"34":0,"35":0,"36":0,"37":0,"38":0,"39":0,"40":0,"41":1,"42":0,"43":0,"44":0,"45":0,"46":0,"47":0,"48":0,"49":0,"50":0,"51":0,"52":1,"53":0,"54":0,"55":0,"56":0,"57":0,"58":0,"59":0,"60":0,"61":1,"62":0,"63":0,"64":0,"65":0,"66":0,"67":0,"68":0,"69":0,"70":1,"71":0,"72":0,"73":0,"74":0,"75":0,"76":0,"77":0,"78":0,"79":0,"80":0,"81":0,"82":0,"83":0,"84":0,"85":0,"86":0,"87":0,"88":0,"89":0,"90":0,"91":0,"92":0,"93":0,"94":0,"95":1},"f":{"0":0,"1":0,"2":0,"3":0,"4":0,"5":0,"6":0,"7":0,"8":0},"b":{"0":[0,0],"1":[0,0],"2":[0,0],"3":[0,0],"4":[0,0],"5":[0,0],"6":[0,0],"7":[0,0],"8":[0,0],"9":[0,0],"10":[0,0],"11":[0,0],"12":[0,0],"13":[0,0],"14":[0,0]},"_coverageSchema":"1a1c01bbd47fc00a2c39e90264f33305004495a9","hash":"edd6516a1e2304c3e98cb6f370b66fd146f10094","contentHash":"302656a3f5b1a69583ccc8e17029f41b77ee0eb2e78f782ffc64597cfd694f86"},"C:\\elkindy-backend\\config\\generateToken.js":{"path":"C:\\elkindy-backend\\config\\generateToken.js","statementMap":{"0":{"start":{"line":1,"column":12},"end":{"line":1,"column":35}},"1":{"start":{"line":3,"column":23},"end":{"line":9,"column":1}},"2":{"start":{"line":4,"column":4},"end":{"line":8,"column":5}},"3":{"start":{"line":5,"column":8},"end":{"line":5,"column":40}},"4":{"start":{"line":7,"column":7},"end":{"line":7,"column":75}},"5":{"start":{"line":11,"column":0},"end":{"line":11,"column":30}}},"fnMap":{"0":{"name":"(anonymous_0)","decl":{"start":{"line":3,"column":23},"end":{"line":3,"column":24}},"loc":{"start":{"line":3,"column":31},"end":{"line":9,"column":1}},"line":3}},"branchMap":{"0":{"loc":{"start":{"line":4,"column":4},"end":{"line":8,"column":5}},"type":"if","locations":[{"start":{"line":4,"column":4},"end":{"line":8,"column":5}},{"start":{"line":6,"column":10},"end":{"line":8,"column":5}}],"line":4}},"s":{"0":1,"1":1,"2":0,"3":0,"4":0,"5":1},"f":{"0":0},"b":{"0":[0,0]},"_coverageSchema":"1a1c01bbd47fc00a2c39e90264f33305004495a9","hash":"d0ef2a37c3c63de263e0eb6755679e54251a502a","contentHash":"79c52873e10742eaf6df39f2555ef027f3117ec15a087f9e80ad5dc3a7e2ea14"},"C:\\elkindy-backend\\config\\refreshToken.js":{"path":"C:\\elkindy-backend\\config\\refreshToken.js","statementMap":{"0":{"start":{"line":1,"column":12},"end":{"line":1,"column":35}},"1":{"start":{"line":3,"column":30},"end":{"line":9,"column":1}},"2":{"start":{"line":4,"column":4},"end":{"line":8,"column":5}},"3":{"start":{"line":5,"column":8},"end":{"line":5,"column":48}},"4":{"start":{"line":7,"column":7},"end":{"line":7,"column":74}},"5":{"start":{"line":11,"column":0},"end":{"line":11,"column":37}}},"fnMap":{"0":{"name":"(anonymous_0)","decl":{"start":{"line":3,"column":30},"end":{"line":3,"column":31}},"loc":{"start":{"line":3,"column":38},"end":{"line":9,"column":1}},"line":3}},"branchMap":{"0":{"loc":{"start":{"line":4,"column":4},"end":{"line":8,"column":5}},"type":"if","locations":[{"start":{"line":4,"column":4},"end":{"line":8,"column":5}},{"start":{"line":6,"column":10},"end":{"line":8,"column":5}}],"line":4}},"s":{"0":1,"1":1,"2":0,"3":0,"4":0,"5":1},"f":{"0":0},"b":{"0":[0,0]},"_coverageSchema":"1a1c01bbd47fc00a2c39e90264f33305004495a9","hash":"fbff2046cf705187cdc61f9832974314a6318962","contentHash":"416053b4d9eea356580f44762576ce722fa0cfc49a657f8a5ffe370df8ecc10e"},"C:\\elkindy-backend\\middlewares\\SecretToken.js":{"path":"C:\\elkindy-backend\\middlewares\\SecretToken.js","statementMap":{"0":{"start":{"line":1,"column":0},"end":{"line":1,"column":27}},"1":{"start":{"line":2,"column":12},"end":{"line":2,"column":35}},"2":{"start":{"line":6,"column":0},"end":{"line":11,"column":2}},"3":{"start":{"line":8,"column":2},"end":{"line":10,"column":5}}},"fnMap":{"0":{"name":"(anonymous_0)","decl":{"start":{"line":6,"column":35},"end":{"line":6,"column":36}},"loc":{"start":{"line":6,"column":43},"end":{"line":11,"column":1}},"line":6}},"branchMap":{},"s":{"0":1,"1":1,"2":1,"3"
[...]
\\routes\\eventRoutes\\eventRoutes.js","statementMap":{"0":{"start":{"line":1,"column":16},"end":{"line":1,"column":34}},"1":{"start":{"line":2,"column":15},"end":{"line":2,"column":31}},"2":{"start":{"line":3,"column":24},"end":{"line":3,"column":84}},"3":{"start":{"line":7,"column":0},"end":{"line":7,"column":57}},"4":{"start":{"line":8,"column":0},"end":{"line":8,"column":44}},"5":{"start":{"line":9,"column":0},"end":{"line":9,"column":60}},"6":{"start":{"line":10,"column":0},"end":{"line":10,"column":49}},"7":{"start":{"line":11,"column":0},"end":{"line":11,"column":60}},"8":{"start":{"line":12,"column":0},"end":{"line":12,"column":63}},"9":{"start":{"line":13,"column":0},"end":{"line":13,"column":64}},"10":{"start":{"line":14,"column":0},"end":{"line":14,"column":64}},"11":{"start":{"line":17,"column":0},"end":{"line":17,"column":24}}},"fnMap":{},"branchMap":{},"s":{"0":1,"1":1,"2":1,"3":1,"4":1,"5":1,"6":1,"7":1,"8":1,"9":1,"10":1,"11":1},"f":{},"b":{},"_coverageSchema":"1a1c01bbd47fc00a2c39e90264f33305004495a9","hash":"afa7b017f2f214815b00dccee265122bb904ef98","contentHash":"ec0111d5d031ea23991fba28093ff899775ca5fc8ccf80b6b1df2e2f65ba958a"},"C:\\elkindy-backend\\controllers\\eventController\\eventController.js":{"path":"C:\\elkindy-backend\\controllers\\eventController\\eventController.js","statementMap":{"0":{"start":{"line":1,"column":14},"end":{"line":1,"column":43}},"1":{"start":{"line":3,"column":0},"end":{"line":104,"column":4}},"2":{"start":{"line":6,"column":8},"end":{"line":13,"column":9}},"3":{"start":{"line":7,"column":30},"end":{"line":7,"column":38}},"4":{"start":{"line":8,"column":29},"end":{"line":8,"column":49}},"5":{"start":{"line":9,"column":12},"end":{"line":9,"column":34}},"6":{"start":{"line":10,"column":12},"end":{"line":10,"column":43}},"7":{"start":{"line":12,"column":12},"end":{"line":12,"column":61}},"8":{"start":{"line":17,"column":8},"end":{"line":22,"column":9}},"9":{"start":{"line":18,"column":27},"end":{"line":18,"column":66}},"10":{"start":{"line":19,"column":12},"end":{"line":19,"column":41}},"11":{"start":{"line":21,"column":12},"end":{"line":21,"column":61}},"12":{"start":{"line":26,"column":8},"end":{"line":34,"column":9}},"13":{"start":{"line":27,"column":26},"end":{"line":27,"column":61}},"14":{"start":{"line":28,"column":12},"end":{"line":30,"column":13}},"15":{"start":{"line":29,"column":16},"end":{"line":29,"column":76}},"16":{"start":{"line":31,"column":12},"end":{"line":31,"column":40}},"17":{"start":{"line":33,"column":12},"end":{"line":33,"column":61}},"18":{"start":{"line":38,"column":8},"end":{"line":46,"column":9}},"19":{"start":{"line":39,"column":33},"end":{"line":39,"column":102}},"20":{"start":{"line":40,"column":12},"end":{"line":42,"column":13}},"21":{"start":{"line":41,"column":16},"end":{"line":41,"column":76}},"22":{"start":{"line":43,"column":12},"end":{"line":43,"column":47}},"23":{"start":{"line":45,"column":12},"end":{"line":45,"column":61}},"24":{"start":{"line":50,"column":8},"end":{"line":58,"column":9}},"25":{"start":{"line":51,"column":33},"end":{"line":51,"column":77}},"26":{"start":{"line":52,"column":12},"end":{"line":54,"column":13}},"27":{"start":{"line":53,"column":16},"end":{"line":53,"column":76}},"28":{"start":{"line":55,"column":12},"end":{"line":55,"column":76}},"29":{"start":{"line":57,"column":12},"end":{"line":57,"column":61}},"30":{"start":{"line":62,"column":8},"end":{"line":75,"column":9}},"31":{"start":{"line":63,"column":27},"end":{"line":63,"column":37}},"32":{"start":{"line":64,"column":33},"end":{"line":68,"column":13}},"33":{"start":{"line":69,"column":12},"end":{"line":71,"column":13}},"34":{"start":{"line":70,"column":16},"end":{"line":70,"column":76}},"35":{"start":{"line":72,"column":12},"end":{"line":72,"column":47}},"36":{"start":{"line":74,"column":12},"end":{"line":74,"column":61}},"37":{"start":{"line":78,"column":8},"end":{"line":83,"column":9}},"38":{"start":{"line":79,"column":35},"end":{"line":79,"column":73}},"39":{"start":{"line":80,"column":12},"end":{"line":80,"column":49}},"40":{"start":{"line":82,"column":12},"end":{"line":82,"column":61}},"41":{"start":{"line":87,"column":8},"end":{"line":100,"column":9}},"42":{"start":{"line":88,"column":27},"end":{"line":88,"column":37}},"43":{"start":{"line":89,"column":33},"end":{"line":93,"column":13}},"44":{"start":{"line":94,"column":12},"end":{"line":96,"column":13}},"45":{"start":{"line":95,"column":16},"end":{"line":95,"column":76}},"46":{"start":{"line":97,"column":12},"end":{"line":97,"column":47}},"47":{"start":{"line":99,"column":12},"end":{"line":99,"column":61}}},"fnMap":{"0":{"name":"(anonymous_0)","decl":{"start":{"line":5,"column":4},"end":{"line":5,"column":5}},"loc":{"start":{"line":5,"column":32},"end":{"line":14,"column":5}},"line":5},"1":{"name":"(anonymous_1)","decl":{"start":{"line":16,"column":4},"end":{"line":16,"column":5}},"loc":{"start":{"line":16,"column":31},"end":{"line":23,"column":5}},"line":16},"2":{"name":"(anonymous_2)","decl":{"start":{"line":25,"column":4},"end":{"line":25,"column":5}},"loc":{"start":{"line":25,"column":33},"end":{"line":35,"column":5}},"line":25},"3":{"name":"(anonymous_3)","decl":{"start":{"line":37,"column":4},"end":{"line":37,"column":5}},"loc":{"start":{"line":37,"column":32},"end":{"line":47,"column":5}},"line":37},"4":{"name":"(anonymous_4)","decl":{"start":{"line":49,"column":4},"end":{"line":49,"column":5}},"loc":{"start":{"line":49,"column":32},"end":{"line":59,"column":5}},"line":49},"5":{"name":"(anonymous_5)","decl":{"start":{"line":61,"column":4},"end":{"line":61,"column":5}},"loc":{"start":{"line":61,"column":33},"end":{"line":76,"column":5}},"line":61},"6":{"name":"(anonymous_6)","decl":{"start":{"line":77,"column":4},"end":{"line":77,"column":5}},"loc":{"start":{"line":77,"column":39},"end":{"line":84,"column":5}},"line":77},"7":{"name":"(anonymous_7)","decl":{"start":{"line":86,"column":4},"end":{"line":86,"column":5}},"loc":{"start":{"line":86,"column":33},"end":{"line":101,"column":5}},"line":86}},"branchMap":{"0":{"loc":{"start":{"line":28,"column":12},"end":{"line":30,"column":13}},"type":"if","locations":[{"start":{"line":28,"column":12},"end":{"line":30,"column":13}},{"start":{},"end":{}}],"line":28},"1":{"loc":{"start":{"line":40,"column":12},"end":{"line":42,"column":13}},"type":"if","locations":[{"start":{"line":40,"column":12},"end":{"line":42,"column":13}},{"start":{},"end":{}}],"line":40},"2":{"loc":{"start":{"line":52,"column":12},"end":{"line":54,"column":13}},"type":"if","locations":[{"start":{"line":52,"column":12},"end":{"line":54,"column":13}},{"start":{},"end":{}}],"line":52},"3":{"loc":{"start":{"line":69,"column":12},"end":{"line":71,"column":13}},"type":"if","locations":[{"start":{"line":69,"column":12},"end":{"line":71,"column":13}},{"start":{},"end":{}}],"line":69},"4":{"loc":{"start":{"line":94,"column":12},"end":{"line":96,"column":13}},"type":"if","locations":[{"start":{"line":94,"column":12},"end":{"line":96,"column":13}},{"start":{},"end":{}}],"line":94}},"s":{"0":1,"1":1,"2":0,"3":0,"4":0,"5":0,"6":0,"7":0,"8":0,"9":0,"10":0,"11":0,"12":0,"13":0,"14":0,"15":0,"16":0,"17":0,"18":0,"19":0,"20":0,"21":0,"22":0,"23":0,"24":0,"25":0,"26":0,"27":0,"28":0,"29":0,"30":0,"31":0,"32":0,"33":0,"34":0,"35":0,"36":0,"37":0,"38":0,"39":0,"40":0,"41":0,"42":0,"43":0,"44":0,"45":0,"46":0,"47":0},"f":{"0":0,"1":0,"2":0,"3":0,"4":0,"5":0,"6":0,"7":0},"b":{"0":[0,0],"1":[0,0],"2":[0,0],"3":[0,0],"4":[0,0]},"_coverageSchema":"1a1c01bbd47fc00a2c39e90264f33305004495a9","hash":"efd7161c4242f46c2ab8f77387291ea9ae0dc58d","contentHash":"6304103b854b42e7c084cd9116f02107bb715b145b4f7c7b9fd8640c4ff798e4"},"C:\\elkindy-backend\\models\\event.js":{"path":"C:\\elkindy-backend\\models\\event.js","statementMap":{"0":{"start":{"line":1,"column":17},"end":{"line":1,"column":36}},"1":{"start":{"line":2,"column":15},"end":{"line":2,"column":30}},"2":{"start":{"line":4,"column":20},"end":{"line":89,"column":2}},"3":{"start":{"line":91,"column":0},"end":{"line":91,"column":54}}},"fnMap":{},"branchMap":{},"s":{"0":1,"1":1,"2":1,"3":1},"f":{},"b":{},"_coverageSchema":"1a1c01bbd47fc00a2c39e90264f33305004495a9","hash":"be93a08e1ed1e41c082d92566200600b8580a254","contentHash":"f553a9f7a5aa34f5b0b527679781716eac167a639b3a00d04098f6a409aae899"},"C:\\elkindy-backend\\routes\\ticketRoutes\\ticketRoutes.js":{"path":"C:\\elkindy-backend\\routes\\ticketRoutes\\ticketRoutes.js","statementMap":{"0":{"start":{"line":1,"column":16},"end":{"line":1,"column":34}},"1":{"start":{"line":2,"column":15},"end":{"line":2,"column":31}},"2":{"start":{"line":3,"column":25},"end":{"line":3,"column":87}},"3":{"start":{"line":7,"column":0},"end":{"line":7,"column":60}},"4":{"start":{"line":8,"column":0},"end":{"line":8,"column":46}},"5":{"start":{"line":9,"column":0},"end":{"line":9,"column":51}},"6":{"start":{"line":10,"column":0},"end":{"line":10,"column":63}},"7":{"start":{"line":11,"column":0},"end":{"line":11,"column":66}},"8":{"start":{"line":13,"column":0},"end":{"line":13,"column":24}}},"fnMap":{},"branchMap":{},"s":{"0":1,"1":1,"2":1,"3":1,"4":1,"5":1,"6":1,"7":1,"8":1},"f":{},"b":{},"_coverageSchema":"1a1c01bbd47fc00a2c39e90264f33305004495a9","hash":"8fe345381d1e99a4506d20120c3c9b9e6360e6f0","contentHash":"684a7cbe16ee67054980ad1338e5390fee1be3649e0c69d45d72fb757de4706b"},"C:\\elkindy-backend\\controllers\\ticketController\\ticketController.js":{"path":"C:\\elkindy-backend\\controllers\\ticketController\\ticketController.js","statementMap":{"0":{"start":{"line":1,"column":15},"end":{"line":1,"column":45}},"1":{"start":{"line":3,"column":0},"end":{"line":61,"column":4}},"2":{"start":{"line":6,"column":4},"end":{"line":13,"column":5}},"3":{"start":{"line":7,"column":27},"end":{"line":7,"column":35}},"4":{"start":{"line":8,"column":26},"end":{"line":8,"column":48}},"5":{"start":{"line":9,"column":8},"end":{"line":9,"column":31}},"6":{"start":{"line":10,"column":8},"end":{"line":10,"column":40}},"7":{"start":{"line":12,"column":8},"end":{"line":12,"column":57}},"8":{"start":{"line":17,"column":4},"end":{"line":22,"column":5}},"9":{"start":{"line":18,"column":24},"end":{"line":18,"column":43}},"10":{"start":{"line":19,"column":8},"end":{"line":19,"column":38}},"11":{"start":{"line":21,"column":8},"end":{"line":21,"column":57}},"12":{"start":{"line":26,"column":4},"end":{"line":34,"column":5}},"13":{"start":{"line":27,"column":23},"end":{"line":27,"column":59}},"14":{"start":{"line":28,"column":8},"end":{"line":30,"column":9}},"15":{"start":{"line":29,"column":12},"end":{"line":29,"column":73}},"16":{"start":{"line":31,"column":8},"end":{"line":31,"column":37}},"17":{"start":{"line":33,"column":8},"end":{"line":33,"column":57}},"18":{"start":{"line":38,"column":4},"end":{"line":46,"column":5}},"19":{"start":{"line":39,"column":30},"end":{"line":39,"column":100}},"20":{"start":{"line":40,"column":8},"end":{"line":42,"column":9}},"21":{"start":{"line":41,"column":12},"end":{"line":41,"column":73}},"22":{"start":{"line":43,"column":8},"end":{"line":43,"column":44}},"23":{"start":{"line":45,"column":8},"end":{"line":45,"column":57}},"24":{"start":{"line":50,"column":4},"end":{"line":58,"column":5}},"25":{"start":{"line":51,"column":30},"end":{"line":51,"column":75}},"26":{"start":{"line":52,"column":8},"end":{"line":54,"column":9}},"27":{"start":{"line":53,"column":12},"end":{"line":53,"column":73}},"28":{"start":{"line":55,"column":8},"end":{"line":55,"column":73}},"29":{"start":{"line":57,"column":8},"end":{"line":57,"column":57}}},"fnMap":{"0":{"name":"(anonymous_0)","decl":{"start":{"line":5,"column":2},"end":{"line":5,"column":3}},"loc":{"start":{"line":5,"column":31},"end":{"line":14,"column":1}},"line":5},"1":{"name":"(anonymous_1)","decl":{"start":{"line":16,"column":0},"end":{"line":16,"column":1}},"loc":{"start":{"line":16,"column":28},"end":{"line":23,"column":1}},"line":16},"2":{"name":"(anonymous_2)","decl":{"start":{"line":25,"column":0},"end":{"line":25,"column":1}},"loc":{"start":{"line":25,"column":30},"end":{"line":35,"column":1}},"line":25},"3":{"name":"(anonymous_3)","decl":{"start":{"line":37,"column":0},"end":{"line":37,"column":1}},"loc":{"start":{"line":37,"column":29},"end":{"line":47,"column":1}},"line":37},"4":{"name":"(anonymous_4)","decl":{"start":{"line":49,"column":0},"end":{"line":49,"column":1}},"loc":{"start":{"line":49,"column":29},"end":{"line":59,"column":1}},"line":49}},"branchMap":{"0":{"loc":{"start":{"line":28,"column":8},"end":{"line":30,"column":9}},"type":"if","locations":[{"start":{"line":28,"column":8},"end":{"line":30,"column":9}},{"start":{},"end":{}}],"line":28},"1":{"loc":{"start":{"line":40,"column":8},"end":{"line":42,"column":9}},"type":"if","locations":[{"start":{"line":40,"column":8},"end":{"line":42,"column":9}},{"start":{},"end":{}}],"line":40},"2":{"loc":{"start":{"line":52,"column":8},"end":{"line":54,"column":9}},"type":"if","locations":[{"start":{"line":52,"column":8},"end":{"line":54,"column":9}},{"start":{},"end":{}}],"line":52}},"s":{"0":1,"1":1,"2":0,"3":0,"4":0,"5":0,"6":0,"7":0,"8":0,"9":0,"10":0,"11":0,"12":0,"13":0,"14":0,"15":0,"16":0,"17":0,"18":0,"19":0,"20":0,"21":0,"22":0,"23":0,"24":0,"25":0,"26":0,"27":0,"28":0,"29":0},"f":{"0":0,"1":0,"2":0,"3":0,"4":0},"b":{"0":[0,0],"1":[0,0],"2":[0,0]},"_coverageSchema":"1a1c01bbd47fc00a2c39e90264f33305004495a9","hash":"2613f0f0f306779327426a607d4480bf7dfdd2d3","contentHash":"5c42541d43ffb72fcb43c4e1190ce2ed9b9f2daf67f7b5a7602e65c9407d5d38"},"C:\\elkindy-backend\\models\\ticket.js":{"path":"C:\\elkindy-backend\\models\\ticket.js","statementMap":{"0":{"start":{"line":1,"column":17},"end":{"line":1,"column":36}},"1":{"start":{"line":2,"column":15},"end":{"line":2,"column":30}},"2":{"start":{"line":4,"column":21},"end":{"line":35,"column":2}},"3":{"start":{"line":37,"column":0},"end":{"line":37,"column":56}}},"fnMap":{},"branchMap":{},"s":{"0":1,"1":1,"2":1,"3":1},"f":{},"b":{},"_coverageSchema":"1a1c01bbd47fc00a2c39e90264f33305004495a9","hash":"b517d2b2ad9ce174d28f75e57b406600118fd9eb","contentHash":"9edb70d5214a3e8557e1e87f5e3bafe539c37b5c4b2b445524bf81e83fc3088c"},"C:\\elkindy-backend\\routes\\reservationRoutes\\reservationRoutes.js":{"path":"C:\\elkindy-backend\\routes\\reservationRoutes\\reservationRoutes.js","statementMap":{"0":{"start":{"line":1,"column":16},"end":{"line":1,"column":34}},"1":{"start":{"line":2,"column":15},"end":{"line":2,"column":31}},"2":{"start":{"line":3,"column":30},"end":{"line":3,"column":102}},"3":{"start":{"line":7,"column":0},"end":{"line":7,"column":72}},"4":{"start":{"line":8,"column":0},"end":{"line":8,"column":68}},"5":{"start":{"line":9,"column":0},"end":{"line":9,"column":74}},"6":{"start":{"line":10,"column":0},"end":{"line":10,"column":78}},"7":{"start":{"line":11,"column":0},"end":{"line":11,"column":81}},"8":{"start":{"line":13,"column":0},"end":{"line":13,"column":24}}},"fnMap":{},"branchMap":{},"s":{"0":1,"1":1,"2":1,"3":1,"4":1,"5":1,"6":1,"7":1,"8":1},"f":{},"b":{},"_coverageSchema":"1a1c01bbd47fc00a2c39e90264f33305004495a9","hash":"5f68dc796ed48ed2464a14ae68103db0b3caf73b","contentHash":"f247c2c99abf7a3090bab9712af657d533b5903de1e557bbc442c55d4343bc73"},"C:\\elkindy-backend\\controllers\\reservationController\\reservationController.js":{"path":"C:\\elkindy-backend\\controllers\\reservationController\\reservationController.js","statementMap":{"0":{"start":{"line":1,"column":20},"end":{"line":1,"column":55}},"1":{"start":{"line":3,"column":0},"end":{"line":61,"column":4}},"2":{"start":{"line":5,"column":4},"end":{"line":12,"column":5}},"3":{"start":{"line":6,"column":32},"end":{"line":6,"column":40}},"4":{"start":{"line":7,"column":31},"end":{"line":7,"column":63}},"5":{"start":{"line":8,"column":8},"end":{"line":8,"column":36}},"6":{"start":{"line":9,"column":8},"end":{"line":9,"column":45}},"7":{"start":{"line":11,"column":8},"end":{"line":11,"column":57}},"8":{"start":{"line":16,"column":4},"end":{"line":21,"column":5}},"9":{"start":{"line":17,"column":29},"end":{"line":17,"column":53}},"10":{"start":{"line":18,"column":8},"end":{"line":18,"column":43}},"11":{"start":{"line":20,"column":8},"end":{"line":20,"column":57}},"12":{"start":{"line":25,"column":4},"end":{"line":33,"column":5}},"13":{"start":{"line":26,"column":28},"end":{"line":26,"column":69}},"14":{"start":{"line":27,"column":8},"end":{"line":29,"column":9}},"15":{"start":{"line":28,"column":12},"end":{"line":28,"column":78}},"16":{"start":{"line":30,"column":8},"end":{"line":30,"column":42}},"17":{"start":{"line":32,"column":8},"end":{"line":32,"column":57}},"18":{"start":{"line":37,"column":4},"end":{"line":45,"column":5}},"19":{"start":{"line":38,"column":35},"end":{"line":38,"column":110}},"20":{"start":{"line":39,"column":8},"end":{"line":41,"column":9}},"21":{"start":{"line":40,"column":12},"end":{"line":40,"column":78}},"22":{"start":{"line":42,"column":8},"end":{"line":42,"column":49}},"23":{"start":{"line":44,"column":8},"end":{"line":44,"column":57}},"24":{"start":{"line":49,"column":4},"end":{"line":57,"column":5}},"25":{"start":{"line":50,"column":35},"end":{"line":50,"column":85}},"26":{"start":{"line":51,"column":8},"end":{"line":53,"column":9}},"27":{"start":{"line":52,"column":12},"end":{"line":52,"column":78}},"28":{"start":{"line":54,"column":8},"end":{"line":54,"column":78}},"29":{"start":{"line":56,"column":8},"end":{"line":56,"column":57}}},"fnMap":{"0":{"name":"(anonymous_0)","decl":{"start":{"line":4,"column":2},"end":{"line":4,"column":3}},"loc":{"start":{"line":4,"column":36},"end":{"line":13,"column":1}},"line":4},"1":{"name":"(anonymous_1)","decl":{"start":{"line":15,"column":0},"end":{"line":15,"column":1}},"loc":{"start":{"line":15,"column":33},"end":{"line":22,"column":1}},"line":15},"2":{"name":"(anonymous_2)","decl":{"start":{"line":24,"column":0},"end":{"line":24,"column":1}},"loc":{"start":{"line":24,"column":35},"end":{"line":34,"column":1}},"line":24},"3":{"name":"(anonymous_3)","decl":{"start":{"line":36,"column":0},"end":{"line":36,"column":1}},"loc":{"start":{"line":36,"column":34},"end":{"line":46,"column":1}},"line":36},"4":{"name":"(anonymous_4)","decl":{"start":{"line":48,"column":0},"end":{"line":48,"column":1}},"loc":{"start":{"line":48,"column":34},"end":{"line":58,"column":1}},"line":48}},"branchMap":{"0":{"loc":{"start":{"line":27,"column":8},"end":{"line":29,"column":9}},"type":"if","locations":[{"start":{"line":27,"column":8},"end":{"line":29,"column":9}},{"start":{},"end":{}}],"line":27},"1":{"loc":{"start":{"line":39,"column":8},"end":{"line":41,"column":9}},"type":"if","locations":[{"start":{"line":39,"column":8},"end":{"line":41,"column":9}},{"start":{},"end":{}}],"line":39},"2":{"loc":{"start":{"line":51,"column":8},"end":{"line":53,"column":9}},"type":"if","locations":[{"start":{"line":51,"column":8},"end":{"line":53,"column":9}},{"start":{},"end":{}}],"line":51}},"s":{"0":1,"1":1,"2":0,"3":0,"4":0,"5":0,"6":0,"7":0,"8":0,"9":0,"10":0,"11":0,"12":0,"13":0,"14":0,"15":0,"16":0,"17":0,"18":0,"19":0,"20":0,"21":0,"22":0,"23":0,"24":0,"25":0,"26":0,"27":0,"28":0,"29":0},"f":{"0":0,"1":0,"2":0,"3":0,"4":0},"b":{"0":[0,0],"1":[0,0],"2":[0,0]},"_coverageSchema":"1a1c01bbd47fc00a2c39e90264f33305004495a9","hash":"9c5afbb6ecde6ea0950735c1f1d9b4d8c5a72aa0","contentHash":"1625ac6e1f5b6191cc272319c21e6717f277b64336e92d9d4ebb2d39151162e6"},"C:\\elkindy-backend\\models\\reservation.js":{"path":"C:\\elkindy-backend\\models\\reservation.js","statementMap":{"0":{"start":{"line":1,"column":17},"end":{"line":1,"column":36}},"1":{"start":{"line":2,"column":15},"end":{"line":2,"column":30}},"2":{"start":{"line":4,"column":26},"end":{"line":25,"column":2}},"3":{"start":{"line":27,"column":0},"end":{"line":27,"column":66}}},"fnMap":{},"branchMap":{},"s":{"0":1,"1":1,"2":1,"3":1},"f":{},"b":{},"_coverageSchema":"1a1c01bbd47fc00a2c39e90264f33305004495a9","hash":"927743eb18afc8e34d09c1e3d7a9165eed7045f2","contentHash":"f25d8e98210bde00f8cb82e6b6b0dfc0c3266a8ab039672dff7d39bf7f77a28f"}}