TN:
SF:app.js
FNF:0
FNH:0
DA:3,1
DA:4,1
DA:5,1
DA:6,1
DA:7,1
DA:8,1
DA:9,1
DA:10,1
DA:11,1
DA:14,1
DA:15,1
DA:16,1
DA:18,1
DA:19,1
DA:24,1
DA:25,1
DA:27,1
LF:17
LH:17
BRF:0
BRH:0
end_of_record
TN:
SF:config\logger.js
FN:21,(anonymous_0)
FNF:1
FNH:0
FNDA:0,(anonymous_0)
DA:1,1
DA:3,1
DA:12,1
DA:13,1
DA:20,1
DA:22,0
DA:26,1
LF:7
LH:6
BRDA:12,0,0,1
BRDA:12,0,1,0
BRF:2
BRH:1
end_of_record
TN:
SF:config\mongoose.js
FN:9,(anonymous_0)
FN:16,(anonymous_1)
FN:20,(anonymous_2)
FNF:3
FNH:2
FNDA:1,(anonymous_0)
FNDA:1,(anonymous_1)
FNDA:0,(anonymous_2)
DA:1,1
DA:2,1
DA:3,1
DA:4,1
DA:5,1
DA:6,1
DA:9,1
DA:10,1
DA:13,1
DA:16,1
DA:17,1
DA:20,1
DA:21,0
DA:24,1
LF:14
LH:13
BRF:0
BRH:0
end_of_record
TN:
SF:config\vars.js
FNF:0
FNH:0
DA:1,1
DA:2,1
DA:6,1
LF:3
LH:3
BRF:0
BRH:0
end_of_record
TN:
SF:controllers\instrument.controller.js
FN:9,(anonymous_0)
FN:29,(anonymous_1)
FN:53,(anonymous_2)
FN:84,(anonymous_3)
FNF:4
FNH:2
FNDA:2,(anonymous_0)
FNDA:2,(anonymous_1)
FNDA:0,(anonymous_2)
FNDA:0,(anonymous_3)
DA:1,1
DA:5,1
DA:6,1
DA:7,1
DA:10,2
DA:11,2
DA:13,2
DA:14,2
DA:17,1
DA:23,1
DA:24,1
DA:30,2
DA:31,2
DA:32,2
DA:33,2
DA:43,0
DA:47,2
DA:50,2
DA:54,0
DA:55,0
DA:56,0
DA:57,0
DA:58,0
DA:59,0
DA:60,0
DA:61,0
DA:62,0
DA:63,0
DA:64,0
DA:66,0
DA:67,0
DA:68,0
DA:70,0
DA:71,0
DA:77,0
DA:80,0
DA:81,0
DA:85,0
DA:86,0
DA:89,0
DA:90,0
DA:93,0
DA:96,0
DA:97,0
DA:102,0
DA:106,1
LF:46
LH:18
BRDA:15,0,0,2
BRDA:15,0,1,2
BRDA:59,1,0,0
BRDA:59,1,1,0
BRDA:62,2,0,0
BRDA:62,2,1,0
BRDA:86,3,0,0
BRDA:86,3,1,0
BRF:8
BRH:2
end_of_record
TN:
SF:docs\swaggerDoc.js
FN:33,(anonymous_0)
FNF:1
FNH:1
FNDA:1,(anonymous_0)
DA:1,1
DA:2,1
DA:4,1
DA:32,1
DA:33,1
DA:34,1
LF:6
LH:6
BRF:0
BRH:0
end_of_record
TN:
SF:middlewares\cors.js
FNF:0
FNH:0
DA:1,1
DA:3,1
DA:8,1
LF:3
LH:3
BRF:0
BRH:0
end_of_record
TN:
SF:models\instrument.js
FNF:0
FNH:0
DA:1,1
DA:2,1
DA:48,1
LF:3
LH:3
BRF:0
BRH:0
end_of_record
TN:
SF:routes\instrument.route.js
FNF:0
FNH:0
DA:1,1
DA:2,1
DA:4,1
DA:5,1
DA:10,1
DA:12,1
DA:13,1
LF:7
LH:7
BRF:0
BRH:0
end_of_record
TN:
SF:utils\formatQueries.js
FN:1,formatSort
FNF:1
FNH:1
FNDA:2,formatSort
DA:2,2
DA:3,0
DA:4,0
DA:11,0
DA:20,2
DA:27,1
LF:6
LH:3
BRDA:2,0,0,0
BRDA:2,0,1,2
BRDA:3,1,0,0
BRDA:3,1,1,0
BRF:4
BRH:1
end_of_record
TN:
SF:utils\pipelines.js
FN:4,(anonymous_0)
FN:18,(anonymous_1)
FN:30,(anonymous_2)
FNF:3
FNH:2
FNDA:2,(anonymous_0)
FNDA:0,(anonymous_1)
FNDA:2,(anonymous_2)
DA:1,1
DA:2,1
DA:4,1
DA:5,2
DA:12,2
DA:13,0
DA:15,2
DA:18,1
DA:19,0
DA:25,0
DA:28,1
DA:30,1
DA:31,2
DA:56,2
DA:57,0
DA:59,2
DA:61,2
DA:62,0
DA:65,2
DA:69,2
LF:20
LH:15
BRDA:12,0,0,0
BRDA:12,0,1,2
BRDA:56,1,0,0
BRDA:56,1,1,2
BRDA:61,2,0,0
BRDA:61,2,1,2
BRDA:65,3,0,2
BRDA:65,3,1,0
BRF:8
BRH:4
end_of_record
